207
283
168
253
309
223
232
269
309
252
21
83
74
223
247
157
294
20
308
313
315
21
201
309
315
290
182
269
168
197
223
205
283
314
85
279
283
269
309
224
283
21
158
307
49
307
254
237
266
17
223
261
291
290
232
280
213
152
233
308
85
150
311
272
282
316
116
292
52
226
38
72
260
200
13
245
232
312
210
308
123
53
293
308
232
252
314
155
189
316
9
205
67
309
32
21
291
72
230
232
106
232
216
15
181
314
308
145
211
282
246
190
166
266
13
168
269
252
13
223
190
304
304
311
157
311
183
269
27
195
299
271
41
283
237
53
237
290
285
113
291
265
309
195
113
23
132
169
271
313
223
303
300
167
216
260
85
285
218
182
90
267
123
32
246
145
315
254
283
306
299
269
85
111
9
187
262
21
39
17
160
235
316
314
316
209
308
257
128
114
311
307
307
150
212
53
32
174
67
256
221
245
85
149
301
313
292
260
237
263
67
155
15
239
190
252
41
232
67
113
239
174
209
316
146
67
14
262
316
161
153
149
151
254
237
82
254
113
167
263
67
308
306
67
271
39
221
