311
153
289
91
257
110
289
311
188
244
61
222
286
310
272
199
65
24
41
66
300
296
87
255
283
285
70
18
195
214
247
150
260
61
145
308
179
291
108
216
282
300
256
91
290
138
211
316
23
296
278
197
283
228
274
110
29
14
228
315
245
243
271
170
252
278
316
152
117
112
91
129
197
130
309
18
192
127
260
66
197
188
296
291
108
168
315
135
189
278
62
289
65
239
109
311
207
96
193
303
51
263
203
300
280
109
231
77
192
289
177
290
286
310
252
153
296
154
247
189
179
263
39
310
295
225
27
68
188
316
298
174
153
140
220
256
62
314
22
234
57
245
173
22
310
207
290
266
108
314
163
278
274
219
51
36
41
261
298
315
255
246
232
222
108
256
257
97
274
207
228
260
175
271
286
60
127
238
278
84
192
273
196
238
303
238
263
128
117
29
300
297
64
