1725
1855
104
1701
1298
1028
1081
1802
1342
1710
806
794
1716
1901
1812
1728
1276
1678
928
1521
1435
1119
160
1144
642
796
1466
1978
794
1908
1692
1469
1761
1997
1370
1550
660
1828
1942
2000
1959
1852
728
1350
339
1567
1047
393
610
48
1851
1260
992
273
1705
1243
791
615
1544
1994
1509
1722
1905
1970
873
926284122
819
1637
656
1743
1585
1996
942820368
1049
878
1899
1435
1584
759
1861
1827
913
319
1077
1798
1250
1732
1187
1685
1187
1530
1958
1855
1684
473272580
1685
1756
508
948823207
1206
1899
1482
1140
359
994
928
1512
1146
961
1469
1345
358
1099
312
1648
1933
808
1005
171
739
1491
1712
1933
1381
1436
1966
1798
1709
1777
1991
1790
563
1551
1773
1490
1920
913
1886
1962
1074
431
1799
1553
1395
1956
1146
1373
271
1615
657
492
15102034
1386
815572797
1575
1591
1768
1063
924
1999
7
515486747
1634
98
1858
854
761
1550
1732
1327
1278
1350
75
644
1703
1924
654
1048
1278
1936
1860
1339
1002
1068
1587
275442048
883
574
1140
1619
125
643
1409
1147
1763
1277
879
1937
705
663
1634
565335627
1854
948593308
1859
1788
94
1430
1282
1883
508
1318
1591
1928
563
1780
1405
1279
766485263
618
760
926
978
206
790
1550
925
757197052
1637
1424
30
1844
1992
673149684
1682
1304
1621
1335
1207
229
1788
1951
1480
787171846
1680
880
94
808
1488
171
500987545
928
1860
1517
791
