96661
985383041
788064486
76330550
510348216
99454
587618240
662342916
937235546
535115696
414012910
36209
436256066
606065240
62587
86751
18776
599733744
165863620
401770657
382103133
11580074
418704218
243165068
787183904
293531184
1913
11449
67534439
233996565
1842
816721226
327060648
48975870
200874539
255035608
692557398
526396206
7210
718954859
238170168
308900731
316159897
37419451
98409
198019057
536299084
752286600
260572774
562677217
284767700
342965400
22597
27723
451076510
892110753
689124686
657035534
397639117
690977374
253397245
75249
718685069
464149289
42430
98229447
937683265
808432468
184026738
275603726
121559623
183731979
840745685
950621794
400514595
109304574
858053142
222188263
546656963
976344968
185860627
632926942
434841761
64668651
128157536
281522408
502728364
190777140
46199285
952436442
516
874514991
760882220
366359731
697987614
184214425
356544149
581256384
228096527
908124033
299556582
496700257
334964330
121427938
34451
849114719
552912309
777449561
82566
986028172
40924
516674162
222487791
537353336
158724336
432764803
805444549
891937269
273595465
171190943
767975037
597233662
773199363
284880322
288824812
7504917
686911556
55730019
93196
88021
22425
856145535
270023587
820134424
697490509
259520795
946637282
91794
27089
713483554
424183040
89574
751836460
820315462
3446
66532657
63527049
240046650
947678738
198278194
980072142
382981794
288242325
49288365
96418
833819085
59502
767507238
843770809
30154
42240
489160863
967093432
753779346
749684372
833085733
882095078
728728399
434972290
974803733
887213601
605528808
162
70299
846158278
955457709
308989418
455992910
826769847
616049092
110685810
991562751
32595
871517456
172658934
35937774
512562811
886717158
469194641
74321
553430750
44495
9543
994028073
76625538
606053899
878937754
633294513
78441
221420546
855859344
303112171
852121330
570811513
72483
415911711
385223362
954491200
159248473
36429197
99834
59225858
99982744
739762736
972707303
358062566
426417553
23170
675858366
682554371
703740829
435926558
636723702
65806
889829031
13540
59278579
351849171
478647356
889691931
870208197
612397252
588232954
409222703
664358342
47028
167638662
234439291
195176215
954699771
524033079
639312126
82396
28828
968618826
374326587
11807
587961898
315674980
866653979
983679736
79200
80557
983855187
52084
861281419
844221649
469833379
874329392
636130664
5569
67
291534679
383149843
40055
450675610
58547
85237
96602854
903348518
750313407
713087871
79844
84558688
722219861
17914943
766022125
899355692
420853319
798591259
32291
836225705
32322585
584846954
867670597
340431550
90058370
515274573
67413
340914806
86895
327116911
870083998
30623
198548535
54079
144143757
743294914
380392546
529858344
63853086
490621403
403721453
246521023
943670887
857688915
829860939
1493
82513
444426252
503501245
73479
52732941
827546003
206305621
523335142
754536943
65665080
47102
891727721
578511846
226516926
217393031
895012561
949267877
413284247
249703495
876698576
742295727
71828058
293346839
626941534
803520224
418666199
60086407
628951854
965151677
771949542
81213498
208225470
241736101
87586423
136930576
84997
980118973
47812
292124765
527504257
308622447
633619630
821815392
995712132
931646145
345202626
883197430
601644712
788064486
484925751
445429493
220135899
36621
99611
90661332
199899207
806767315
548629959
536800930
490868118
93363
911907050
581212725
30273925
656930165
502533283
553909239
487678856
88882274
217277737
507721971
656642063
384331968
10148
288332674
865902002
87595
60208
293376047
855336573
920770222
303886517
887507659
669889311
949518559
672057640
47583
784929187
627761988
93211
483316523
2663129
80110
99570
17765129
187480517
193617050
507635943
412914481
880911742
805768257
567874497
21303
453209541
5114793
24920
504347787
967230921
233891899
286728220
559980776
102747691
388910109
994232115
405660854
252417701
14556222
87995
14427
482638021
461328660
203303995
46673
345810218
97422
713219624
710748219
50653
320705954
263690593
456147756
236956019
170438404
64611
950883902
51075
121711290
446785244
80509
182455427
159563771
576177220
864159421
757690544
265832563
879581645
290258531
174589934
237406566
483477322
640655540
557317899
977572978
270324973
66711
51282
695250164
447486574
58364
17172
4313859
544332942
981303128
598252754
869469729
911470937
398687344
489986404
582702229
333292724
287057008
692221845
228066888
604139147
274635641
648174105
420301725
815346591
704116841
14777871
635457470
772097445
422219049
996084149
487783315
54145
159482683
43624
295683567
3593
47042768
472140585
95433
731771008
987020813
548948472
450754906
15051
137421145
2409
244875019
498344253
68831
214140821
429319523
617781015
363843065
20898
742861913
649244718
344032829
820269592
41053
139926336
62684228
519679223
671317235
89054328
369337735
42373
35082988
545134088
540480997
143269748
832660833
155855486
225345305
433735544
158664804
27356046
499267
38796427
707407581
798122872
294386069
611324833
363517772
299728366
45138595
353038570
455668065
502398899
13401
615031324
988521561
493743383
495736677
1460
673450195
247422714
822573831
162050026
180995486
199743557
142549289
95581
55842
140392655
414136531
618376451
252914768
796507957
56558
582952248
773743170
89167
358865621
743402052
399062284
550221646
278111867
390560325
690692677
836271578
705340835
149463257
71107702
49696
925613564
38256847
62646
667755771
380434796
75999
752949154
570175312
25208310
236207295
186184108
761978156
506553577
37010041
558816477
49246573
24505
613340161
129776949
651519376
766401947
742330169
427809779
161907414
705882664
585640885
682805230
775799222
798531716
425918768
648571195
449463283
43569606
991528001
69146042
723001394
752719539
16059
597923429
783387668
668799450
278019103
630662392
398899881
168323038
90529
916468379
400087594
522501596
25094
525604310
32029
831061352
170430370
391035235
371231030
23054
849165467
752787449
911321706
756673665
40138000
695771752
617453887
723174970
240808280
207
501110076
752582560
325107410
931994851
661914299
67629
151860847
43249
42969
163895542
134669608
363242502
847514595
857060768
909563712
925336812
830864213
70038
660943698
66072
200830327
267663405
350128591
882683435
418404696
501037107
312061188
804859639
117232872
55719469
477335076
530886694
268913171
112750655
905083653
646165629
738584210
634983397
42
15852
50726
308554740
609897419
654942715
93199
534754638
485347056
5252
208137464
208003140
787999201
315546547
427565093
106033944
83065461
628706464
209136889
442607874
771902759
567963777
24528
653079418
793432453
494895861
23026018
461172525
841145456
819653934
253335213
529477800
502260643
138908388
235441005
556162356
326330862
31729
709103000
6226352
257776386
205186290
628882270
793310317
489008702
43720722
262513167
866662821
182525242
91774
554554971
399550010
86750
903792640
318433873
841082876
824565684
906337761
839635626
77047
344328595
330183575
429621164
449520912
633087696
586357722
12198
58695
6944
924874568
401918288
148548995
666848263
606623179
16072
994840607
403875345
732832435
81029
435655870
434961801
724234013
8222
494579408
223478373
515385707
6171
172765052
41071
7065
6397
90103
670353198
54419
751161135
26784210
674086555
678049837
956693720
925930361
849095652
528038422
779817525
484826282
610480129
404909339
50875612
761369455
483191886
89141798
855351142
514927906
253967057
912502166
854757291
493014396
495568067
210286232
208048510
425783400
39181687
999933794
42544
864793892
248357714
48331058
282459933
60730121
651160964
43883690
335109730
891166211
136467522
494
614710922
68934
802170615
79744
103765026
297197697
842915042
546860985
834409081
38073
56193797
7024
447377522
126895066
443204851
476315362
21566
61983
485087185
318596622
273174810
349144263
42445
242776639
765134696
443311491
709930693
905690105
323385451
91238836
108703388
31933283
97960
519436335
191984715
236429350
598857469
670009849
14622
548940809
799717400
631536375
925379638
27463
935898241
510634545
177856667
9447105
470915432
29503
28490
310513006
65720340
414820927
1065811
435298303
801880899
2490401
492686106
576176301
357428075
709924762
71249
345294096
717798441
89452
140997470
925520083
508713631
709940903
251163801
739105733
63199
946115088
735784549
514106912
458408067
678311975
988690241
792533010
274434696
655582657
890801986
814523226
952114923
14847
922526601
827215401
285775089
895024816
102862885
411550413
64180
373276895
573229957
565065231
344575946
148915086
48882
337700178
713087871
85625698
916932858
118646565
821395724
610991943
621686260
39421524
549356235
674605371
731009342
44837
783004405
92098765
437619727
597824867
67869716
126769369
792602356
389748813
529508395
837643569
861020658
30852471
83699
201156952
12286
30014
125569545
143543958
545797735
271302674
160334221
843308381
198042470
44589296
30786
373560975
864848841
66745
741201910
613629912
400373136
267610724
308477840
809392285
380855857
675676493
498776998
978378573
435329934
971671896
983625088
372373593
25224595
160755431
206410502
888424429
563596140
80614266
554534680
906258949
18340325
980143416
560480933
16949
592517404
307202207
942655212
6547
99669
809717074
706601535
657756567
148814386
982600819
571237378
973984771
574267914
448219281
42642
81278999
76522
752787259
52365669
898020878
159082581
501973292
79160
95105220
36026
8554
686269565
218723895
968084877
71531053
463867420
66468
78549
983574142
917482436
638314974
526610179
34797302
31807
762298822
339323771
121702460
341376976
934111264
634614029
583549424
718803825
387168075
106284707
345437982
934230028
924957852
62
679814564
991503762
465033202
357505487
557649254
948578717
786056992
402800046
172265570
849677117
790409905
677726929
59358
831763990
748789808
245264390
613966590
440119696
833218155
984172025
36142
898043692
61548
191845785
189681965
658238388
53736
591934328
809874173
662352406
245087257
226153065
935232143
41588126
17268
171907383
545342493
499213951
243471029
174578533
32168301
371717002
119315585
323157197
483239287
162841776
350699231
797254805
18205701
75661
448359445
48089233
316938533
16596100
592261973
997376574
646438924
442383072
31330
831421260
855307429
81099375
529490676
983375107
18449
572497420
206080358
252641980
425466138
731015801
719178485
213698400
457150171
574343398
165109660
392822506
78071434
8112
65283676
1945683
474865991
92644
703899192
349912868
168084756
952826795
1579
650506674
926665236
7093
709948370
417943535
319786775
138452223
148580064
614193896
54308
821468884
557079789
21187047
334660354
863085379
44122
731494405
767421491
633251866
594542134
40552002
625360045
576176301
907569919
607268329
851935780
590654518
879645199
147336065
194468901
976237408
94139018
917140151
432352246
423086395
462027986
491154382
11998
677912373
872964302
486957978
434534818
819958178
78985
168407084
317330377
732274251
395765258
7862
805337664
837273489
968964046
208137464
813711572
502409756
462642196
299586315
403971742
467171992
212981581
395836220
753614369
509194656
311438406
14863494
344486740
987713297
980658996
313012594
972123408
338188297
37395
986173461
60476133
426044594
481338349
888281861
101795969
55034
836248582
876924466
358228544
351348050
421434680
602835731
132489335
573282342
411743725
761212513
315045353
742647940
111969078
25340086
12846
856896477
382030157
799247692
271907050
841499685
285228117
10193
327487040
699377706
534602136
256152500
400955503
804581122
166294552
365424095
786151570
421713890
955623398
753482032
111104401
14162
812404107
75584
794150203
580997776
32869
642100515
394236986
49362312
273368052
444019234
347223999
53002675
541753024
556954875
220123361
139103809
46504043
79660517
29422284
25742
73682916
546860985
164630441
535784298
104197630
682517840
179946615
417931739
476672307
752582560
25739873
242606911
84232
11832540
333973290
170084313
457383709
141471635
6460508
753558412
351008469
90759
260185305
26175932
27634751
25114493
49673
48276
596898791
38155336
43138
352506212
379988538
96142
232948262
183847170
170430239
191904263
554979574
955963779
171669
729119060
786263720
124459233
635940761
90926
29985
679258756
967355904
307098801
894613398
14764508
28789
62197
425918768
47118
533497626
954795802
314178003
213204629
59346
891917785
237712747
17009174
355612209
806813750
18005
28737986
868301120
626379442
707222190
351682083
420895132
338054465
44316
515998064
995078079
67821
34578
799749166
606817486
920250822
73665
869512882
334610715
150881328
346871054
425251997
322422233
431364216
834947372
748076789
50969
357633968
809353942
22068
770072343
135577453
105487803
743357554
596843542
248699909
17792
466125965
117032415
865392907
93878
90386959
828646018
440384978
249142292
427714225
932888577
458560981
630655763
713466190
272822350
548109051
69515
846211156
966892248
34879
608635738
799772718
665304376
34028929
532090091
4666
493131604
346569103
860305778
92861
895624251
664822811
375257856
624347634
51733
894158801
791829052
552433158
491127190
833531646
137173269
797916558
656774949
70436
61078
95288
564921570
212115580
734559220
46555
59987
12690
86066
485822927
51178715
820910572
830594187
735727103
243712454
771246990
844176715
55318
370900445
614662338
52069
216497402
549177187
202449495
561390231
163388476
65610
848715169
501941487
30851481
671939042
51394
487589362
746676016
596159744
907189674
531934600
369281450
262883598
344119019
665644740
17360222
294598855
372474560
38332
639956862
84785943
853321885
24905
507824915
309119308
63196
61800780
340499427
624862837
378817207
230972746
857740708
613401344
25979
767906745
73299
59129
835973885
992754034
773525205
444814097
783164961
446701419
242909556
37351
64889
222271596
249709140
806127501
154128028
535898153
885838259
213201923
554797623
404150030
264044324
496700257
427076926
52945
676359297
848748893
964647489
573883798
115031981
43920672
742090118
17649
968772878
496600594
380414370
81293
363517772
703158196
85966
48321301
583632179
83679
843946582
898925645
461792261
737037030
970004296
24024441
985842081
136340168
516462123
233116443
99142075
930291511
337649024
215433819
902127025
556559212
33124227
994387661
919119802
495048125
113831516
25764446
469780377
59057
442101360
67821
703540080
80382
611513189
443816878
934808436
45451
373999000
752850528
730063636
652
96680
643816020
294099869
26123567
540094326
266965553
7399
785922511
96745978
997220795
545797735
639207272
753689484
510073668
621317964
724799547
283267227
984979165
513047143
739117875
30697412
26478
171075369
768128563
409345622
51617791
614394922
944908834
447948789
821071209
634853428
56906
352510985
16328
73539
153918713
810598505
82545112
395206358
894415841
640267006
38810
109742608
372698992
335842067
673307932
4714
29881
477459800
40845
810511569
627873182
912440763
10262
620298054
437467701
74928
851171540
561255915
193417084
194946139
869674779
894336804
228648723
511713574
423417313
367227904
328681044
479761228
538230364
289530342
713096597
48852
669726291
417212972
468721529
362957271
461430547
778751409
340312465
859458546
56228531
668895436
32151440
665428833
568257167
769801856
47270
138506660
162108678
685955842
29716
926262824
147786898
364024729
378070612
6226
786651967
112215477
915016204
494116520
270219059
27207
789875041
755820468
930731050
300208861
812825625
146902332
137972182
793310317
281230157
611776545
107152651
315546547
643000973
900237203
6561172
570933037
37946284
741218557
106200830
440606794
566333624
771726986
951662859
838765818
89116
84538714
102490813
77805895
422841710
204870930
69809
765468519
544529652
542932686
513511286
831702736
781877417
421354985
711321267
829410964
83769
168036575
190916926
8312
21832
49425
402393174
225150607
844948812
65370
352772040
696651001
58918
54308
509031239
285632324
687337540
810162630
949421021
618376451
207907196
297457111
64265
15755
324300864
892692478
630173765
135280434
938740424
35888271
969830542
526220196
152457845
993813404
476228995
291564627
51392
11754
90532
30745
411781834
160918800
36510
458901019
17267036
369813654
464027756
28443615
801953629
47235186
823523027
779188867
37565104
201003299
548456041
548166301
159366327
902672705
821703376
734536081
295652836
246639100
168125971
40362192
92779
700849320
645518773
948829439
599572983
316706064
407463729
181582032
872908156
922326961
46079
693368755
43206
840745685
81250
417934376
30659270
57919412
43497050
116460577
3938
390187247
523612796
696619567
266697847
59259450
71440
5883
451676148
644620178
655424824
97603
137085041
99890
745648540
325936355
197688246
277736555
221691115
30489
85400189
297529403
930530905
489
58828
199688204
114858525
91045
978961042
991374359
579351925
704248919
426523601
63168
980732896
133505658
605954395
98757
453454991
323434751
134423619
91883185
339672208
796535198
637571068
310472577
61329682
92018
586239284
715433369
381120230
698180184
754251541
672273413
31679
384747321
239495187
699610204
42707164
766162463
265416634
566296096
457773092
586570522
26639047
439208104
367473373
36367
99093
940327494
35664
60043610
480498192
92386
316349008
393806920
24649
55054556
263679732
740918735
715119875
619912965
598396033
592169420
810914855
835066031
948965749
749684372
805680091
168254636
983586730
24433
947783381
538490729
4796
72952864
293346839
582919567
440979876
148141924
160833656
317275962
321868818
30771
652212803
554661058
154619259
53598009
462797231
439557769
683378909
64121
62186
603517144
602196810
209655652
538647792
100819465
70209
756976176
86479
599087734
369667354
897767057
808443978
22946
484507827
447793796
406634161
135103714
905666084
43370
866213396
483446458
200281962
479756678
778077253
752341060
43027041
177755953
994667780
518989081
25692602
4936
313661996
190266183
295403550
383079582
173137165
736717593
285686699
53273
339083489
407345458
382393475
952449385
403533795
58650
157740899
708468191
999568696
216282079
103019263
58954
637176466
934906433
293059218
927004481
301564749
932881669
698195276
365938860
820961204
718954859
613033259
441603561
35642
322385354
207188614
571285796
402447102
263489019
752044665
362917931
424286651
973033401
855457618
195988054
308348308
534786595
7350
915709735
771158453
172062159
329015218
753360275
520748686
71924
52883
39405
902200640
176519537
671020434
76595
445104958
845829748
290231640
249205001
19565
895334373
321337640
248912840
992907335
980765758
278614853
491085859
24974265
973237673
76312010
811555117
330541392
44005
65196
858807497
950378489
483737682
574142005
236261889
75119
241078280
665234600
668464266
99850
461884010
651308345
623934215
835333896
260757036
30357494
944907743
926793157
60331
804265950
30811
367790174
20555
727890135
752341060
624976160
908155494
889636830
617453887
67824051
371171744
810421363
751677466
68949431
51239530
562690833
926785893
857602306
58357148
872703225
99273012
900047729
70525
68781
43889021
644377442
118363786
451756927
89815
667141063
119283984
970827508
226750257
912721628
925637026
491766073
894421088
381266841
67547
188054608
172284421
924286839
11461
376778206
680171461
252863363
913269965
40674758
838933431
581480691
3430817
120636860
258716206
739016240
120403997
65441
994607842
5039240
951248169
97143
151255750
74248
822750983
17909
218848014
690838461
720168557
303972401
29801
999719390
225671403
343179022
80772
810071786
892828398
944886543
41453470
707387151
49774321
289160018
299586315
627695578
139483843
373522865
53697
1945683
636356928
27016
729279467
701283699
299680372
206300895
724857907
581388823
588442897
813943831
419691159
227622851
865182718
350442538
228993255
775541640
567194448
490015782
53148
980217053
658694624
851971075
768247849
827023472
118971708
138805603
69195
96796
451502941
548331704
28737986
57297
13367770
205237939
92091
42705526
33064949
63677385
787335690
65364
51906
750940881
242560989
498249109
63524
890423925
43053928
359129175
692705483
522419526
821218447
589427235
54247142
32384831
26419
91077
85897870
362376735
45244115
673065912
434656464
387001166
545143331
956368229
281732164
185819338
442074952
5335
498344253
81560
136349714
960338331
419207820
49608
495231813
32729
99761
55014
778121647
20149
457101892
486005773
416393726
124986288
928733738
19528106
830791174
84091442
173245290
123718137
9395
926145487
208070426
900785065
331056374
517685057
88566
682831194
56042
302322790
502018455
945585479
545865056
762776390
496358859
5612
820258841
25626341
118076570
117731956
737973913
80675
671188524
163426638
354969560
43807
85360068
33374645
30016
6122
809117412
173332827
8020
581600064
11498170
296290929
54367
442090107
38859840
90189230
599897252
193276605
348635552
292986184
502651518
696416182
967419666
291180425
553205916
200139036
502100729
740932148
441208640
830019715
813282262
696388043
368969512
713831829
376067129
189332235
32080794
627810890
255043329
318664440
261584317
948714984
44465
913093379
217061723
874591034
784097063
166860260
137498504
71369
65473
545157427
171321549
376363052
85777722
48112
513526750
19075
583727738
199366075
59317305
526606759
635905453
54783
865677356
42658
118946538
458646157
192671836
601644712
63001624
820816016
856585577
944944635
1121
552299035
551705333
21376118
664079724
75328911
801965666
385989428
981988496
874419316
335122264
476672307
367934209
425420486
311916172
52366495
701219254
555236221
242701734
27431
156015698
84709
61163
89618032
351652903
188547410
863355088
43694507
683566044
882827104
87846284
186775278
127176669
385236470
919600979
56053396
786319313
98019518
577234493
886744105
60817415
966351855
431032591
528437604
297674457
804563955
940843887
538894320
377607668
230439414
484885826
489841998
872015503
867013649
433163471
12719
955193621
151454586
301531169
248311648
946565172
485182973
428736115
168804538
3493
388789346
672755510
962228562
875359095
254946303
462642196
969475749
55341526
599831499
90230
188935297
824416579
716414342
7144
179326745
65907
857648497
34171315
97007
371240403
157216551
851207133
138819392
783226459
10127618
42143
219162776
414255295
221530006
843904293
400943059
854288427
890486888
670000927
17743
584992137
670843386
200724007
874707589
94156136
937247874
690558503
831655674
963043095
36129
868665378
731351928
211152253
998644313
93130965
552347986
388407781
510300799
15543
8660
461746657
892722546
58575
437797412
480372881
901975544
274493059
870491299
23626
631645003
837213952
298027233
391661905
962889948
391309827
211744392
59348264
310910464
488578926
64700
82962
463517363
357151496
646902951
28957800
845295319
57475
727644066
72163
711437005
927433778
687337540
318492271
477092036
477465447
831655674
744934501
6471
344420727
71398
87060
990993364
521839583
408045546
618881557
941934783
409785385
666550654
622745429
889614923
851353346
287485146
44143956
471410124
500277980
660760239
177746903
482904572
371517969
5182225
211004756
304746481
581753962
934757519
263373126
921245481
840390059
95695865
233444677
5695515
93968
694552075
833371720
558976771
21977
21014
8645
968964046
872053374
950401128
830444772
225516963
160027316
952219365
490621403
334746985
7483
6693549
682145703
671673399
75838
102096741
118906228
982837422
291384890
351619303
16279
50824418
666269129
746070334
62335
49978651
227458153
241150356
15079474
61769
632857046
794727427
241193662
71665553
742377325
701678474
69773
81143
430823114
33333
156806522
861362762
903249523
154969537
305553986
13629662
586136966
471799174
470126390
661348271
524398260
776937150
445603017
63585
108312122
581738415
830915053
282559231
966117749
896487090
402205072
977904402
47795
211629758
364011312
257414479
106875130
843267154
994853302
340406527
103787662
157385999
173506052
269395351
759793767
542823699
946433650
579681277
429621164
54414744
945198585
148712908
188204943
815211185
658746019
40922467
191365456
175510966
5356512
738603875
634983397
756070745
323157197
32591
399695786
85012536
302780229
139328355
588156108
28066
882209320
726591417
832254003
6553800
493031730
3454
736744007
19384
580591028
760910609
79854301
87000
704549104
454680285
47280514
366890842
702012566
615313950
452410782
226107772
986573171
41677
426267809
8645
68883198
398738553
311895072
199177165
927745510
86401
117617809
474859418
217424192
315817
127669682
233554697
997753672
694014646
931031394
825296036
841552673
90695706
916696164
442533433
333937047
800463186
443391086
147258074
475310228
298594001
487729958
950711596
912618990
616808173
762990478
892759074
784907811
47189
625333340
649711318
401969933
51305
114564821
59831
303278378
88925713
846713460
810097171
577216428
98575
18854
339353940
967521737
730421377
648700603
196276966
35411
436706159
93661
878439405
322976799
262755835
649643978
712159208
96633430
669399177
69310
578108963
383588982
53506652
46153
82262053
946033886
240976604
297045627
49061
968844953
18156
190916926
435668276
37481
530035684
902519291
420413369
995474480
58915437
941524492
613093648
56366772
671659537
324137852
797582899
734873381
393673737
940739472
661915970
98040
552347986
485529226
689348602
717742367
834983493
68510
51562
286770753
444324528
774068019
923701668
372559263
728790212
791359047
321836977
94847
9711
909999960
31205780
313150549
540489147
34951
64443269
445801187
998678708
135280541
496848315
185373698
790263161
365192211
748076789
613521652
39064
182937878
427462342
522050293
237629057
789851554
389792402
346101806
985982540
329015218
768940290
91303
682663952
325078413
676742010
568262205
50969004
581212437
224505480
980969615
437508106
407547784
845128014
556559212
369155845
39978090
492250311
99526
543368669
246202569
529882262
343712871
66188
79232
19423342
437537555
752259610
442528598
956502799
225704145
892106272
185989608
97884
568874192
312835034
934416052
655013777
218382091
653705189
25906242
642411548
564347048
26093782
550542517
629790890
411632682
326110908
301690345
591091848
550686921
787922450
786600186
124560293
473728906
96992
694858856
43188
698969367
89704730
75696727
953529778
691319469
475874057
922000344
72184
796719047
709877294
975812816
645478081
228546176
113115809
97701221
174119615
229267905
799139067
94060
158811450
694897239
74781028
443871434
530282849
936525312
981398740
575075653
64131
377802913
607151370
15984
920697318
581860321
49778
298925924
896678810
797631264
967622500
327715507
235671612
405731866
777938921
451122164
310710064
901018358
114153300
316782176
108911381
402709774
475198868
146662832
532192921
374339376
858729750
560323124
969562041
261501193
8012
404685587
519016606
452751031
128042795
19132
815176296
724174236
346199784
392427563
761008736
319350841
65064
15593
597293158
99182
54467
450096692
61377
28968
366084457
162602617
521538295
576602683
406767245
178629967
617982131
84275203
447613959
557127464
879104496
260700400
42496165
729032942
15061
118271181
805202247
40056
567105708
241851723
56990
481275592
69417
484705253
251398940
528612986
145600562
334203656
478923955
3286
166754787
829118338
593245476
300978865
662709566
910490412
949073081
743133196
81433
487678856
518041423
349827517
59236196
974655479
149464430
663565892
941876311
954705162
235674299
585627063
25175326
49745
963303786
119404245
255481415
441705198
86086
414981279
27909
643024725
461646158
793200914
576400910
490426441
89276
36863
38685049
82618
3092391
90926
524217106
899038477
51062
741247892
835971979
448755434
845125631
648650004
337663233
438362379
938242170
109280044
25805
219255892
149165960
80808
475197498
303716615
936076569
576234833
484384079
190797759
70862375
464024704
621073804
98671739
349951499
907394604
879786537
292578601
419943025
948778332
880850400
52251
165867227
83575
198365159
182397275
600431788
596989866
74110132
33129706
73627633
602529016
383449219
249843399
5611
888397494
43678899
685104420
736428963
639419411
614129976
415780813
543026781
233330465
34116843
766960236
884777924
45131453
937511655
214037134
150125297
701032989
855158272
595384170
91095
95306
633116830
28185
466193651
701466673
719394440
220675911
65949351
6185
400140933
702644665
118858085
297302641
407676600
231929223
930510475
75218
376736073
90583
48681
50832
120753982
512730689
391961379
544140527
863907422
330327859
393504264
63375
312338157
286065192
556504250
203474379
100113546
98575
528924569
881961707
101927727
577345924
659059340
388776677
314101468
87140
193222989
587788355
8269
82994594
836404324
722042101
316824480
73171
762804276
920842309
11930075
413210467
991961937
838420727
526073117
721702477
90051
856965302
585105426
810409969
635153664
698221565
562079766
46228479
262317278
553678161
609458916
30609068
825860521
753585563
92332
87137
1682
243860614
84798
474187681
738491401
365454826
86329353
888932666
631429452
61325325
860498792
510557024
434409546
735083595
306666258
316706815
40109
461646158
383243615
442918743
882224866
60514
76295
551022446
602420527
33753
779486257
50644
76969910
103853491
314122967
724350018
509029531
792056321
23961
377741592
820752002
510710917
773225934
161016291
429487730
83794
604033179
954642101
716343028
206825432
816036591
420124883
810295289
462720816
775039224
6044563
224039809
455444244
745652081
709865575
496385196
141883349
55296
444011587
257896287
831555390
930510475
812877501
97477
124920668
930364176
901477342
870145786
634983397
103142305
716318033
99823
508636126
760859508
638405427
324137852
455815494
555184093
870969952
942519137
278511807
976237408
234736637
212028900
144143547
194696979
678843263
699686374
754233011
60588
918943113
296786411
15405
660764265
43591670
931102436
58242
910107893
781117090
240413398
46638542
207777528
794256237
831953762
512184063
503118901
44465
467145659
585177246
103391171
526129467
174075921
644990773
464532685
88784733
273656406
17091
83999
763675361
775839962
680936251
146946336
55573355
852036365
22989957
933884538
634905567
958111902
12845582
952365711
30875
430522862
426464196
52975
346100785
562223934
981685935
11048
391424041
102143663
785013790
57543
343095700
63569
933986808
117485386
228449396
595482003
503186378
152682434
286096302
348487060
877857072
37087
611779165
156155052
31813691
273595465
661062245
327156375
539699054
267865706
970656668
540427899
54226
346400465
349657516
717312586
466307384
929372186
340519573
730660017
187670282
55948
63474
128618892
834817284
71580
3279
397529045
806813750
76167893
235878619
931057550
49947
204566190
7400963
5085408
475771862
695436243
458756869
150796598
717563781
159276563
313266082
59931
19662
85797809
614150445
70599
155720573
958150475
811364684
697690066
63111138
14029222
831699591
275893911
449919293
12531254
809553419
317367264
992230684
445339898
696241897
392626148
475315410
490758552
641414320
87418
397511289
73689542
88973
140659357
69658
814550518
738698011
908335033
926776297
985011266
974942569
155886168
196295379
816885689
54144564
24775
627528825
684880794
78112705
782358303
619522450
528785924
688045235
942473079
95292
620638086
224666993
439161746
19727084
752235012
358664221
97724
644389355
110660986
124067013
698398699
916719947
559109569
207489201
270035880
917399993
974884695
90200
254382548
984855415
84798
21738
23892000
397908219
115058331
244949287
57524
772164212
856698663
690782917
911134352
7522441
184155364
266642925
85672
758835475
545271719
26125581
4903
665127981
451511716
529223537
108914138
316915167
94363615
189626817
711401386
5824
40678540
698407683
454236316
876969075
352894776
22204089
347223999
199793021
52599
92576916
354068374
889774329
28917
606968744
694302558
932988485
546725329
837643569
126226239
98341877
856635106
105760759
780347961
139627517
484243171
806244685
400176046
516531123
92845
681705453
732274251
231773805
74645
878168188
479402614
86964
600945173
86787
216309197
420605677
50114687
875520951
844821859
617206631
567918945
466508023
55567
48725
540901138
404816451
56558
597238206
702367039
491085859
1812677
252018529
470232523
860546662
960166812
696271553
67821
942565102
614240940
783923071
93093
300740912
941019231
246206663
67751467
998886218
633732391
17191
275870840
370586220
409700858
375485066
767681759
47043
922284303
97812
74093366
128302877
57137
501226749
891225715
491018322
83950
717556414
636142736
67540468
307687418
87478852
31276998
150890720
39267
693964291
143251302
923508665
837894106
894423104
162108678
60974
863713561
882322504
636801391
30503268
4982
22528
208670838
589738388
407949471
425286416
868366056
750661104
871517456
340942259
39880
72645
293211577
330670622
750132813
473244662
318246417
14355672
912072306
706547954
340991258
87180558
614815363
680786443
182520786
573619859
685408247
307211692
848507267
56435585
805862417
721807093
853332901
744996804
988689917
662342916
85497
408550033
855745164
23843
281563317
770045212
382030157
767701633
824964167
868820117
492238712
1094
44630456
842683494
450772942
391484021
100162635
737079147
105290103
560248099
145126614
884436929
753585563
906249668
774281068
210741894
278557145
315212293
76520
214235099
776016580
893098430
59515
37235214
51348
992296807
14638
32780
158768413
78785736
845544080
60598
367541765
123620327
151868377
57423
781975587
424990616
131248282
857582277
86402
510711834
523898115
837752323
47480903
320434016
17189
358113480
20335
256782845
56563328
855854164
182579450
32071070
182373113
651901500
100806979
221954807
863897095
50235
703597658
21396
584481474
354024330
366996998
403608178
716310167
530186356
821183488
212835735
347610455
861141582
294106094
916800112
459140312
977104529
161437983
224475850
703944197
976288184
895502336
634853428
757653522
384827255
410530118
474550857
214172658
665140657
723900353
842643182
866406161
150822808
578734066
116806464
669928648
20700
920541690
72797
480072849
528256313
374897554
943698975
24952175
764101801
35167
237672037
937238353
389557631
711085344
18350
262471563
34522
126721119
806596303
372698365
606627184
427278835
47341
82692
993244750
436172891
953910408
328951105
69771
744494432
656742944
803520224
54373634
473952633
44677
256805731
91303
546281773
695405675
39345
69802436
731015801
547951547
597720139
565923383
556499178
895716191
331577816
71951
842987550
553205916
945043316
49827
74076
84798
588771066
452517754
651666693
75590759
18856775
576975591
775923289
463788180
684159583
2290360
22740
368592074
72322
890231826
968991846
505641641
877068369
570568450
215921023
26593738
326147297
598494205
57121
853927859
232757312
895286049
895970489
963557276
112160709
261584317
843939631
1914
215682718
188050135
559351584
680434188
637115892
265009471
22721
693666996
48010
559936393
80478
886690948
617002072
142076240
45044
158142573
454132208
836150272
530286927
92378
633884212
594447904
704853218
61619
241736101
98590075
498933335
35802363
508496223
26050
285737262
574266288
224484609
963324536
330475574
22525931
400566370
873349643
822883370
647885991
326512530
450568031
878477715
2124237
924081610
108201421
212824051
126185501
946769337
111212824
559338419
434696037
955362279
159575577
2293
309387106
740655836
779841907
838771199
43179071
276385672
555496340
435570666
439085938
318781900
146516376
71926
66714
756855783
378106606
289177519
214435134
676364992
932794953
322015175
779644773
251010429
772173298
20002293
44991
320639829
766931978
992504378
978982399
841013571
69932
353926172
14682932
413321255
786573854
349803079
923321346
70395
248007018
262718807
475732866
16644
35510076
45351
48781
845100004
374680673
578408976
844025035
98885
330783316
368185444
623272283
73172
126147216
422086117
3938
8367
91249
520325098
792260924
434055531
755862776
418892881
119684372
507154546
265320357
879262426
46377339
579223591
368987198
86380
789160665
442389506
328738045
501232458
542303298
207965043
73552
22908
64560653
668731538
21379
803194219
571118821
368760436
368274233
23277996
577777977
681772851
95856821
221960281
467246980
244291660
360108814
961344953
797391843
19191600
715243175
463296649
86490
356845373
545143331
467295232
794122617
662893002
697242399
585761353
93279706
895852012
454286528
982755570
696849217
609138748
539190290
482466049
489364981
96510
73520
173932407
621263545
97912
533426424
283688501
443271577
712217700
136899405
759318790
957154574
56767
93038
148005663
94353
422968900
758285070
19570
460515134
954656034
898075852
21765
2605
711633934
306322924
6517217
49440711
429200724
22082551
249039595
121460867
587000834
594982538
692405246
794446520
36415
6098
640954874
70834
233900280
15539
279470175
661153139
898547095
688412211
42808
551416790
872135974
7320
140345187
64988
853472246
855848043
905543369
600922130
29564
197918809
903350115
755020817
552593745
164755142
499862501
852165749
41326
304562545
389171083
460717674
846873743
957463807
722738068
238031507
73911227
329169169
513672408
499299664
332026958
427095722
43580742
539874277
527582932
532909537
832967870
565624743
311045577
482387785
22697682
356551757
948093853
735353952
210470735
980792171
330366016
395354564
240852022
836936542
31921
185927668
51517519
295871978
281670678
69663
309689982
189098790
61620586
806160727
73023301
652997797
173727105
584885911
457254517
377161589
20951001
145429974
812554639
368987198
348210951
239235942
673353306
951827746
132770079
832327497
481210771
479200505
111104401
22017344
155717603
931233669
13345
14399701
125836778
324078478
159875741
948891364
297275154
882317175
297620905
994983049
514408539
102482157
88418
449520912
826317275
92538
975759760
461834089
4024515
991415921
673956774
441159207
602392873
834263447
156921005
822705280
293027521
358898036
441558800
524225705
505323529
952499927
80756250
94648
217613427
79513326
13663
211117170
839348415
945032393
937898952
618171282
413461928
879196300
338886202
860765687
47152
302362819
958873533
649244718
303550876
40361014
856097073
158302332
507768691
78572
872801818
766357100
937732283
349648736
32787094
181375753
332335158
91766
763801621
155267126
574899242
447727134
428166280
632439753
70006178
36100
365828673
906045560
48516097
165565553
313549305
10693
239847050
137629510
401761901
62049193
77598
267465536
554895938
957418668
650399529
982154426
83038801
67710
76520
78254870
62281
115781474
14122287
596843542
858844485
999916673
284214162
977916075
80414
941540274
179304248
604405450
708737887
10624
916263109
390007977
52500166
331527100
12123987
524033239
423317760
521537293
803148979
805457316
574250361
4186
951252642
49453
975739457
241286107
620939061
61596612
16865018
143501521
770800599
90770
627145221
765716786
842557853
185816081
909767440
90679
478565250
86801
291563806
212450508
69759
358219221
52615
767264595
960937446
60785
363339138
138322511
24650
624265393
180651547
626717809
855996030
640277057
295758515
41986
558958256
304534704
330999865
143959024
809553419
103250685
581256384
829384607
359480986
39680
444466403
852152985
506507791
358955946
821818376
4295
332014400
47476848
390174459
280680036
308343413
923280365
862536193
270930818
580349714
178579375
889532454
943026099
907599664
383146707
687694008
653814890
3315438
145860403
964083930
1736
696630546
574140768
387542755
692401121
443533646
398820446
21541
699623035
350748937
627701500
91416
710834662
878545448
565768700
301227418
225671403
556227866
402769355
220091332
136305750
619032536
349008512
594845296
305453761
608550582
146006088
291728192
338587655
55713
183356742
881126814
884363759
786845720
281148973
213528894
250138912
68907
224620050
172713168
49240
149240824
862616844
53692
953761704
18089416
725626517
99332141
47255515
662049181
528461574
973509882
754944069
251195363
824541524
443071168
392270237
11896
761055414
655627767
34126
988986175
987943892
84671469
859258558
31994
327644251
821756882
904354872
140492432
86930376
112487152
22721
200444284
171712198
467579558
94086
128351387
833316255
953623759
175158113
98545
852046148
548461365
623017282
45217
361707076
894161861
740793843
521471986
560935782
845147384
523489659
61194
315511266
379043668
890706058
516494984
61211
694829671
783604153
255244933
67030
229838629
319018810
562873321
911815218
51513
280190064
752021353
817734763
219991031
658756096
990828836
99021
87479090
486876726
130285950
136259705
112838051
219818635
48200614
634579451
404403722
119586298
536775570
799158955
522386086
96777
565756826
922037362
240727770
996281653
161313765
685408247
66337
228337504
629056962
154634507
72364726
337650823
245684572
4838
886293013
593312498
471390211
753033738
445915899
763265964
489083548
834511115
82628414
769748516
629784747
366456967
441175047
97760702
426072622
42270732
67533556
428165967
83820
30800
531311749
699762420
447740062
997258302
717855213
677452004
207
496460368
622843815
525048669
908260537
760680870
517244954
391997919
73544
61692
218848014
116189494
266325924
775224787
986857077
528112086
241187936
561974213
504211189
557656406
122362312
150483057
655230132
32999
24424
932382422
96653570
363914298
171845314
443366041
182415054
96689
429101934
395082166
19251
724487830
894412265
83055
921611639
149505389
676419055
47583
35751
63549
618983872
774978471
651816018
54761
738152387
886652019
288842787
224122374
957503218
506159838
95394419
980045332
939532104
86221
181487050
399918456
49147703
691719562
819691438
121204029
389351139
953409761
172319191
318997238
338246332
130332713
291594200
42588140
343655933
827134321
488172278
462054213
239903308
909590061
204685215
451506554
226637303
476994067
33702702
743120130
284012520
322144470
694566857
724260413
354385658
94287182
31104704
344241617
65923
301980158
310934511
687613219
962574415
403082684
721022841
330232455
72472
733776511
497661034
310910464
755882094
56500
268441259
562173320
968844953
202730175
923740163
77377037
26831
349991350
364515118
479965315
254778935
753535338
176901713
162703775
81000
269359606
444309510
21677293
699068004
76178223
812888210
515026685
24232
779295052
939799833
560386522
721799187
452517754
14054355
255298638
24417
570970967
339641357
727944126
650951124
101591630
84574
349194119
766564199
633020281
783793553
833953937
22366
340472247
541315503
229347477
693797749
132703287
954625171
750037015
328142403
312214994
761967581
761813019
52975
480533867
222487791
825566674
515363944
864404173
297750837
782171985
462137356
231309963
145299574
227445344
868465003
603861926
186382279
729933707
215811164
325548820
308477642
954432914
282167851
872526377
329478835
316551860
61065
466746163
36000
520279254
887406703
17270316
454959356
938019892
17801
54722945
61771
68766919
2031
409700858
43290
48861
40176
534407658
318751304
777149169
448938762
48596399
876579340
63320
179373330
103205459
349648736
673193811
722925420
80650
348405379
515994527
542493756
93225627
222631949
480676611
872393023
511117948
554635148
733442620
30078
450141134
928638674
613987085
566252078
34615482
470951475
408506441
435026481
817506413
37870
917350980
889205127
544989268
704281853
546044904
533449530
812653602
691223132
811229572
323429473
682185045
880152245
77638672
441171213
21391902
10270931
80711003
5427411
44329
384735240
63154
213005306
59616803
918239515
95124
310578054
829928227
582150025
76066
894845175
961903486
713035081
704149063
389741590
742908246
631382170
693865219
634179609
72792
842987550
530976422
218364316
618998315
192158193
676910930
611230161
45881
16686
831266977
261526683
124495471
465802438
634800474
165982972
6322246
935772845
393665491
336628193
527277287
643708091
498812169
552683080
774075867
531995048
104214362
503497073
38089
261526683
53110824
525752631
933761968
456475295
329964510
751130996
699215469
2374
364228343
93965293
399479229
112248240
586244063
74598739
323505359
88065
30096
612179538
137807170
295094241
471626350
936164543
478384226
278545078
50062
344938242
486657384
80811
116031356
91280101
866175756
10062872
352641265
382316728
543163295
468233734
699008581
677969618
874799185
835596007
247478240
105695895
45840
254430763
32082
844668799
27204
797544389
538280622
39795209
632938746
339463406
306718644
273901705
547709373
940762214
582791060
772748720
953140062
719611821
776651648
887383117
707162559
677513400
250898882
450861681
60235
504211189
775427248
841774234
985508241
568577622
735169112
279266712
133946732
922884886
38733
687720363
872365269
183705235
262780279
634937151
524900085
105948553
53394444
789234143
6077
275810494
507593763
220726237
96367135
326776509
686955606
606642463
188182795
939667481
652211928
161590627
28583
656136245
973989020
74225
879661842
853693038
976201211
231199799
532192921
265298776
309849508
970582355
858589836
662112401
403210135
14866
256692805
285442732
31289
670860600
361542024
98913638
636815360
391941573
793854627
91579
680044226
490707684
618617668
812653602
243622962
117069626
236881026
461418492
760861757
530366236
735581865
205958469
715948854
992844842
48112518
261572675
322533982
962214764
576616867
31203
186830629
95006496
435823837
722235296
96363819
68227
761369455
107856206
391388118
821675611
790378980
161711072
496035359
932184609
607647583
954625171
57442
29140991
41825297
219853593
155778106
985167696
72932
233716935
31769460
489814145
392953467
904493974
890138185
906241245
26859
14389
544247930
728465309
988976722
104809984
122815353
26842
753879010
44105966
61104
308061726
805660977
270038257
79791
792688944
442589133
318301643
257553742
272545533
257366389
175161232
738031296
440172041
149139297
182312032
98466013
602632061
851056349
161646227
874729518
246418227
159913385
913678429
906051067
179404060
766183700
25425083
897078238
668810642
150951635
980327306
730129577
605606624
988962151
90658097
491698799
31994
69898
926303632
36701
97196
936396387
12532
161907967
64882
22525931
752971600
746955505
177641234
762915445
205873540
111589064
839021933
518066387
902374809
90090465
985464463
721857774
209136889
90058370
979
324437431
341208708
557710213
753921010
936117146
7194
143760286
520948415
890296988
135227763
266359606
711743328
156806522
31245597
81773001
873995708
36342255
81535
52912
180010298
611080010
909056474
833517762
781632061
49190
885223898
623071099
40466
409772442
908345469
66961419
974018850
36428
110673136
13212328
686432605
396425895
453248328
379261816
506918710
908131257
900197407
40924
501910108
79231812
18444839
70759
11762
27821
818217199
270834595
792265683
682407741
565506247
891033194
416190423
718649216
98341877
280926917
93191258
461291317
36412994
157052552
761761827
81465
696711879
587814234
805423313
956161328
324182488
949824527
887267929
240114426
225242674
660744458
373456642
418400097
925868103
83593
336420248
767525125
787903712
394073226
319191232
79660517
722021012
67992
344225252
786349201
299750041
844748703
712467078
380661281
517685057
514465201
26692
407222481
842735195
353573072
914608571
59146
219149030
622424840
664319476
75440811
69591
707683546
59168
749494593
19201
848748893
612217033
854628577
422538475
499733552
658262000
227765198
39233
89206
581692460
38236
931620080
776651648
470000324
322911593
477695536
212059465
550517784
525121123
12003223
166856817
107809872
77938
812104895
986581687
615073230
654740036
293870682
24507
365377522
14684
83430
549623175
718751487
28011
689805285
694269227
267914644
188483791
265733685
87595
949026607
105802455
818801991
192059879
600040946
943247069
25528
533089842
82479
467047369
280167511
488407533
243180426
372260131
398687344
412216010
710026063
79432727
334452837
185673566
511768746
218708829
67533743
460130847
887581612
141538396
244034685
241792063
264203928
293682513
32519
111117593
565140363
534122875
45097
842392758
688963234
791458446
582922741
148552863
991258868
85766682
16543
263120663
213902156
99299
75598837
887521443
909095506
315982607
76556442
983903662
88339
661308918
319660135
125325532
781009467
675936106
66556239
646490281
111831335
503382946
557079789
917330895
242830794
243225337
708316443
944552891
250916566
354845591
27877
823943011
48675060
773978462
628513777
35849
316387150
229504839
26670
700870985
464348930
759206319
463909444
244523432
533001718
693215620
143430229
641829509
766823066
98419530
597126074
463843894
936762651
929634675
920251343
746899200
412065466
868523607
615554103
485438951
963465219
11884
437013968
782290197
813685650
205430730
16400825
39345
929250034
447704008
75843
369228079
471571293
925216790
103770831
344987848
225503659
66106
115875680
947073865
24434216
838427611
703031071
9560370
658276474
339311500
368828105
439831497
767507238
67055182
229459726
762185929
551452207
224573396
908407550
761605902
639293220
37438
675579261
250844327
953929352
460305901
63081657
953676636
868169003
54595
13570185
639734776
41780
799756425
970187009
329276100
10276418
955354737
959111333
919185641
695838037
760528849
603302881
249039595
344407570
416733486
282630317
297979108
278571159
463100567
184838706
8113236
297749073
238931885
6298
501125401
447309162
203116852
559922505
913831777
506820041
523312780
538530341
63094337
276329744
90545624
394575821
651666693
921688682
79483821
687277371
526480130
99530
438758929
825296036
358769440
46069
31343
43179071
12596
983148730
871024450
24483533
295224636
330119729
906077993
921625032
6820
90831
729965956
261419796
901778711
788481232
624959712
18069492
221513269
735010625
226913356
274782505
42189
7358789
36827
38116
858051086
209584151
951131867
894475710
98885489
904034610
55005
392567693
103
3621956
693900966
676684153
330594856
132239574
415899333
9414317
483411139
62863790
755262805
827115472
70301
274639310
13848508
26634
86694
516717767
190876821
721022841
556771701
470818078
519240280
761565482
741645169
39254
35646614
439147693
602694216
348972853
473311836
595024575
786313518
316488502
802960805
677984224
922598185
223826794
943583658
339672208
558888373
920566774
817531006
547928310
299750041
902748258
209445513
47418
390647706
674680841
154933207
203733514
80945
407369313
999209773
564943627
114050523
169989238
189688979
634099196
23268
281153827
204758301
58402
463032067
983955114
315777340
988715516
46987
64233814
222951140
189066445
666682855
544578995
566198315
955354737
494894503
457957593
29140991
847748947
599606037
341623628
105564677
99761
392621867
303098162
706339584
33373
678841686
80350
361482616
686911814
88434
673486857
748365928
543026781
82938
654575952
27779
99690
47275
506443133
720641662
317852614
172062159
34515
895719294
465965724
858697832
334768157
278015276
300575815
500447136
572879044
545907926
266272699
594542134
813646902
267947347
408144097
356067849
753113748
87203
828967232
120604428
964905626
73924
601944255
248511358
499056411
554801168
313549305
67197
39006
632955689
15911
124746302
174360814
184729130
345625779
948007435
96418
550762627
925905753
561351002
319413434
180489023
940437255
576108076
70929815
156907564
15440889
519376576
124639622
984795584
929397314
715725365
882475642
533509155
565257782
33733381
745749973
560967229
771036214
24139
169582299
634819597
843419442
80396
811378676
38626
804741931
565650651
670241883
40672590
289865585
97940
891311765
42001
716143653
49154
653336699
821475193
402967071
797798889
377969206
119651973
44161190
524942010
871272050
248626027
352125051
284890525
602254028
85079
787116701
661829253
279545394
881090871
92818928
159518154
159988482
11904693
147474574
561452654
5716810
62021
117031210
740697632
353497014
52060
4677
502884155
981968007
619471
852121330
269526487
842490755
13818151
223815260
251910910
70552
835622751
702012566
448820278
6913
19382
139593470
19449
740698435
876478496
13605
428621950
425938980
482762221
253322164
247340360
998293196
449322354
499413234
623124314
607733372
66659
258382125
508997990
71676
24168
348270266
825301689
632335127
810310577
52031
162138110
721194507
900254771
938126843
125069745
865503866
766540739
326720105
756324491
44026925
101327216
706778264
121056875
603533286
696345402
984801079
54163107
84392691
339106357
278737659
13083
147336065
423021398
385924416
600233836
814550518
416375943
46669
303452116
592748228
61778
842987550
96201
341784289
827243216
518986406
998879101
926447480
390974422
519577171
306830259
149832567
42164
82834
935851415
65915
416371333
97414
787553224
570880143
510623290
840878235
880202163
869674779
240752172
484300165
308488151
939009320
117241555
515777829
667860617
378909473
361289592
536397066
252668049
455102406
55933
494123393
454565055
113566233
570315565
797037396
26193
29772205
1283
786497602
789698618
477176450
54394
219891553
250948102
996264910
416383982
631125322
796575435
896506575
306291542
107492537
416238450
65622
720414769
65368599
655831625
200890261
74645
1949
8211
40192755
559154504
838189171
585252656
76687
825597854
71000
512159206
57902
555278153
538101789
453453260
509686961
85600
749394459
447740062
175706353
887155034
11670
963417708
93103
301
389046884
69323
35523
797834991
564699342
64338
443740745
23679
459188888
660234849
392230204
874272832
906556117
980870217
276000922
474948558
629285999
853005007
377695426
844830200
238721873
402296748
297956351
171271818
972026725
982086135
992269485
546158557
653644394
419476142
517414275
185590405
412002265
672425540
162502087
809416634
972760020
196518989
819790883
168785148
14210
6969
62898
80145
527286604
901715357
903797215
818389277
308038685
947658883
308494892
807744146
884367720
366369698
895299096
220232857
356121481
155958807
184272187
30606
329814337
725790762
345434544
996362102
630503399
14221
517933439
247363659
508578727
473181165
200758620
930377800
64853
730121776
206580809
87978745
456421362
890398517
819973175
219587341
340179797
688627826
452517754
768759384
80403
98001
205587581
164010976
742827160
671255668
638817891
91294227
152014123
654621686
251891201
395617683
559595883
88354738
827962281
311916172
24679
603464379
19457
647093511
252133144
12041
818529615
835139677
523673585
715445760
146139086
499056411
52506
896439552
633396397
98612062
628600663
75954
239847050
505079856
480157408
759625206
212222472
975879472
138556123
416228108
788127294
325603795
276081421
11644
228478431
312234921
834670084
373780198
257246580
91599543
2658975
80475
45171
275626677
16696
149074873
282356751
75921
206085554
13484
303548710
218832338
801149325
471718135
287506747
485720457
338734290
913772092
298076433
524294735
100066197
923701668
478549416
268903595
700483399
42905620
95869
5039240
320318581
151950075
234617729
847131692
251480463
396777914
881443034
243735400
594592594
600174003
395327819
903920130
522846794
124618336
511443226
709919420
139567746
84043
352886325
493488273
167892966
81976
639419411
425228959
758897654
925592379
861150166
766851599
233544761
59350
436256066
509162898
14303
597923429
580731105
2707416
647303691
679123579
558188079
18137
95244
177138567
267480129
36186027
4125
60208
739934962
556653326
916316258
981714010
55436
99574067
723380017
96552
742634064
556273339
157303252
187887196
721210097
760634430
706408064
585296807
404660879
647328910
17455856
81312
338002393
37686
240114426
743599835
23319093
172624767
5172
125447799
111478345
870364041
596040327
856118380
681916370
710701550
7256
289959456
152095412
156128970
13852831
364763574
16466660
367512056
163892254
719368968
324273505
127718281
752898044
56914
256988042
58378
868282622
614958882
433986378
7625476
93796402
840986211
246418819
188547410
106197132
106465935
748350836
537573113
562505989
797289972
270517566
96616
56773
62249
195740894
539166129
671151646
86174
441763341
33659
541289009
273477309
981014452
627049805
234147390
447704008
297209015
52892
301207077
398872854
705260123
328334850
493105851
916621658
37394
242776639
766356356
320022103
975742406
971092588
442980296
418402589
22342
18726772
47143188
55369
443566839
40530
175504514
99690
446233197
852814526
297001663
384728541
361563976
624588766
411959017
176900480
746510307
27200
272234350
20116
507959329
246511366
655532913
267142553
74369
827762399
136320862
259370105
21523025
490973116
389351139
321843643
653086828
560654451
664879808
595995923
522610681
318906109
438377591
10276418
395155076
68277
916303741
989696927
708305587
5485
84638
421167173
55953989
567311222
6852
537369298
222942327
853461259
800745672
75013
624555921
137792986
517606008
682268059
751740165
306476374
985508241
260238876
913132432
91342
321426019
755886381
58284
49288365
661481095
75197
548581219
242058155
37348
55405765
695402882
101220895
934438432
38502
370989691
67485
89757
98869529
621052331
28131
297881374
54360790
354985214
736154456
983586730
39585
971447676
613769208
522547872
98984806
408906293
105559090
974158431
91823
593308264
305733194
315178829
707198256
675224713
965151677
3533949
42722895
780931647
136394414
7256
975898092
139305372
232368314
514564535
150992598
474208921
42262
515196455
99888459
344337188
167561372
92374235
506034148
60767479
28261213
297202814
153002986
566716370
354932352
514153160
192233822
205230736
867379711
103997253
76803
253848108
337150215
575005119
647282942
650873025
22997438
391807131
43832
596408409
83949
976533197
280923783
815568761
392467042
562820750
759465959
32541
115446451
70803
163069864
504651009
46275
19781
965057043
248243600
354924581
31245180
38167
147759713
388859258
394476463
408548784
946435225
60549808
22427082
63022127
54695
351363094
536617763
94113
57033
733442620
98881471
845442863
456545073
317155111
529245581
59244
866674960
456269397
327674818
454488422
317563433
580124366
70755
718655830
25444934
32080794
887700920
631897001
917178116
992174697
619399049
931232307
558343660
923586498
965726214
25457
440696714
682907491
193377458
616793518
298634787
597
14184463
23552265
677550347
170583553
740193221
45650
833907683
42043749
36047
251298715
173788231
135680668
537573113
757676772
510459768
231285346
819474410
86479
504170641
764741459
359156740
286438908
544581807
708112773
98822897
946025537
775381237
369005730
425912527
117531419
77867
42968
382736486
56974294
542977973
983479446
566392810
763237585
202202255
64712
201904388
249050917
297750837
291333005
908777617
701162722
646318916
73447081
28494
93615
128042795
41451
1913
593260753
273033525
192126550
722087943
300854452
919656511
642100515
132523830
908617512
57384
565127888
149178154
796616626
555696921
868882788
177283126
702901751
902465507
695961085
395661241
114049413
24824277
107152651
758469831
732177107
599149421
579389825
20266
927077563
30827613
448425777
405224658
577146043
931633289
592901547
528151319
382018984
395638968
340170522
286386975
824161470
838872945
252340951
889402256
202940195
4437
51690
210164883
494409841
554445355
844821859
952643354
97691626
9702
32017
462673355
33717
49609400
306476374
895510521
432075044
826843302
975423345
105907824
463296649
123040682
247654015
478497811
939071014
189700694
74946
331040287
327528683
144899894
326506336
834699421
96284
423519758
367512056
42323581
37448219
34912
15244
539435881
310472577
81582
843878305
882053508
63346749
228511898
89992627
809251047
85584
423381901
663949772
185020089
17653
45970602
555172735
777088828
884527623
541246276
57868
360868734
19687
108736369
55846
16714
65373
609384442
99428
323505359
264244045
811878080
47370
41712959
786557625
970717529
687294540
484339440
100259009
525409592
451133410
951662414
860264691
943280373
36143
681205193
791492052
891954341
639366769
588001796
43204
36174
855996030
502409756
508900431
606005247
574274566
347123306
327442526
564996265
749389510
705792074
363302691
943503098
796749835
801287419
128868959
173488040
848782664
36268
281163644
701466673
917582785
755042313
625198399
973943633
33037
625916803
937410887
929240679
977745606
7857
259250952
487236937
400549945
653743568
571118821
652372607
544854014
52949
104311760
192508913
366660400
182840514
976986379
810292514
892563812
858528722
817188580
882269418
475659583
81255792
72638
76556
313424000
716343028
873944454
768897930
411459467
175345540
564211977
167177491
92092420
82787528
491298503
16566332
41326
211621813
93369480
40544
86512
80056738
50465
212312517
773831966
16214407
180144251
279965776
537222646
649755581
64588
556266276
349749462
561106975
216713114
954703752
947943410
695937714
25801
46943
718830521
782627811
231465406
671541234
740159374
164885943
998641922
168850120
540863115
99205
368942577
353759226
949352233
158327046
950146707
967670271
989702384
176598163
645644954
395534362
489452652
603253244
169866869
155694512
162841776
284407103
598808691
443179039
95959
19791620
52043
19687
66745
523892815
273851867
983849934
485287534
493917345
915249870
324853388
348712912
485980480
523596363
239056223
40556
950172638
257273252
224392331
578944397
458087290
36982450
146142389
134357975
87832
599799580
61912
914687272
355118235
60618117
829382056
94897474
901505610
37195179
969279147
43012
5468885
75104041
698229335
499378556
315044697
352805659
156517678
961054209
258562511
492238712
13067955
539888923
963080250
75235254
291951972
993937278
36676
168155790
971758534
328923728
589860958
213841821
920479861
768658514
645189000
6875
371324930
686376163
399992001
82423
444919683
382530124
19426
926788959
811691781
94911
595384170
680381866
91660
293145659
973530239
251734719
967479224
256154888
409954752
755538168
7363413
91576222
746242644
152080938
308118417
538774572
5014
232842083
353993635
860436960
290545419
87223
603663832
431851488
910725768
912565648
627479373
40674758
165882401
32682
868534364
209592833
311888084
804986570
406542963
833467948
115946462
72600470
24472
15539
92163169
48966
510556132
84959
548307399
669517721
767547318
172096719
49794
64772
262779653
70396399
767005572
361643998
416348007
842910947
4564
681541136
916874106
633585216
85282
9715
154746076
553926088
57849729
853553163
849666533
346573671
231947173
443071168
769324131
759270144
848573624
903147072
919131233
653985571
370840678
775427248
163788031
174167921
300791358
47118
37394462
285769493
457035555
37357
827546003
55389
542736197
703118024
84276
85358
61903
135599501
22807
548619146
274392468
706851287
33374645
51473409
115414266
20229669
502685081
36727
489580876
412173733
591899323
635248126
655567237
214327873
146493647
789851554
154897173
58322
461961284
34893
835849129
26681
414748511
645123320
407738897
73789204
412246940
273563489
521598415
861611306
391507189
249544713
443823301
101080400
846579522
27316
79901
312450771
30677
779092286
290830007
490973116
8948020
698718454
784150313
213387948
68499065
754551721
412711580
301531169
13296535
791666083
571137573
916992549
214400498
45093018
883333547
110013853
63081657
53104
705340835
573719441
36119186
134469393
800849727
900197407
88805
854932508
957249425
635153664
168084756
574914482
22035468
145149223
67584
834293690
684965044
421758899
506235589
979012305
647302779
661379669
696778055
596065849
292349992
831294849
84705333
285632324
52427
91805080
260353188
374644477
37192967
21102
593090472
67106
725338767
613242863
166866437
752999837
571286653
404403722
244870445
120081026
407742661
988806064
96739
32607
345045485
4428
61621
130151980
165536939
96616
350
397024216
719930173
661888287
467584865
582833584
8487
250556009
304888900
11841
443474911
832761971
544172278
766492148
637258067
534029930
170583553
968165895
720704542
365842235
795594892
434368958
91704
96591
815014720
752516367
945899562
904823555
726862469
828825778
358583228
100581904
38821
953560398
508147196
767193498
92509
401478548
32913377
848850564
791524633
77932
607756903
223703389
495315010
839157953
73649477
59546981
587601736
628945785
622456381
58088
343415891
584852543
75006
865588787
166109583
826905086
953262127
313003290
180385635
745443652
882709403
981770854
831266977
36627674
107106298
527543773
154
321868176
134211489
73563
207042000
371289507
918647720
817267479
306241037
12294
906019128
562734994
53766171
36710004
253310908
56853
262942301
325096578
780186186
90803
64245
460075821
857741172
353539897
124472132
301629082
459830806
30865408
628004451
12460
99338
37306328
792249184
402754260
33191261
167527327
976631754
957008420
214258775
659582579
84705333
271742584
65243
816831927
357213052
418865928
56494
701432913
59249696
77066
552988114
345343944
936209690
601352985
300684718
242721203
207407132
966351855
212385176
86263377
901385225
78200058
835242495
292730738
378262445
505925557
161060399
817168006
213192785
527387803
855408551
733096483
576228925
247892528
29716
304775396
8807
468233734
612993310
884464547
305397948
603155605
1176813
428355773
600763049
25602215
72067980
583305401
997725872
508665093
377662173
706193060
538446867
36499146
780707054
41312
878352282
931043289
600105267
291800743
33814
902761279
217613427
31933283
67401
470643477
68376952
535342998
496435318
346814770
811236315
930999244
810097171
144143547
302048006
712200522
36678063
864898400
82859587
10740521
2031
884385051
103716415
2414
828337853
239696782
34937
533592560
34937
11097253
639358412
296944067
56785
163788031
94732
5997
471043552
1044
638645963
986456750
660260216
357737650
363672470
222848198
17410
954262823
35577196
43195
276102040
49132
747844607
75404492
208545389
966158957
633215535
683114124
425117866
507736824
101500244
415603987
78011
549918066
367199748
841914168
953331315
395660507
531367270
757726570
643985126
6942
137121572
676417199
786979969
887581612
363038492
3271
442389506
716142120
94317
783807233
214174990
379369276
245573572
590980225
463457042
500459176
37087
773808185
526193313
755125468
826889999
442705206
216420293
281910692
243052624
979901632
824698660
883270702
96970
971625877
99696031
793522182
76594181
64599112
161911872
630337461
731529072
15029
77398
369627278
488696836
778824171
685347655
217035437
507635943
803314739
584665979
261419796
246715082
15686731
822659731
97773
409074094
80860
707345545
498183537
87973
878272326
457346388
51159
91619
704556075
285447164
892512549
824481652
898190546
41168293
799941169
632931074
918984534
269143612
953672619
243753041
289821021
280113804
426205107
916333722
127560651
237653994
14329824
31806710
282630317
790622622
31137000
259747831
86510
843957178
308819094
532144426
683785761
59777
59650
791899275
11201
695960336
628846322
372533724
78027
98229447
586505326
39978090
95632
506790440
481121347
367551398
576256190
295727650
302855817
42211
2174
203304888
627385026
681860149
233224740
841208052
475480177
721523897
181375753
803772230
503223085
694293901
281964618
10326
855231644
20957582
93686
17302
440734485
759146288
298661839
737458346
230725001
493256577
28581375
518991597
393434936
610166952
657071868
63343
698789308
32900
192498168
387086326
829466695
958150475
624175718
715865302
544888590
492073825
916048819
728728399
242306578
492235902
821756882
762093209
830404300
521544258
989734502
336193529
310116718
903533598
515934281
403236443
214175762
697547166
69219625
451277917
330302828
207613332
533742271
7212579
108827294
27668
429091076
677946760
175356002
469199263
808341309
417049077
440383620
62863790
902487777
143015020
822338058
609548816
6799779
406981769
144194805
530056589
238093051
21403083
245091266
84157
42095
316929812
835333896
878188996
97195
371176954
388581419
911470937
42705526
389729441
671874903
372927721
665161115
192158193
431650221
310865895
410350793
332557761
946484789
6549
234242155
46450162
25987361
363302691
595568616
211152253
424158886
60051
278375842
238624888
946410231
525757033
361707076
553000312
776816574
605091823
370669390
40422
70185732
237154854
964825664
63292
238408430
93029
758203933
31693
665428833
511859883
583828916
239738727
422635729
24634
188935297
183293207
256734082
297537783
897002092
737281701
581256384
98055
627873182
13133
70511
805987931
499668593
578517368
709212762
370545601
89850799
575077720
16722
48038
27490
145032603
223958700
9704
170343756
58742981
8635
766949345
662119939
396874103
924252592
280876385
96501
784427813
113611654
149911465
321230010
437994941
301564749
749781993
391697706
187659695
517759988
21853382
626515990
153932696
670159464
73534
931522589
71105
411772412
910744101
628701204
605959539
961019874
12012
157286515
391931768
873755370
261943906
245817634
374519302
471185578
94027
421016077
403351549
570422604
5124
243458969
988365481
103395281
323001267
782430243
322989336
919527448
315047302
672192573
931738135
659495737
64036415
940629425
495152057
977060708
27876
851859242
3165
369288275
195744241
492845559
716841217
519903208
147982499
4758668
657753079
94229
375301700
15911
365703006
302192482
383338934
71482
231266116
509815684
55647
51479
60943602
793643930
278015276
104117843
12123987
37117958
1368
964927881
432514853
85477
721663941
714690284
384070756
554326885
739601086
754469285
836637656
260222237
731528030
24701659
625572782
308742930
637280088
340945990
780057438
841217950
345555369
342936690
947697794
100547707
142720425
24738
111080591
569233274
90036
706790892
851816573
219125506
793243981
347898123
495170375
588922138
989734502
48584
323157197
72237225
76949
210578900
617006699
96990
643826667
417237065
863444338
328880391
464926943
338246450
707322078
425349371
673951465
13085
423983953
444196004
862523029
499413234
452410257
190616788
517931464
620964070
312212856
481487194
976650651
139574842
425258616
681846213
25666
592937667
70533
231883693
999749433
2605
883132194
181893308
300726248
717531175
946632810
853320583
847701300
972441172
737624062
332670597
161280278
752731297
93334800
187036080
56195137
27687763
248924056
187962069
60393907
48200
886439196
9953
860039014
577049767
175586593
143641710
675224713
648399886
874598838
182411559
72621
200322472
193998581
93198550
472438501
465043827
192033036
249142292
514453059
521143148
162858464
920459823
848807950
248645707
2749569
855267362
948953207
186190602
70511
98141508
834713002
501480201
245573572
286122581
155553046
986482201
50199509
968338751
664477096
230337226
418865807
934317449
33604946
738292970
790218476
81044
86023068
336137635
35196
46156058
24724038
31324053
603302881
793449153
18770
587037799
411347803
779505851
42406093
787625164
918160749
72121797
434987041
28281
829384607
841870355
826107530
10233169
998106443
797193169
689805285
447641699
116134121
711865611
39123
40342142
25891
39190
125083088
10343
916294878
631928022
251201931
828704374
500259009
904728850
202721772
185335118
481416597
418026915
568408540
125447799
803498499
969736030
1873260
624674752
40614
732467355
91272
705518370
192208724
876269038
745223808
688623379
303
662001781
448455079
19111053
437352241
610529780
280400926
137226017
511768746
17324
512801222
240168544
546185003
9756
71008
33613
12679
52500166
265234578
666845487
892857219
410342636
845587290
7637750
747531702
157385999
402331368
993484723
461483932
92562667
74094975
850882752
894475710
593000132
475689735
686803215
53822
29576804
52786
540441393
42705
971603997
52061
89414
710130764
599606037
758668736
72300304
751341469
929446412
3196
857582277
301627295
129060590
690973183
926189055
81037081
490728045
65676
362573681
285851996
61296
225345885
188242255
962562076
8070
86808
482466049
40173
98186507
515558583
824510794
344521298
95248
961344953
403351549
848573624
129079086
572634399
7468486
63910
46282008
193320025
233853847
364883732
255244933
745352980
300179753
186563256
98790820
272719361
585921945
13262
530286927
528121019
936847698
913287171
750241373
83303700
224208400
772464550
771138840
810781995
960878059
344849976
81754
993790627
807133179
85412
832573703
293543404
4838
249147969
5732
307986477
884424412
332566246
17598
989222012
554891409
756518580
110770664
565727866
385061064
701437462
741328710
935132883
98322
558758909
701162722
65368599
466313644
922563944
92292386
56948
644389355
301613742
642535248
976970810
758032903
902420539
677993136
233019247
750032582
836426658
37791
201278523
434491765
4924
766382463
545463171
339456497
577252811
97422
729045272
349653612
32796
66737
982319766
943359319
647348656
50070
99258061
904089133
931284720
264004317
709785705
897139845
11723
10976
321261879
282789956
17111115
972465215
88161
610693358
742521640
891933044
957973302
74397691
558512735
186116372
361977392
798262543
200889591
55317851
87257
48506
34719174
572189552
833659425
917072297
925350706
208170067
4998
568665873
877803704
975930857
478504213
526359502
630075001
135369184
14624
95312
466639968
665824768
582698758
813447023
696222320
864273963
517606008
268864091
518809573
37550
45658
399597939
939662166
778913661
91431
421536514
285477988
251195363
774797260
84492
31815224
845490098
459362167
932112662
740929727
159535821
551059312
321564659
880788742
569817297
278835293
3189166
687427946
860171454
64377
278206386
257571958
426262160
43859
769720004
87368185
819235881
525430101
620590285
838293829
631419445
82039338
908260537
983351797
751481867
389387828
994742313
94907
558596136
942536657
67064
254103909
503416502
870749382
243712454
34821784
94900609
876861209
470887976
673307932
312626430
884130445
21956071
424136541
338263242
271816032
281143578
850276605
958150475
882978233
161496772
790657229
102769871
66912
796006495
585549448
636426619
339164964
915199731
821695803
538681836
94260
147786898
339145500
632840157
12124810
470069159
19308
956749053
14498
821517985
241997381
892692478
863081578
411387414
558169516
925446977
976991156
228136280
377564300
652159343
907564768
11659079
431268049
285984192
11267
847115355
189679700
568816513
674996896
562194538
874454169
880695500
108302144
647688883
474545064
981630097
53662
645076512
287253643
260757822
960719843
583359296
180
713184777
369528563
633294513
69030
87060205
172745369
957409481
597678547
481027313
779862297
659354987
296912349
285426801
11360
6561172
231422916
743071799
88173241
240428889
894634878
193
180839951
305553446
817805484
896502682
6828
424158886
289971220
167797435
19809893
141307310
946484789
750007831
4433
833953937
662962217
817246467
26184157
998679547
227707341
228249833
520552168
91897
609680932
24507
311241868
954189417
32756989
248115433
440644571
988190548
932053989
658717119
54983
82723
430128549
159563771
654694495
962270002
78266471
928872725
31639
801204871
43368423
892640806
50339
357699067
196166677
514554114
838006258
255300788
792006061
70151
188867071
971389758
57625724
688548740
9542
681764724
4666
421088551
457628173
817944238
686400305
968550346
91111030
248570183
6404
14935
40112789
61674
856635106
68927
977179204
380526453
241819000
144489075
86145944
948711097
292236919
645020787
61409
56193797
725934070
625052440
583142693
232914864
92482001
226631314
467872119
735581865
394025549
766445950
511679737
618642161
287376386
359473713
489792060
589058096
99023
98787
288732019
558348043
529831484
104877770
455992910
993191052
119674262
71580
11930075
306613264
392587623
537490136
801367804
75782471
77760850
195470916
372887305
39444077
1965
374774590
811555117
833883834
67453
672143444
426286132
60348
837317254
168939612
162427056
461788961
80919
995422630
624265393
445863593
175580000
46823977
510485186
921446241
210335285
86941
553372866
615157677
805738813
999037714
357718638
126893264
360628448
771849849
904547860
959271422
427240322
53766171
309047966
548701205
87706
805406650
323144868
245836283
970386185
839197609
760647862
836008880
177527296
574174758
820620876
60725958
264769268
457895566
160453032
696345402
624431414
4115260
957818177
996274431
492838186
372202997
794748613
11182908
163170623
472990869
22219
99816
925780252
782622587
177138567
27810
536377755
186347884
174027224
505200225
39585
593951163
808227445
310465859
320197026
458418310
41852
392655793
186190602
84783104
823858232
96619
28394
44004
207477619
44631
867109421
239534424
6397
235631523
1473
142570250
423469926
550686921
887554757
627424260
689365745
732803798
569882801
13726027
53097
263932878
857490080
869954787
771726632
35620
300657701
676000923
603516272
739189300
490621403
970295141
377860780
714728680
207444226
706490838
368671631
167057368
741711179
57567
379382810
885618887
726579939
395765258
699404532
80529228
153418109
851510781
994631032
271970889
10786205
57266841
998890435
287265667
19669
134535395
303376892
152395763
3914
887699197
19309
920
767001229
619827667
136995605
914585549
505941219
69270264
35165
944056069
169584743
576854319
207504042
253336051
124558838
435332290
593256705
291752870
710219346
800292056
82538
38021512
341420804
887497085
368760436
92824134
823761082
23692
661874104
59343
414049018
805206300
347898123
5446209
128450459
21194
536521927
671673399
70184659
90187923
155154310
132718791
301025936
520708164
803497846
483239287
607725557
574231453
30984
549707555
15318
954475875
716348331
675634761
386535245
115414266
86494
80201
227770837
683052580
311669192
391920335
81410
26780
834099411
840254922
6101
498720334
126949921
57524
744395541
45
667388742
22238
53235955
843939631
93924
80386077
409324166
219686113
547918552
910781991
352881138
1765195
861363730
956082000
903110299
825332732
841344155
991915395
766315798
802534600
749741536
716224993
566606031
436901460
74996
170529368
417149233
422789636
953354221
591899323
89700
903099359
645153578
47120185
95768
210805574
257357774
4442
253054186
331383898
28358
943603654
798655083
159935354
775593086
37424
378909473
558888373
836682331
415899333
59252
900420791
893190286
914608571
67849502
272983674
83252551
153601606
650752175
34071430
357496512
73151
61788134
603517144
764892424
167845002
833531646
448414219
104420895
4586978
947423686
334795617
520135341
11677
535953097
881506789
45949
280436920
548476027
52546220
425583048
751635110
205331907
107087823
680585590
866450041
82173
936715875
750245303
732318461
356786100
731690339
516762906
323328782
381516962
15107
198783803
888043927
799631051
451919867
55280
415176516
85974
549691054
299252026
233376333
341511163
232264583
698221565
726316318
702454824
57050555
20422980
781008659
876222570
15112
875026865
572655833
28108
264692921
978923195
679072543
939244833
641829509
460967261
375953726
447861214
158343605
777345273
134707080
282946801
271589438
69402
83210354
633002414
41782
786456354
425681152
813266301
704975392
92099
795381389
667548643
633401851
934146104
842700146
545175175
64224731
385489589
568694082
72504807
208384378
75330
730031467
59010
163173172
297589089
164308083
467434207
89371
959767218
659273992
202989237
208170067
577626224
12245
367109579
695402882
451579033
429586502
859258212
672895294
679920660
74167
663638451
60672
208137464
583028808
786533944
61938553
195157477
622125947
815389095
722235296
38962
95498726
290229839
87478852
41657
981592588
628898205
356786100
625397453
298038721
36386
152697488
82328
791138094
626660572
17294
394337598
888525734
330566941
720714439
582630250
365899395
82787528
767701633
180365411
715613468
551109186
995422630
549119914
926391787
15629928
36425931
822936692
44791
3188
20483449
152376555
49134
714589867
156951952
772418472
826296186
826170552
559919175
260766388
680636056
700310665
49579733
216244480
730519498
350206032
996629862
54360790
671357766
726101055
34029
864898400
495601762
49110
73052
223893792
139819728
923297511
969209444
756431941
414454284
828648948
89457
1849
877926681
34532954
32095
680783484
997596402
409811852
190625509
156716729
471833489
654961627
954013806
57670
451024174
123040682
587926270
803915211
897334151
41744
312488307
334067970
63099791
542559957
636324326
541078906
71839735
643831157
450566313
912129213
961103553
53633
74896
832733455
756225301
382640864
482636150
963790606
918333464
510384607
55202
701052732
264086584
403752511
983146729
204406902
694314414
754194505
179198162
220788439
344633969
565832086
292329509
24540280
187543060
104353629
495315010
45847
581451488
436073927
330190205
973416791
99123
653526143
868665378
943359693
15375
929254495
292714984
477831517
282102758
565745405
932482184
968904024
689267123
443340872
46836394
644046680
112019182
300306344
817012541
26619258
22639
829591458
168084756
247655525
841888707
367663474
650856916
542926241
126672322
114397705
800754222
844986959
767834743
237132517
400537383
251195363
327538217
866103919
568934849
892487153
905541963
853648323
816653053
830165218
759991471
558118704
172737580
616153724
759884842
863831315
127292700
22622
522358504
693572109
237481550
513341282
309589912
747272939
347182736
361123806
687615133
296687644
875672327
775920154
169188915
509472996
40304
854046715
736071146
338188297
457330987
243197532
845047033
99691472
485303542
943532150
823768695
908938862
12998
25371
262513167
360363615
561097726
22301552
297018580
984016302
495348251
248678330
858154471
49619930
49077665
925416305
700788805
41527937
205962880
105018286
350625608
85830
398073100
388407781
568069322
18375
537404719
45104
649778701
946737980
70975
434813697
330192806
92292386
528256313
837883113
629056962
39221
335474177
628701204
674517380
17054
32095
362831059
832442586
996031104
352081317
658208544
434316223
519516421
748369661
402724572
547143559
42169
270770447
988234680
22296
644337611
37676
382736486
779825145
364079874
195163920
660138266
158324052
487374341
545252244
56019353
280597772
834610148
871704204
357320464
68520
821981362
45867
273319786
121995539
601120402
579724565
328034620
69493
853673364
47276890
949533776
951703609
400280316
761238069
392467042
466716557
27802274
439246335
678207405
704993091
738802925
65930
687810771
145379507
18284
2300733
544648812
302556351
176459419
83798
331202714
52098
480914761
541165306
45474
404739097
578527919
594079023
939660406
243447412
27493
712285553
27329828
56524922
79378
930404075
34416610
196314091
355102309
42724
863105026
315812448
35702262
28633
652372607
567133228
370248716
508469684
433729826
431087681
740011743
384872251
710535379
851882308
154220590
866066857
567095030
15790
954943593
613912194
299192807
113788581
202355572
13912
128571994
733011203
122164758
670394674
4487376
720554929
39483098
138880055
884981492
27663
293759446
652159343
258311431
924751222
429994553
541167767
118870662
506898388
44456123
286347950
125108278
124482165
325378007
624282423
271859406
77317510
364256883
7751
394713825
867926886
292760670
760530742
505315769
377882115
452019685
477969919
872020674
431512462
48302
16817
564168845
226255100
406420860
397657686
709204709
6810
476442579
40537
263897328
620590223
95438
74350
282771720
880707151
30707
778064134
858299546
822936692
665234600
562756841
232183425
490015782
550955017
645256372
268605680
918173421
31543
982368348
533251445
415328975
81457
562167607
247459731
335939684
274782505
943318465
697615580
986875634
174589934
617663686
13266
996281653
214435134
614833404
57820
489374165
644984218
46257426
43467282
464926943
673628805
496572615
577430229
253335213
227008155
220606350
687205325
196706534
22036
606300566
418851903
13147
534787479
510121452
164800390
164978404
154285683
612062458
56269588
107073858
766315798
589375559
645241080
102816400
900039781
520325098
536521927
468956251
254493058
321112462
901359070
44619051
9841
726359264
839603553
585937374
394137484
93267299
138219034
82615
429799916
441566400
380234425
18818
525278990
2138165
947437738
672553586
26632
149746663
963384214
686685284
358547520
734652504
107239466
353014200
844280216
457804214
756111754
789402079
796002880
908392644
599394090
863126477
437272341
75006
792595095
26854
867692914
627867095
74227003
534122875
137898073
611230870
214993976
815242762
744940121
637036219
854377377
42275
252863363
720975637
932754908
173997403
47797
454731915
463661518
453050944
291455283
357358647
218969458
78976
31037241
21977
781668927
196545882
96957
99137
451962967
210883956
649617376
645541765
385340801
37203
561658306
269895293
35340011
192958050
596021793
491117449
23306
842411117
72589339
762292118
448542980
35082
611575127
513935665
488183453
71769
990179806
558690721
357181491
130139740
840030106
338188297
28729015
394809466
776541661
11782
217962194
97278844
323241691
210083110
498249109
38754
957785665
6411
959234611
958171595
354780452
426205107
97552
568149109
436347912
470892866
418865807
52031
51117
69397
32796
81179428
119274532
933299161
377407060
676181289
533064274
191366376
405704358
960237388
833731945
439127288
318311021
992708531
408908847
39577
95466944
932846496
262830584
614400255
16015
172038487
858697832
385618560
95248
191525697
275562265
421016077
865039871
388893075
998454553
60278
127730529
7340
383149843
270981288
134242535
180340561
233310415
472229088
3550
178118437
110595857
716463645
102621161
247802331
6208
774277947
978150458
876523938
719031730
453453260
93646973
844829144
324691783
295428768
472332178
51773
751036208
22912
950697838
553514852
578968693
48413
60318223
36182884
435317241
237934842
69469
657466859
984057731
587698889
424515819
44944
4798
132523830
746001430
909117438
252863363
73917769
790
959266681
39027
54199
134211489
282317925
36499
641326033
651823599
228514752
91235
980327306
778166513
655205526
397558684
13401
87347
93093
18844
840110410
29280220
3231117
414370894
771416020
626308600
394374866
114484755
884630387
191545044
16336
67578171
284470104
101303125
37143
86442533
620126759
18757
835665075
586552581
865809403
76088156
608830737
655281185
438939843
531155696
790084523
250163084
187989400
773642305
16743
968420241
389343187
96363819
701058458
857022609
44551
72004
12476
367913768
725718961
783666328
83611
637830926
581404773
301
583262412
315969177
146629693
139010468
543133313
222094512
136335966
667916091
917000057
831137986
71677
501896450
18915
847131692
824376195
128022845
780202097
35589
600449784
807545439
27502
207731049
50043108
885136469
414325011
421068212
50885497
421012700
303751697
14103818
93878
412661113
610170572
943338005
279213655
34812
55936
306846540
649202485
924083895
72024057
831122317
193382981
161776006
50062
899475884
549814674
870580082
552473813
562049481
204775769
897558189
837606655
48646434
438427421
746477398
21068
431391614
311916095
336577210
108377247
396410836
716858277
910000953
208469017
580970132
18612
121133140
530127901
932036773
651519376
867815845
46061
242907947
94134
660744458
880696808
529351287
660472516
47993646
588732074
582746475
54223
754468287
237762924
570756382
706662112
731139766
898634644
30827613
504816555
9130
969525654
959435313
868324559
22936883
83279
448348679
499030216
424670586
44003
825387656
437709806
783173642
566975136
866066857
77872
854501705
50329182
10889
62553
87553
285442732
956653066
463644042
57260
616714261
476828943
536100720
564747525
832660833
37608
655481758
699610204
636608339
716177588
134986901
712712316
479200505
632996027
294542229
747041572
124106913
23138
323451985
999833536
102235714
28635
480153270
322306529
692385905
199073385
532846194
650975094
679400529
612653348
857741172
961344953
488457206
235773654
876599946
5282959
900506902
640722338
101113442
941476993
4126754
23833354
972685426
909793047
19225
732123727
324906661
47586175
801318343
337464490
32354
575543469
91280101
88761
490560110
74837
472739173
26435855
327715507
524033079
152649741
107695915
17009174
4998
652586357
499299664
765799496
434140516
393216469
635712874
850556846
829131490
672101767
385095021
97141
98
822767218
77177
864232065
407375097
645035446
435450905
226331416
625640739
21226017
638742864
938577269
649011389
806679577
174838225
571465551
883729952
75119
808363297
416693079
874240681
884163092
675874515
60728
210829099
732641841
636426619
200055186
926636566
696330858
306979107
847434026
342140530
883399849
449463283
348756097
418061555
20840
459695466
566147414
113754075
665021748
293682122
142714948
901442665
848430084
28167
46607
306977552
681369414
695014516
606210792
289429047
481780598
211594151
769514578
991502148
587468105
46167793
287653583
151567480
167019196
813365400
178354240
390703568
148614133
121857984
690282562
949919751
336443599
674703459
608879498
644791918
252402792
591001754
310155288
603882587
442334926
800522252
652090180
56915573
378100586
988661959
64565
956082000
517692064
100923836
585538222
244044049
35081
29374
4712
203437881
918364782
32148
699377706
56170
879049454
70511
340794574
548314982
15785
395912794
579684708
681317098
733724526
55284832
62790247
23570
398448981
245573572
704363054
510888862
275832840
899041178
37398
834849710
976576515
7119
214013882
242569561
180210399
667993686
812310606
862982946
939301577
24803580
835352074
600208693
88805
470316838
14532
939343308
8232368
415378172
155176381
578944397
59228
850799403
334353415
846951498
645866502
289681283
61663268
887661441
329700964
725018118
961344953
671675318
676571270
450206994
188232578
493371464
968772878
57625724
228185537
108207745
2056
631625713
810085268
208070426
280639478
39597
766100994
331697947
71117
955571824
346689141
914691206
959356005
919656511
853149958
259897940
690973183
831951920
904722184
887476299
912077543
814044817
251056104
53612
164336758
169806968
305611076
85012536
272079255
929250034
930216287
589375559
31129428
350884634
513102515
841208052
962011455
817832692
675803440
552593745
48958755
94982373
829361034
747686853
646417821
675683550
964808894
393504264
221412543
768779871
770015196
312780708
743158646
879572475
163736140
32878127
566620302
443662731
363278124
219953641
204760015
646157721
21068
736114320
359961939
332670597
604660820
688627826
288965112
409818673
153158622
351123285
564060256
524282514
908569413
201156731
866697563
922284303
18507687
638753020
301086593
528072862
118341936
177590865
25302
46992580
599880561
569337678
402762816
693825596
510579485
139010468
897371314
830895827
87423
855158272
635664850
298278764
33817
587618240
460969813
351612937
721263324
70163
24003
171817016
327834682
515575130
819653934
276784716
18867270
357660862
742705026
913678429
763069880
898277247
938960781
134737828
345202626
12553
563378532
30689
141438811
139993416
367462195
659894188
480672454
367926048
788770271
200194221
1344051
757266267
949086386
795976476
69147132
35990
817693420
191629778
672020468
309314568
708316443
283671517
927615909
685210571
625673817
871150610
641829509
842921367
677196934
104420895
832467858
173353224
243060521
566147414
456903003
44118911
610974520
60002
731044719
173700636
552299035
19631886
747971721
834918754
924846632
484171381
804770863
446490840
70347
549297886
206640024
93785
628690156
73748733
919286269
641527712
179196662
26114
91455403
168432150
906704934
39616
632439753
805423313
36239
868942229
919119802
758584677
903441986
72764
743183036
548365024
865483494
16518
55841140
502196548
824238014
415343147
407454712
166744632
192093347
279219860
324278465
529762949
378106606
5818821
68235844
229569435
64107476
824391437
248176253
397315571
250113355
886803031
821231062
785590974
719973879
187785973
43518
579193965
811512917
777517599
638230229
240341184
126080169
348605616
506756531
105606122
936510982
454223956
721849172
174210666
604757326
158847537
869269781
74656116
783487597
116007769
235952068
402627354
789193458
500755805
751094696
132157293
75703656
207703852
498183213
2455
405332390
968844953
392150055
505541131
14198740
59547314
713523155
931721583
38731935
29051
543528718
795191470
298067128
346871054
831190939
812888210
779828867
477155693
992228462
679607333
97780
385700881
713410438
620865911
400678385
18277
195322228
40304
303866954
873947695
976814194
813984889
896627866
539238299
463657120
533558174
49868
85686727
645891978
654516211
72357784
643759822
621392641
661274911
734254004
674037524
496252508
748005483
531346305
686469688
413034237
417299888
66615408
945806528
62799
162244862
876848450
346820979
92092
339311500
490351429
716116724
843092255
32889
644148074
509688046
674817160
665440953
460073470
522462864
277886609
647286634
437237766
81004992
252446051
788481232
361537671
216999968
221442122
55567
62050827
968420241
107087823
728356188
457655282
21840
34377119
903128656
167678796
879294494
266024588
872616231
68546
821498187
901097217
124834148
405054497
985275492
278760709
907235587
442074952
161819344
960047788
434753698
6447
23931
705340835
811394621
432894419
817000154
97097
843442256
38738
112541706
11325
903099359
997040416
256118692
706584754
503911775
492002115
424308258
431047328
995025150
77478382
538446867
259986680
9711
762400016
994516976
300232989
525876182
609372137
686809932
875152493
525158410
92550
41518698
984807201
13147
957325010
327047518
974942569
57512297
160538229
967176416
20069736
344135477
478745776
279109569
89504317
257079120
357880397
476428839
437791927
635761093
415523865
298294147
32111
36990
121323274
328305342
488458584
211134437
115738474
484926629
807238729
307461729
239161874
358700552
207072730
405743622
258542778
86122
651927021
244648145
536340913
630877536
706550860
69840
54895
64620879
200000652
34459
194395827
487373034
144871761
21142
199770069
711437005
191193059
395295639
849811646
162172006
4428597
160577288
775565056
562493736
789160665
337709467
815850417
699469130
122660307
4168
746551648
874521203
46235696
785908976
361592159
580997776
787941324
434581842
30162
166670266
759046571
884260855
50366
309953507
53679581
316838501
493171766
907561626
350169972
276352739
466048464
13303
277861152
986573171
771469846
654716281
902730426
873784545
993584766
655667124
40299
583207171
892118825
360587225
601313528
80756250
846153309
297060121
139509393
805987931
193769822
860472301
450854362
578601753
650531375
357480361
78588163
986663217
550144964
147786898
309703972
988726970
791271814
328222915
29820287
356814965
40577
31213955
688465749
14043
854143683
544840640
91131
46069
821991157
378050374
666331951
22231
880707151
185360124
3750
844416291
425515214
537124923
607357626
1531811
790671694
319325850
573299947
363929041
90444
487589362
688754266
900548426
905450054
283591551
391446142
721917054
487153464
303010604
838935723
86494
549800748
43011819
827531855
58652
50950613
419010819
596272004
12044
65846
828907112
367931625
91726601
754452593
677416169
70511
735270723
171906792
11877620
47961114
238714999
285403878
213913721
49259
402232303
581427737
631020534
498403075
487115763
713035081
496941678
401985907
192618885
739635358
218141213
362198225
828390546
338227797
684926804
94446
704030369
324646964
770694738
641021817
932590207
29970646
93358
75440811
27383894
5438159
254854205
87917
663251249
589508957
87066
245483616
240513518
466261489
298780487
556462256
397496475
234414067
688285691
322910087
742200025
584725727
720582294
625931214
805092618
355557835
287161897
544084138
294442242
855704435
74381
42149
237672037
128152537
170232229
596051153
217173028
396687229
267232939
251027056
637595683
31650
156373406
906269874
21741
259915717
910147866
716752593
663607141
161668041
562493736
967350421
561354575
517462419
137934951
449702746
607394430
242545566
581427737
813517040
152308287
390349641
192540505
155954751
614240940
833875165
724088265
434410767
953910408
796398670
230985356
903596362
878003514
229241734
483260310
576107599
921302974
287161897
919496860
42410
471410124
440087814
250202017
611913059
305357801
456447528
631295512
840390935
299933229
409073808
167765172
873656016
307012367
23319093
484558559
256152500
499295945
795020496
14019790
710288428
65949351
96184559
45880
959582755
938013780
290507877
282631024
460965137
303495284
940383455
143658470
399195092
44046
832838323
478873709
402254511
658188006
276940218
87473
133670451
996131151
69476202
44111138
459348347
708695462
223203583
214146881
658296776
938201565
593306751
123783049
272076232
521859765
979983724
43522
36160
977855470
953731874
78131042
34586087
336274575
38379
75099
17306781
64266785
158695789
980335850
933739880
519319318
464359610
602194485
468612372
268929586
465211456
274722866
646253025
187121289
395313829
84216
731640702
805202247
52169
633043250
56508
312952758
938436025
644864577
442068126
820361882
793310317
550641599
589065446
301463909
6538
1276494
825887677
212697960
964483870
678212071
169457000
222906267
62505528
343448163
810542238
134535395
556173111
530436041
59376835
990696282
58420
193022076
3124378
796006495
87805
958171595
509791582
9876
312982878
834642152
496252508
914993770
550502944
254324264
393428347
252161717
469739884
265902856
578252470
538722512
698221565
397529045
666699142
730705922
665981462
290481069
94771
226194020
262134388
634738853
906531280
69193
329891971
593759578
801068302
661454033
551452207
331113936
56636298
269260977
683522717
796154995
293593324
414067943
322518743
589195577
36459
861726641
359413246
128900759
182016374
123060818
104618353
831993333
603893366
419970688
768129701
612478817
764095133
590902955
55828
360899393
126228642
755915193
700770067
144046696
237957668
577330002
230514528
89214
19779
735505893
82676190
