111
109
274
279
294
244
109
18
279
39
276
89
28
310
235
102
45
270
2
253
27
270
209
36
287
282
116
45
11
257
284
213
107
255
237
206
189
50
876349058
155
316
666958035
250
209
226
252
178
16
291
302
272
100
283
158
281
36
206
167
289
530249053
268
316
289
11
430714243
199
266
158
702792268
27
189
240
432719761
252
277
254895529
258
308
249
270
158
270
740697854
300
281
36
125
279
249
530249053
87
174
983419042
232
232
104735817
44
872036780
288
126
234
190
292
352217053
274
316
279
489346757
489346757
250
177
282
223
313
10
272
131
231
126
188
285
