1105
1803
1949
1864
223
1653
1897
1942
1690
1971
1237
1948
1513
1737
1271
1358
1871
1565
1726
282
1823
1891
1537
1907
724
695
908351477
1078
462
1687
1822
1974
910
1714
1621
1250
466
1585
1570
1345
1533
1087
1891
1734
900
379
1530
1762
1468
1939
1134
1579
994
1311
1495
665
1968
1842
895
135
416
1970
26
1179
708093896
1983
922
1932
1962
1400
1955
807
1863
1847
339
573
1000
819
123
884
1513
1842
1029
1995
1207
1717
1920
77641305
1819
1497
1879
1745
452421213
1372
1071
1421
666
1580
1525
1316
1689
1151
663
749234959
593
1132
727423093
1652
1524
752
1900
1944
1534
464
1952
208
1397
1924
526
1241
1975
1837
1185
726
1989
1311
1464
1386
1204
50
165
1895
117415285
931
1608
1817
208
1296
247
831
205
123
773
454
1463
1149
800
1100
1914
1408
1900
992
1768
1482
473
1922
1438
1940
1815
865
275
1036
289
613
1319
1940
687
1204
1962
1886
1316
1779
1726
1547
622
669
1666
484
515
1838
573
1191
870
361
361
1546
1571
690
902
1893
1776
1857
1308
1975
395
441
19
1424
232
1706
560
1585
1889
1821
1512
1483
1925
1826
302
1486
1989
60
1111
1558
1213
1001
355
3
1401
275
1913
1305
1629
1214
488437921
799
333
394
1517
1195
136
529
1105
950
859
610
220235109
797486412
195
1068
1935
1797
1479
1351
1246
1558
130
1694
1106
1858
207388372
1962
1546
249
797486412
1533
1492
1943
1502
1972
745
1668
842
1895
1604
230
1953
500
1182
1306
1555
1858
797879844
682222091
268
378
1722
112
1555
236136469
565860253
1423
902
948972718
311
859152496
1000
1071
823
1068
724
784630060
987
1397
1852
709715222
7
1837
164
1093
1741
105
297106105
634
987
334
399
1623
1408
1893
933
1585
348983305
496823563
1668
1965
1941
540098590
609
361
1000
201
1893
26
1925
1838
1947
1702
1809
1220
1565
1713
1937
271054256
1852
1151
1856
1484
1525
989
271
1761
319051240
974
1963
1369
1532
867
560
1935
293
1257
1208
1469
1790
1492
1679
59
1823
1376
1212
322
1951
521956803
1698
807453821
769
282
1534
811204594
1659
256509162
1191
1741
631
1286
1486
1379
1965
95930338
1856
1463
558
801249515
408
1264
1579
1116
683
1402
697
989
1333
1482
327
1219
1936
704
1624
773
733476565
304
1547
1656
1054
1755
1219
570456271
977
1271
1316
1403
587
1492
555
750853539
428
914
341841899
1722
745
344
1334
1629
828
1017
1846
1870
1144
1542
1974
378
772086366
84
1950
1907
687
733
1456
1827
614
729
448284345
1594
1621
1317
1792
1731
1324
797
439915304
511
621390090
1279
1785
373
1595
1129
1673
1003
1822
246
1121
614
493390087
1595
1938
1929
1670
211
428
763364644
428
1180
127
815
158417384
1916
480
749234959
1332
1844
1884
801249515
1932
85
1054
1953
1710
1717
926
1554
1267
733476565
1863
1316
729
1271
1507
25082818
485
250411368
895
153
644
440284327
1483
573
1423
1831
711
154777689
1285
50344220
275
1017
1076
1818
870
117389322
1858
1181
1626
1596
1000
1734
599046680
1403
1390
929
622
1933
1931
1990
777
1961
1745
485
66417018
63
1104
1155
718
1477
765741221
1740
2000
1968
988807097
437
886
1952
1649
1562
856
583087410
1476
1702
238226560
926
4465976
392
1767
1258
1897
1334
1944
1682
1419
538
1653
251755830
1941
709715222
271
297106105
203972322
174
154777689
888
744
434982439
1282
201919994
1884
1255
22
471
1316
252
919590017
744
1992
994934295
803286082
1482
1585
721
1565
361
597
1458
1849
95
1809
411
1870
327
642
612075996
956
1313
298771046
452255012
491233717
518
881746961
1345
646956713
208
974
1950
1695
98316143
487
339
209
1862
1517
1689
528700401
400970487
988
917
1161
797783568
34770473
156316936
282
1129
226
620
17736937
300
920782280
204
57074528
1359
1804
1153
1509
408
1228
666314469
499
1343
1818
1502
352867462
1013
60870285
1151
