952
983
1737
867
1804
1997
1760
1743
201
1998
1434
1161
1276
298
1913
1037
1564
451
1755
1803
1861
137
234
858
1787
1481
1808
759
463
1758
1385
1994
777775540
1321
1206
1251
1499
802
1383
959
1273
1995
1044
691
1798
1161
1400
1178
1052
70
1797
1706
118
737498692
1150
1640
1999
1207
502
886791849
1160
1522
449
715
966
428
298
1747
1931
1995
1650
1971
678
436
1929
1585
311
1983
163
358
754
152
729
309340655
1781
362
1422
414
1934
199
1337
915
1596
1973
706514702
990
1295
1855
1507
1546
1613
754
948
61
1602
1937
1177
1044
1697
686
1553
1161
605
359098184
1398
1187
1431
1829
1577
953
1942
1752
1323
1613
1899
577710262
1988
832
1675
1839
1678
308
430319812
365
1658
182887570
1330
202
1954
1182
1904
1426
1882
555
49
181484753
581887264
1884
1826
1403
1892
793736676
195
1688
633
1577
1339
1292
716
1292
631
1641
