155267
87754
41931
123018
77740
57035
72248
29498
296400
113934
156732
69993
216785
41013
181314
5935
32994
234270
77415
207399
180792
85428
19734
149200
321033
223846
1554
207746
45095
330071
97405
314405
32997
272175
62358
188307
9425
847
46476
143374
62282
204700
3234
114134
99634
36292
109837
0
169279
173499
139738
12424
200219
10248
295446
66880
111617
176963
194020
115128
47763
262276
78545
35427
144955
74253
1356
11505
833
182025
1747
37961
108805
71535
242017
26649
217503
297312
154399
90909
73875
156256
15203
137799
26350
18073
95361
98490
315468
175715
52416
41568
124118
202117
119665
159001
176890
289458
853
4515
286742
187695
56355
146127
104721
185820
73283
32760
114835
14817
18836
24780
24882
38213
174933
50691
312939
330888
214695
66543
175200
81276
17110
123876
21307
13545
86546
9666
13032
154867
696
67897
61465
191080
6193
115022
121532
126863
34112
276924
67009
147735
3542
93015
61644
5187
156156
4580
29028
3831
10158
35730
47253
104607
82908
238901
66054
11691
48081
8619
84942
27450
66290
139860
31647
84162
0
137170
26768
217501
74470
243774
250250
53340
27417
104643
126672
49920
99144
105875
145872
58835
154125
300295
20944
10362
0
326088
18997
46959
208813
259170
39963
54694
188799
145908
105149
110715
25695
169078
67860
182709
5058
141459
199238
2642
11020
236964
81548
116739
2619
257920
2320
191654
10578
173721
28890
1745
87780
107136
228690
136170
108500
105545
114264
144200
69559
231363
167679
86013
109855
31980
18252
10827
74256
284592
15039
56049
98804
300500
19530
40635
142506
29106
132681
70798
111981
142027
200056
18684
252699
69089
277984
5103
25559
10461
150290
58212
286718
127530
136821
148365
25069
307115
297475
3082
67977
28999
7821
52910
168777
304782
176607
34918
209532
219680
6452
110111
22275
20292
130707
14569
39095
177000
48106
189000
94054
13915
20988
78396
4820
30387
197309
9780
126518
185256
55093
205581
88788
351252
10075
68392
118491
646
78678
93599
190190
7490
48100
80653
4824
91509
80699
86233
211470
46657
144100
319631
167698
873
208692
98868
43645
75774
0
19941
203895
48100
12478
170716
228435
22127
101031
65400
92106
166121
226077
202664
230585
141470
272493
179014
3378
123671
99875
8675
143405
118817
124729
2717
124020
24976
68009
28017
3351
71166
71166
174699
93010
2580
40953
196317
50715
215204
220110
33899
24765
159418
87898
40180
16614
194568
106929
75595
56506
208290
334970
24806
141128
28840
97548
240669
25740
56661
19200
97747
19236
91574
47767
121518
15440
70556
20345
217116
3478
216793
82950
160787
48100
62475
23142
78474
122670
118349
30077
124527
65240
26250
1623
86995
271611
5169
102753
745
200825
95368
66660
8905
27140
182709
137655
235569
355428
181185
34524
144606
29520
213180
223853
157290
174240
4045
78780
108066
48468
57350
61600
96534
152523
293755
213950
155819
64656
355200
111500
9072
134534
176150
24026
31673
23287
136234
30693
163800
228391
233002
18480
333011
90420
64275
152991
52038
43639
134123
46986
302914
25755
15399
229119
22274
23999
4514
46657
66105
34041
24645
146265
43148
35167
91448
340710
40257
4045
40375
2436
98670
67116
10920
207460
134596
28329
15453
156256
347061
76038
805
9798
147414
7695
20223
63428
21033
144963
31066
685
81247
101050
297903
34604
10283
10934
116702
215512
34423
81567
805
207599
58072
225049
117115
176823
41538
196967
75849
58144
210624
31897
86360
67070
170200
46603
212699
106145
57128
234949
81106
170874
1367
232140
6476
12375
17157
105768
205592
92749
221748
35260
226919
178220
873
147183
20575
89813
666
87720
174960
7056
25477
224379
195195
14501
149076
146746
208079
135405
178947
1343
35595
121590
285271
64113
20460
80577
230823
11820
138380
104646
86757
59436
154660
79977
23004
177489
27152
16032
1958
4070
17433
334730
211497
177510
160783
103257
5752
207462
155447
231363
18081
187245
8190
9318
8275
43065
100683
5031
9121
187253
65886
86505
200928
17700
211410
9490
48356
11389
29223
145673
71995
103887
37111
4473
34950
146349
2463
241425
256274
49425
79920
16600
23793
88335
288297
61650
167475
5247
37560
166374
27324
80028
48158
89910
30150
0
109319
197047
1395
16017
33075
123464
136653
122496
190570
1743
155482
26010
33804
24948
10439
168596
282093
8556
2275
21777
47754
87528
20116
67986
91100
7267
103425
185094
73143
21500
184064
32241
1487
110126
10404
163241
81345
43470
133042
97988
33538
130123
51939
107281
3410
348601
0
344
272330
9310
193965
241673
23142
32526
2436
837
325641
260316
61800
101031
25627
205795
203521
21325
207736
17738
309435
212102
49404
7004
110505
208296
9324
100950
127223
317567
81795
160797
24099
191922
9425
35203
88236
3315
67248
19000
154470
13144
132685
17460
78085
62169
40105
162519
21325
42423
98280
42950
9379
25820
124865
157471
21330
6758
35454
69944
125874
126666
38800
175685
44375
5809
60957
132645
100928
26055
89473
169383
53439
90249
31680
4275
43253
131285
281210
176295
17125
62248
14329
52589
154791
48528
171477
167577
32319
50406
37303
76752
118319
318122
5223
12532
1430
111895
158130
70587
76120
110025
11024
44733
2210
43650
183543
24510
119098
49588
211140
24420
46089
111036
113550
30966
148538
44149
32487
268983
210993
5092
1663
359808
246994
62075
78507
22977
126117
4325
180352
872
1731
103944
28440
11115
48280
210980
72219
5228
102616
146993
2980
68502
5245
9630
36234
351363
66680
80320
60329
12975
1911
116229
2318
31710
336582
18030
32529
39285
184970
16005
9042
235812
51051
32175
5211
86999
187748
191394
116369
1635
62023
60723
55485
52287
132309
26796
7383
16665
5535
159324
70735
242403
75702
43764
74704
111830
23896
45500
26768
20145
68400
8675
58618
131186
191574
40846
62370
41195
59560
65487
101680
101517
147225
158809
181815
38889
48231
351219
93825
254100
87507
131454
105245
147345
209229
92988
97768
21080
314118
46895
9288
65766
118881
148941
114433
36547
38136
4388
231336
16426
204709
6083
81106
7775
105248
298450
99351
13115
296583
43260
2725
319345
1947
110085
38637
20705
42735
25077
33015
167753
191125
83190
9873
157635
102120
63837
347490
55278
189193
224667
25272
169950
67298
155427
27838
94932
218385
155881
