36995
53572
83030
89310
267501
391864
235014
1891
342237
17766
261100
104700
87955
25868
76498
24145
9285
67080
365722
320067
121233
50895
286062
296700
127029
8655
145403
11985
149919
2757
30100
2818
213083
15805
7610
59271
30933
56295
96174
5703
178035
9951
279441
63948
118059
138567
68493
234301
402543
145824
0
105327
225030
297882
202020
154215
69819
20286
173470
59685
56991
215364
336039
427392
105240
117250
49542
300048
1787
290375
54173
14280
399434
53144
131208
93534
99234
6370
153045
31538
31722
103155
19547
159700
123516
116774
3806
277831
353338
155616
148185
211141
249290
127890
283002
123518
87110
220545
185724
247597
401731
27255
79079
5345
216348
54795
80413
1140
243942
186780
66780
262647
9198
2630
245315
26603
237965
104218
198540
84999
366366
127932
94287
55410
307586
19134
239855
78888
371250
109921
230690
369265
178337
136701
280427
706
375550
338436
157641
23828
17590
10602
92610
5995
179673
243840
108315
114381
95598
54730
13251
254774
447678
92485
136290
57994
191418
4070
306999
52185
432063
10038
99085
224120
73563
111150
74462
125209
18475
68641
163514
78003
27568
156653
221622
77655
50562
18644
