10659
70195
96990
153032
21060
49590
77880
14677
74340
39292
65184
1165
58168
153800
19558
15176
10910
44202
110551
27869
15910
67803
23715
33050
94839
44811
112184
44330
49572
49910
15915
15664
14022
140299
5828
59944
4949
4046
69504
15729
7866
56295
12276
84102
99355
24378
6540
112945
0
111198
105450
14688
6734
31880
170665
28583
60372
52772
127260
92568
114152
111054
6358
27643
53625
145245
10416
6669
6024
12475
63271
70311
10738
4605
25525
132311
1153
20776
58370
72765
135373
6149
100926
143994
42395
31995
53452
7953
36600
138092
107238
73386
2945
127075
25897
86025
58056
78001
39960
103165
9729
2166
606
106299
143
21465
47596
41265
33507
647
44356
3458
33947
96579
3510
2405
27317
12015
2684
65121
157287
4986
5166
113022
77100
63045
52334
2105
77121
77310
0
78169
103863
125304
23458
4224
30653
31005
78375
165771
47124
2770
73164
45570
33968
21831
51723
82818
42039
584
36210
12001
116550
138180
50327
12331
35559
58050
3374
6160
5432
2294
79459
54442
51467
21551
50601
157014
63004
74250
55709
9785
81081
56759
145225
61364
14625
20620
20556
64566
6786
81120
154269
71121
64680
39831
3540
6798
16809
38214
57186
85225
24653
8920
37843
2556
84266
4680
11615
30750
6786
73515
27189
50715
42812
18810
51245
124173
6219
129267
2635
63414
62595
6370
70785
18509
8964
19027
28710
57459
42462
53130
19398
27646
31565
121852
102510
75035
48195
18090
19180
93141
26311
33147
161018
61050
61910
1978
95580
107727
71148
12595
6525
39102
90280
66178
104535
23439
92169
118047
74090
14178
48360
1755
21816
27000
1746
75164
104895
1258
59924
23489
50301
70180
69960
6174
50050
49245
40215
107026
99081
0
136881
120582
102977
59817
26598
5695
31034
53579
78970
18615
73874
7343
18064
32686
25449
60975
10825
10608
38073
28980
28116
15806
51867
