74
285
8447
1469
90
12070
8463
29
293
5824
161
1088
147
1989
856
12900
37
1225
684
1517
471
10735
804
1012
7180
11855
1069
2505
165
211
1688
885
590
2061
44
0
5539
503
358
1731
698
1838
522
10797
5671
549
344
257
167
0
860
6118
816
154
353
6670
2009
98
847
168
963
8830
1
505
1486
4687
228
333
2394
1225
1577
8269
1610
1140
1142
187
284
193
110
438
221
8011
119
2584
1000
2481
968
6569
1746
2620
2412
6797
412
12208
8935
1089
7878
5910
9225
132
1650
0
1364
471
1679
10346
37
16
99
0
305
902
1856
1867
121
2248
29
1169
324
226
12764
710
1078
1686
1178
1588
0
2029
386
13740
70
1
31
1243
259
2150
0
246
3200
17
5439
171
8704
2536
397
353
1071
704
418
5318
1853
165
152
1
323
1995
488
912
987
574
597
1354
767
1122
1177
72
508
1160
618
1982
113
1224
38
277
90
1201
304
831
8315
371
1545
281
669
347
2449
373
29
332
2455
3141
825
406
133
9
9
5689
8443
7755
304
1140
221
342
638
895
2216
10735
22
1034
8822
1638
796
2004
1257
2091
1036
401
12070
82
10597
6091
1088
906
8808
607
1356
47
8747
1272
551
8
3141
1522
373
1275
49
70
19
779
1071
2141
5603
0
0
5775
285
841
9
232
1493
68
2042
14162
3092
74
850
10597
2242
9185
718
1071
795
1331
1956
2954
375
862
1181
432
967
7126
128
2009
171
211
390
943
322
2302
590
127
1177
358
73
12034
809
1630
50
803
3203
459
2434
1220
204
13798
264
733
134
316
3259
7749
1625
9109
1224
680
74
248
7910
13738
334
3268
127
908
391
1163
943
984
862
814
1
223
0
8042
371
1925
637
2408
986
0
8
1270
2107
13739
0
13535
13505
7564
1872
5734
7126
464
308
426
462
1612
847
1
171
984
12119
2540
13740
1195
1169
3386
324
1544
749
1259
710
0
222
12793
213
0
13762
267
900
1036
280
4890
11513
27
1034
86
1380
303
8666
2000
167
543
319
2339
168
235
1141
796
94
6587
2207
4687
63
8653
342
1615
8269
1303
8925
750
329
1426
342
426
484
531
771
827
251
1298
486
331
415
1950
3168
882
1059
612
5112
7879
13554
4393
551
1005
107
1590
353
1215
194
1167
611
5689
1305
1356
132
811
1228
408
8042
646
2086
351
4777
1223
896
120
9297
1354
774
2189
3232
10393
5539
1068
107
168
3242
472
1107
1924
1053
481
155
1125
455
975
31
1077
1253
1684
1976
108
8777
0
1273
1757
2449
15
1107
8131
332
21
794
8235
1414
222
1293
1511
5617
620
3076
167
574
820
102
1959
7048
4555
3239
9023
1370
330
1561
90
591
135
816
2271
3163
715
255
5820
897
5689
0
1000
11531
609
851
1210
5956
857
3101
1374
1414
73
383
669
295
3228
992
742
4854
8832
344
9051
1017
1141
1440
2536
11574
1076
799
14
3615
1
221
1925
80
1258
972
5689
107
538
2375
131
1120
1292
749
1299
0
0
970
13740
10
3380
505
12602
10678
3393
85
2826
1187
1185
389
188
336
45
10346
6976
7312
2392
81
3294
1154
749
4944
13779
1614
495
202
236
6791
1683
1991
8573
1149
659
280
2853
2123
870
6829
9092
1867
7687
13944
2113
1259
3170
119
1176
5603
1219
2059
1316
8131
6587
168
1713
5659
2286
7
1312
67
13384
1006
289
126
580
1945
13056
48
332
211
1235
2088
90
205
1876
7300
222
134
862
251
1066
119
531
136
482
7845
221
74
178
571
927
2342
126
120
1876
3101
1861
439
2232
8225
1178
3295
0
104
1606
1361
1133
784
374
1561
168
86
12022
2620
82
1287
145
418
292
191
505
1715
303
485
2123
13213
847
12402
24
236
4687
963
1386
478
1344
0
1921
0
162
11699
1002
1350
2376
165
1175
912
20
1063
3363
1212
389
733
3172
2042
176
1123
404
113
1513
1938
224
1958
507
6042
14
1215
13731
139
4944
204
2193
1219
171
0
1407
2063
34
335
86
1045
2339
1873
6042
715
8795
275
1733
118
1590
1157
1235
335
7048
1169
236
326
1697
57
6960
72
829
1283
2715
128
0
4687
167
1608
235
4479
723
38
1094
1224
0
4777
507
12932
1233
6976
92
1333
899
1970
847
811
167
221
1175
1074
247
1538
7050
1210
377
2055
3442
1355
1241
770
1539
26
2497
1212
45
3288
1087
12372
542
50
745
444
917
681
102
742
754
897
222
1563
1856
847
102
1838
316
1495
7300
9103
222
362
1087
338
5671
2232
938
1614
8309
335
608
2535
3119
6947
913
167
498
1890
601
14025
165
1597
1257
503
8024
851
216
13851
851
406
13525
1
3149
14133
82
375
1259
282
1247
11855
221
9029
1233
362
1314
13450
9257
2076
17
152
1167
1662
0
701
443
39
3232
0
1046
930
8138
969
2
373
24
8
358
1994
119
4777
580
1009
5539
4777
3003
120
87
0
1998
7998
10393
2
3496
1996
2820
825
98
12435
2
2291
2
794
189
29
14
7364
0
1493
744
838
216
3140
815
0
1158
1005
686
5820
900
3227
8515
987
2440
756
1711
1969
800
134
7300
708
612
3199
1362
126
2388
218
1997
1784
11346
1226
514
201
142
4722
681
10393
90
