6858
25080
54027
14124
25758
2821
30747
8463
6141
8624
47775
43818
7275
33235
16533
40878
52863
10914
1443
2745
24344
7932
9779
47592
59394
1281
41788
2247
69723
807
36960
21299
16732
40050
34771
8555
6846
5203
15309
84056
20655
45084
39188
26180
3753
22857
16767
33255
7917
11430
82110
84296
3348
18834
79050
88578
55390
84930
3171
13073
8508
17215
58420
26976
914
27455
28028
82203
66639
65550
11746
883
24157
16610
30478
29419
56024
81125
40470
14562
36384
939
1818
43078
414
56286
3695
54747
52080
5460
378
49329
1719
28084
25263
3003
23229
63090
24780
36427
5820
50589
82650
38683
3675
67945
37248
69300
50566
3393
25935
95877
44590
61397
89832
26474
2270
50895
48510
8930
39634
3500
2961
5031
48825
60840
2325
0
21897
5973
1371
15780
32670
9342
37060
72002
38690
5343
42304
72413
12903
35558
4515
7087
26271
10075
93437
43739
3883
7980
4374
67452
38250
0
43615
6209
29850
3620
37597
100934
14186
2409
25155
26486
38203
52569
45084
25631
14868
81991
19147
32895
13416
6141
54741
35341
29049
4437
31050
4074
0
12993
38913
7947
4180
52038
30888
22041
29638
863
17138
18469
55242
22570
15322
35558
8150
19462
58443
74448
41283
8037
7305
79461
52345
27225
432
7497
88560
26474
16980
13776
50531
33325
10846
36869
46299
7456
73815
56595
13671
11344
36957
11339
41202
4968
81171
15380
2697
5796
14433
64251
6055
65798
100164
3003
15640
31283
27525
36875
8398
0
28875
32791
51696
8575
13823
29600
28207
3060
19180
77125
59385
15410
3171
13832
27521
79667
58116
917
49044
101325
8375
6040
40533
29205
19530
41311
35182
8940
26220
53262
83665
75299
23423
63894
84882
3555
90207
125
15249
56296
7550
1731
46872
34839
10413
7648
10500
41820
8954
24372
20850
3096
68679
21970
38178
38736
10406
63539
74589
52536
459
20262
28050
59850
451
40766
63585
11529
32550
2408
31255
2013
20777
13140
5820
21813
22760
33902
1922
25172
5313
65237
69915
14535
14511
68105
3428
7616
80379
50765
3586
19458
23595
14649
36960
8326
9966
79833
58938
11978
1788
6724
78659
155
8398
7406
22765
1395
86858
35595
6035
2681
18921
10179
35017
4879
22572
18981
9882
59432
81030
66810
70560
7009
25462
4609
2873
14649
33750
89298
3395
24522
2265
45499
32686
36515
19757
45090
18150
49068
36941
3432
43873
10212
27935
27166
48552
64790
10212
16536
59799
20604
8375
4239
52197
8120
17365
26287
15539
82622
3878
19189
45198
25425
9747
51273
645
1764
56635
18676
45630
65455
24915
34230
19745
23296
55825
27462
67159
247
78273
13104
15557
82450
36188
30451
22659
69387
2812
0
57324
19173
34727
81282
37599
0
67980
11571
96810
6125
76486
55187
0
35378
80707
2265
10065
61307
25893
3745
8466
24150
99060
47850
7087
1998
8990
7361
4972
15519
302
3836
93150
46655
29463
23129
63935
74513
71577
23940
60900
92352
76791
324
42735
24087
44577
3460
4720
62694
33936
2625
5830
21515
3618
28614
10788
28615
70308
176
87978
89956
45435
61612
24372
7961
455
9246
47415
17283
39905
5811
61178
46863
11115
42174
16833
53387
20335
56159
60634
57122
7695
14687
16020
456
7772
4275
9614
24511
3284
54090
23805
12245
71545
60350
25461
51870
78045
84075
22074
66918
35815
19006
7299
50038
64605
621
7325
42315
165
17641
