2726
470
1500
1336
525
252
2445
6916
1995
2862
23
4779
4681
2170
1887
912
420
3179
4437
3825
442
828
1278
4929
4394
715
1633
2170
2173
2992
3003
3362
1026
2009
6603
4371
917
0
1323
398
1406
1561
1254
107
3015
5037
45
2958
742
2914
935
3667
0
1764
4896
2050
351
1809
247
3286
1391
402
4325
6745
639
477
4482
805
460
0
754
1206
0
1338
3260
477
1925
4692
1305
1026
3102
1232
27
351
3674
833
2945
909
6642
715
387
2001
1725
1435
1992
2574
605
5478
5850
1591
288
356
5254
0
1917
4615
3249
1564
1302
66
5494
2565
315
897
118
118
2475
450
4959
159
6391
4810
2511
2223
391
32
4266
2793
280
1944
3330
3055
386
3940
6916
118
639
540
4165
4884
6486
4959
454
66
386
1026
5890
118
4053
270
1518
1221
715
3234
1541
1456
39
4459
2325
2805
735
110
0
3179
0
3059
2592
560
2387
1566
1827
385
1125
2403
6900
855
1452
3555
1386
602
427
931
550
1551
1020
3589
2002
2170
6216
0
3854
5425
1403
300
2849
3069
2835
1188
2379
4830
3542
0
2030
2914
4380
1068
1127
693
515
0
4284
24
5106
234
2773
3042
5865
235
1023
1624
2914
1768
2277
625
675
6355
552
2254
123
4961
1221
6517
424
1577
1105
5412
500
441
143
1261
2170
1261
2860
450
221
2850
55
1197
0
1738
916
965
1730
2940
2975
675
2639
490
3969
735
916
2835
560
4758
1456
426
2109
4625
408
255
2744
1884
1269
4653
4819
518
1738
798
3861
2100
540
165
1116
1110
2227
4465
2445
6930
714
4875
4896
0
210
4171
2114
2556
5307
602
0
0
312
936
25
2384
1870
5355
109
2772
909
3219
567
1183
0
4104
1421
970
48
6460
1207
243
2170
0
1155
535
1045
3474
1560
215
5175
645
1566
1365
477
153
3036
4008
2223
4536
2790
4437
3977
1040
1910
1139
186
170
1026
1015
0
2573
0
1287
454
4717
4560
1144
1135
945
0
295
1633
4323
2166
99
110
714
3614
4240
1456
0
2365
0
1261
5775
3550
1105
1067
517
999
927
5346
1002
0
666
5395
5037
4746
1649
844
580
3666
5310
375
0
6063
4532
2170
669
3720
4171
2419
0
520
1683
66
5746
774
2639
351
6241
884
3474
2926
2574
3940
6031
5068
648
4599
4725
0
4669
3861
2665
6592
6345
2573
351
5893
916
3298
916
5658
434
2170
2028
115
4509
0
4872
2369
2200
1519
489
1122
2106
1581
0
916
423
3290
3078
805
4018
1278
4250
366
180
0
118
4275
2254
454
254
5100
2523
3255
4161
1379
5886
1905
1183
1071
1768
1518
6084
1384
5845
169
5845
6138
2301
615
2030
1704
1677
5130
2016
4512
2366
1911
1755
5395
6549
77
870
2550
916
1452
4042
5893
2805
1254
3861
5307
714
119
954
6943
660
870
0
748
2172
990
5307
2079
665
651
1035
172
870
320
1210
6174
4342
5916
687
2640
3850
78
4625
4978
35
1903
3366
3995
1632
6745
805
