7973
47460
43371
73350
10812
14928
74582
93005
37999
7709
6783
25641
17060
22836
32980
831
79323
104041
23475
45645
9204
4145
18259
49470
59664
0
14832
19303
11178
8433
1274
17499
1625
3325
79670
103251
57951
13005
84412
9695
54901
9925
39250
9339
117174
2233
69678
3416
12985
65741
127239
3681
4725
8211
10300
35890
22359
58625
16701
43531
6699
2754
84423
27115
45171
46095
4121
111420
9272
6895
54180
37759
37859
44671
0
2820
45305
34225
4056
17628
55620
5835
12636
28764
92158
53193
8919
12488
4113
54366
20937
86513
74580
88625
67068
57129
2520
24144
7497
58278
41048
18473
27528
17013
77745
19825
20925
18330
53406
62335
4941
32085
1001
121030
39468
23540
65844
2794
1826
82228
38915
1656
25585
80411
63882
92644
47208
5243
0
68145
36203
18360
5031
35242
5643
5658
2807
6678
54876
32398
26775
20459
14580
70266
96159
3372
909
18625
2105
9177
38115
17458
100859
1037
10783
73569
7528
2148
29575
15890
20418
711
30076
57500
4635
70821
53214
2294
27636
6290
97194
31244
5080
10857
74736
2534
57181
10275
4626
25389
10050
8973
48075
112749
5368
37635
26230
129687
12896
76300
58830
37323
9885
37835
133042
6783
32756
36975
1906
15705
86897
9790
69785
48645
2965
16613
13651
1386
54173
86904
69455
96740
25806
8952
945
24486
31872
2265
16775
13806
77235
28512
111125
25650
94254
89310
101244
29449
62646
13616
8094
72581
102011
26840
22839
17195
0
26361
150
8168
1746
10269
118989
4788
38038
14630
32671
11165
28791
32025
5500
78260
42840
8883
32171
74648
44736
1380
70950
11684
56259
124559
80340
34762
37000
66489
82656
93366
108916
21825
7799
22470
14596
9876
59892
58463
35451
40721
3537
1470
21432
11615
17967
30615
87153
44250
66564
34225
34026
12700
17901
5971
10803
113206
77430
111555
74260
6055
11298
59126
18537
15150
113620
8775
37682
6696
83835
11652
39474
109326
34359
17649
0
1911
20459
58674
34823
13020
36214
45846
83850
15984
11748
45913
58740
9185
91773
87230
17150
19935
41325
30020
520
21060
13594
13733
5005
11196
75057
63481
107565
130130
86333
6417
11453
20418
90009
15785
59961
2224
10235
9671
30030
27255
14625
15093
6355
6525
1530
26070
36805
56028
410
22287
9085
205
58092
6251
519
53428
83895
4845
8700
30439
107690
18135
16226
42861
44289
40779
40700
126675
37455
14940
78012
77283
46534
4545
3099
64314
12156
87791
52845
14798
40979
27370
35189
39645
76110
93775
17490
2300
2510
92055
2485
63630
90090
14965
50310
0
66409
54395
35471
133043
2363
116544
50895
22278
2764
11604
65600
59925
23896
51086
1041
54600
48389
10879
89241
34867
115839
117183
71531
14175
3444
3436
8415
38625
58995
33579
36951
31595
8148
25707
110826
28251
19383
58100
15483
45870
128081
12355
28804
88151
10241
11309
16892
5251
1015
19994
519
6318
57816
8455
64239
8967
1411
4430
49324
50443
48327
15195
115635
23074
7240
66451
24167
12300
3990
28077
30686
64655
10563
3905
130754
33135
29480
1320
2365
5002
50339
5214
89
16530
50025
17712
43605
8570
8636
5525
44526
20430
25311
60060
68838
9189
15300
24072
52073
3924
64813
22365
41919
4536
3699
5154
9620
21965
14100
105050
88146
9559
110295
40131
34894
25857
4665
13923
33370
8200
46438
1426
29550
109564
119
42205
86699
0
1037
