27642
49665
94800
14385
37539
0
28640
78507
43516
30954
59840
28797
109265
71816
26322
3956
14732
523
1521
28379
49662
13095
28217
479
45323
27432
51813
15128
15531
70300
6708
31977
8246
29359
48724
30392
1564
52402
130062
12215
6090
40755
52538
76893
42570
17672
7620
28035
68744
26013
1257
31185
18335
80775
64922
941
24299
73177
78873
3289
1484
10044
62553
2625
70500
20305
52341
51761
11583
16380
92209
64703
12059
86394
8653
114814
61572
89080
11441
27120
9189
9650
6149
108142
35643
6765
72242
120701
26668
25788
54325
85880
29678
20774
44096
12321
1563
17179
78735
38181
32883
88540
49320
1988
8041
8352
8937
5262
10824
99620
17570
90226
10569
27055
44296
6695
26348
0
41405
107735
522
34335
38829
73509
53148
12054
22875
80698
77145
69058
26288
81620
116130
29171
2548
1480
36040
0
97911
41958
7443
55828
9230
13101
6617
64413
89835
96755
115825
7352
1572
1878
29087
1053
28125
34451
68228
29535
29538
103917
2610
3465
105735
44547
7293
25547
108537
6677
20451
35378
54417
2690
29394
99443
38001
987
50337
522
25023
36520
16905
101848
23592
3432
14925
3735
29043
10044
4428
93288
5406
41875
651
52269
32428
28044
76285
48519
2301
9825
34207
22655
116910
118827
127455
40710
0
17963
49742
40317
84208
63308
48422
52215
96503
104625
7210
3417
3861
28609
100716
44082
0
16900
309
3332
29445
50875
24395
40870
40629
25950
42066
25675
0
5412
28731
10710
1572
51726
11629
100620
33638
9339
12987
49126
53037
11309
37230
78285
8478
38409
41875
49473
98828
85684
29892
54115
40375
96868
4012
63252
15314
11063
91698
74725
12597
5989
39858
40612
12971
5035
27553
77268
57785
22333
27900
36121
6496
25116
16473
25662
3069
119925
6069
107350
48513
3764
10488
17523
60900
631
11109
37513
35742
4446
1047
22113
19712
129675
52675
16021
33947
108075
11063
253
34938
6293
60499
6736
52746
2094
57684
19721
7200
19089
75225
7175
10250
10960
581
6708
22995
16031
4575
46922
111
16110
25785
