2398
6261
9
136
6572
2469
0
195
735
555
16
6931
38
35
42
643
9536
122
1431
3475
31
9571
2512
347
19
6438
1011
8572
337
13415
32
12689
179
173
5165
369
21
2332
364
53
3305
14844
2390
1550
3075
13514
3363
42
1890
571
2254
210
5887
518
1009
316
4461
12509
2297
14281
6423
63
10745
30
12277
9155
304
616
506
4336
965
12852
459
14820
829
36
4074
2065
1761
1789
4494
1640
513
361
228
14580
9032
1850
2530
132
1917
248
3434
2233
1884
10373
3297
2069
4368
1210
7047
4875
12
6931
5
4999
130
8746
1607
15032
1434
2311
2238
3462
6818
3042
9788
1585
410
64
1041
358
510
258
29
2948
141
828
6276
2335
749
304
12737
3874
1380
513
13348
2233
921
2852
275
535
62
7902
2981
5253
2285
1640
227
2401
438
5956
1131
80
6612
833
5404
58
151
1727
515
2058
4783
5467
3016
0
107
7607
137
311
3878
2337
4814
6308
6468
3194
5887
160
174
138
136
0
1040
6788
377
2248
2343
1999
2238
943
1125
460
39
2787
3525
5543
71
275
73
132
316
2633
8572
7783
2660
4354
187
8572
5380
10039
174
35
666
0
0
0
4357
7
89
1870
7559
921
14313
43
716
38
1550
3367
0
616
15049
12923
39
118
1588
525
393
12852
517
4794
296
535
482
15
8399
13830
2232
0
738
1113
1901
5950
3367
616
10373
119
2202
581
412
4426
204
1802
525
0
830
3020
0
495
90
308
14281
182
2322
122
4857
2783
1091
14861
4758
20
1241
434
173
262
567
243
1789
2256
510
714
2070
6101
2719
2938
14880
2238
0
30
679
2771
5645
957
2349
7
14616
5271
240
7
210
1748
328
12224
8399
125
14131
6771
1040
110
118
42
10
1530
693
4536
1986
797
3111
5200
2994
11690
154
2098
6142
1797
5377
92
1040
191
396
14474
3016
50
243
81
35
2036
403
528
2515
6102
1542
444
770
716
309
201
4
51
21
0
158
9490
352
289
12557
2332
6223
358
319
2808
12209
2661
282
5329
2967
196
2025
2005
12678
96
0
326
5347
5334
272
462
467
2202
13737
2249
45
705
138
14951
200
2352
559
7783
22
311
1750
9082
2431
6031
2145
340
1867
5282
6459
2447
140
97
109
108
173
4606
893
337
2627
6080
4728
418
616
426
1117
2100
467
11909
2436
397
4903
14123
5733
13776
54
2482
32
12624
4528
1009
9032
2508
65
6246
31
3457
3597
0
1186
6974
1091
133
2517
2134
13823
7392
275
3434
388
9976
4472
81
8081
130
282
1594
4900
364
380
10926
1186
311
3042
452
191
2085
6425
6615
6974
7559
255
7783
217
470
0
31
1149
10
8211
6431
4
41
4531
682
4758
1902
188
174
3943
0
319
290
2508
12
154
4785
1169
5921
5117
5
7783
495
0
7902
70
2981
503
4946
372
1343
738
4
4946
5324
2920
378
396
7013
511
96
198
2582
0
0
4559
509
12933
1354
220
2688
347
1575
665
1640
174
1237
12016
380
2920
6811
408
