7740
1268
18198
61858
1895
12648
17316
7488
33129
6513
5450
12155
10491
38025
12927
16576
44341
2265
5071
42804
15194
71281
17055
3325
44681
78045
265
3699
41583
7277
15283
2345
26607
60632
35928
63973
61506
45761
52490
4275
49665
68092
22059
6150
54978
9900
76773
74518
5192
4725
2613
17716
92933
8799
17472
6208
482
44820
5628
1781
26085
9597
93644
103025
14630
29541
8037
24750
31115
4752
40793
69625
25645
21369
24321
64578
2880
8855
94957
59058
449
20234
23121
624
9499
77185
42168
51612
2324
84727
14877
4833
39550
93
57232
95658
7110
42143
8493
45976
25668
20515
77903
11820
48462
47502
79065
8950
86904
8283
11637
15015
99485
31833
2673
2349
27999
47634
19527
61503
67525
12963
44571
49419
20382
11125
42828
76653
279
32868
3176
72593
42978
10263
64798
10005
44099
21336
17050
6255
11583
49599
26255
56619
59898
36974
21063
9683
25346
40905
4525
66688
22220
35588
805
54483
43877
8073
40553
28677
16765
36975
18888
69894
52820
3308
27492
21879
69870
1425
8850
42749
75735
17668
13530
31710
7518
7208
80675
58812
53853
97585
6461
13986
479
10212
4167
21912
12276
80598
10906
13065
69471
50358
24752
32130
3165
23247
88660
57088
9290
8729
59613
5322
63457
33666
62409
18961
69174
17473
8295
14157
18300
22080
14245
66216
23405
95378
17400
49000
0
85089
5436
13132
3185
21275
44307
68343
9660
10800
993
228
909
43112
102610
70470
13808
34254
1257
2057
73386
18972
10471
47005
21306
39273
29078
3744
67527
41195
41950
51775
91409
83923
21624
23028
23166
50283
82800
24614
6720
39105
25320
16940
101671
34062
46989
14991
9488
27186
64771
38799
77832
39117
45090
24257
16191
10092
32763
13923
11292
77250
11970
60711
51660
58800
35145
16576
14128
5691
38626
29181
9430
20184
37433
1344
47685
90900
955
72760
15283
9180
3244
42241
7144
34028
48822
40920
85481
1269
6149
15582
2075
2058
94800
15820
5406
3348
59041
48659
71791
15102
3378
71154
18495
4148
15015
1742
7353
11172
30033
13182
28702
24734
1827
80115
41847
46238
78914
13311
4983
11713
76982
5322
60507
63700
19170
44838
2175
19437
27156
26315
1268
108796
95608
4884
46895
20096
68526
7815
44163
44385
11637
60755
3171
21432
49126
11985
36993
7005
15975
6840
20241
44191
20910
8415
5319
23604
39618
73139
320
20996
2219
48480
9900
24820
6447
15175
28310
13398
21996
29436
21168
20418
86866
110137
52969
104975
29190
39061
10295
103861
51603
68600
11858
11130
547
31262
2728
16023
90750
21369
5180
45323
26465
82203
13408
71155
474
12448
31044
2670
28994
8505
55959
60297
52925
7725
43725
8690
35640
34486
14329
77490
28045
905
60375
39339
38115
1918
11155
1173
4161
34655
11820
52500
71448
38784
26058
29682
1534
30118
14705
15163
10325
111228
3468
27071
46991
103075
7208
97150
17493
41606
1690
40362
16677
27722
18241
18755
25392
16104
48678
467
1338
2814
222
14734
58869
702
88711
51909
87150
1875
71829
30636
86125
74196
6375
85212
7929
37236
7830
11268
13150
12903
3736
47702
5150
81420
25377
113487
3404
19575
6216
63898
2618
93138
53625
50457
7455
82503
49464
55929
29512
10032
2842
8379
15471
982
17625
73220
0
6629
19320
94381
8671
5143
68526
82767
7786
28782
69650
38637
2685
8475
109725
0
45390
8892
81328
93010
79499
4238
48875
94563
63531
83386
108801
5430
19200
63810
32829
82350
22110
6149
51612
22724
2370
22605
12082
34658
12075
27132
15393
4268
38232
52479
52380
23247
477
21369
66199
50715
24038
20501
9705
22059
18565
30441
22892
10660
114310
36582
6648
64144
59598
1909
45854
41124
4221
13872
12462
2212
11825
0
99796
34503
35457
26334
44775
74881
32339
2361
8569
9408
5389
1329
10915
15759
5262
100260
70482
1515
46151
17958
14160
28251
30831
75330
58982
44505
36078
44343
26985
19491
80518
8246
53751
46095
57451
60021
1633
25194
63535
75492
2210
63603
5980
74175
42108
50274
32571
10656
3484
24038
76680
24696
2060
47401
14922
26560
85725
19985
3318
71136
23403
23733
20700
9405
17319
59925
12079
95475
14781
12181
83166
27753
18450
13230
63976
23851
35485
30134
23485
57435
56027
9462
104601
43128
17862
92745
5434
1922
31950
41785
64183
16575
7421
67164
22311
1813
0
27593
20210
15450
18573
13332
30375
27497
1503
52936
28718
0
3366
28119
8658
17232
30267
79431
40887
98745
71725
9757
55438
34529
13910
19581
44309
35308
48678
35738
9735
2175
610
5950
73125
9027
1315
38304
12957
7749
34310
9408
53067
17980
331
24963
2360
108900
84058
21266
3000
56265
14736
37940
1111
2524
19500
18865
35920
13456
24192
7786
25487
8325
40994
38836
73220
75555
42300
13459
10434
21105
31155
52972
8118
40460
15279
11799
6160
7035
9300
15249
