0
0
0
0
0
0
0
0
0
0
0
0
1460290380
0
0
0
0
0
0
0
0
0
0
0
0
0
0
0
0
0
0
0
0
0
0
0
0
0
0
0
0
0
0
0
0
0
0
1519449326
0
0
0
0
0
0
0
0
0
1283020991
0
0
0
0
0
0
0
0
0
0
0
0
491458578
0
0
0
0
0
0
0
0
0
0
0
0
0
0
0
0
0
0
0
0
0
0
0
0
0
1080132371
0
0
0
0
0
0
0
0
0
0
0
1147357430
0
0
0
0
0
0
0
0
0
0
0
1068790128
0
0
0
0
0
0
0
0
0
0
0
0
684723945
772394121
0
0
0
0
0
0
0
0
0
0
0
0
0
0
0
0
0
1390307235
0
0
0
0
0
0
0
733676706
0
0
0
0
0
0
0
0
0
0
0
0
0
0
0
0
0
0
0
0
0
0
0
1478034861
1586427336
0
0
1582413261
0
1583804628
0
0
0
0
0
0
0
0
0
0
0
0
0
0
1589343245
0
757112541
0
0
0
0
0
0
151596630
0
0
0
0
0
0
0
0
0
0
0
1590292403
0
0
0
0
0
0
522407107
0
0
0
0
0
0
0
0
0
0
0
0
0
0
0
0
0
0
0
0
0
0
0
0
0
0
0
0
0
0
0
0
0
0
0
0
0
0
1123460810
0
0
0
0
0
0
0
0
0
0
0
0
0
0
0
0
0
0
0
0
0
0
0
0
0
0
1369557471
0
0
1034849595
1068337725
0
0
0
0
0
0
1224271421
0
0
0
0
0
0
0
0
0
0
0
0
0
1587586065
0
0
0
0
0
0
0
0
0
0
0
0
0
0
0
0
0
0
0
0
0
0
9236726
0
0
0
0
0
0
0
0
0
0
0
0
0
0
0
0
0
0
0
0
0
0
0
0
0
0
0
952235895
0
0
0
0
1117727016
669335205
0
0
0
0
0
0
0
0
0
0
0
0
1418134230
0
0
0
0
0
1522027503
1411078778
0
0
0
0
0
0
0
0
0
0
0
0
0
1305418851
0
0
0
0
0
0
0
0
0
0
0
0
0
0
0
0
0
0
0
0
0
0
0
0
0
667832165
0
0
0
0
0
172656521
0
0
0
0
0
0
0
0
601909191
0
0
0
0
0
0
0
0
0
0
0
0
0
0
1136030471
0
874044395
0
0
0
0
0
0
0
0
0
1589781615
0
0
0
0
0
0
0
0
0
0
0
0
0
0
0
0
0
0
0
0
1283293791
0
0
0
1556087003
341902106
0
0
1589861403
0
0
0
0
0
0
0
0
0
0
0
0
0
0
0
0
0
0
0
0
0
0
0
141277686
0
0
0
0
0
0
0
0
0
0
0
0
0
0
883402551
0
1259467953
0
0
0
0
0
969907176
0
0
0
0
0
0
1129979571
0
0
0
0
735207840
0
0
0
0
0
0
0
0
324450080
1550460410
981445535
0
0
0
0
1578679755
0
0
832223528
0
0
0
0
0
0
0
0
0
0
0
1556003778
0
0
0
0
0
1576518225
0
0
0
0
0
156099576
305683551
0
0
0
0
0
0
202585701
0
0
0
0
1454453385
0
0
0
0
0
0
523850070
0
0
0
1402972406
0
0
1271479395
0
0
0
0
0
0
0
0
0
0
0
0
0
0
0
1549449666
0
0
0
0
0
0
0
0
0
0
0
0
0
0
0
0
0
0
0
0
0
0
0
0
0
1127639310
0
0
0
0
0
0
0
0
0
0
0
212053611
0
0
0
0
0
0
0
0
959859966
0
0
0
0
0
0
0
0
0
0
0
0
0
0
931296316
0
0
0
0
84687885
1315245221
0
0
2650889
0
0
0
0
0
0
0
0
0
0
0
0
0
0
0
0
0
0
1586589036
0
0
0
0
0
0
0
0
0
0
917544320
0
0
0
0
0
0
0
0
1585549403
0
0
1186958304
0
0
0
0
0
0
0
0
777443121
0
0
0
0
0
0
0
396856590
0
0
0
0
0
233967311
1235686071
0
0
0
0
0
0
0
1223729811
0
0
0
0
0
0
0
0
0
0
0
0
0
0
0
0
0
0
0
0
0
0
0
0
0
0
0
0
0
0
0
769924536
0
0
0
0
0
0
0
0
0
0
0
0
0
0
0
0
0
0
0
0
0
0
0
0
0
0
0
0
0
0
0
0
0
0
0
0
0
0
0
0
0
0
0
481024911
0
0
0
0
0
0
0
0
0
0
0
0
0
0
0
0
0
0
0
0
0
0
0
0
0
0
0
0
0
0
0
0
0
1282574330
1585796156
0
826565628
0
0
0
0
0
0
0
0
0
0
0
0
0
0
0
0
0
0
0
0
0
0
0
0
435002480
1470156831
0
0
0
0
0
0
0
0
0
349437006
780263736
0
0
0
0
0
0
0
0
0
0
0
0
0
0
0
0
68288796
0
1504957535
0
0
0
0
0
0
0
0
0
320219378
0
0
0
0
0
0
0
0
0
0
0
0
0
0
0
941539299
0
1354743903
0
0
0
0
0
0
0
0
0
0
0
0
0
0
0
0
0
1587740730
0
0
0
1191151628
0
0
0
0
0
0
0
0
0
0
0
0
1590633153
0
0
0
0
0
0
1166178060
0
0
0
0
0
0
1584909300
0
0
0
0
0
0
698209530
1167112341
0
0
0
0
0
0
0
0
0
0
0
0
0
0
0
0
0
0
0
0
0
0
0
0
0
0
0
0
0
0
0
49025778
0
0
0
0
0
0
0
0
0
0
0
0
0
151221066
0
0
0
545840740
0
1525417806
0
0
0
0
0
0
109174445
0
0
0
0
0
0
0
0
0
1244424636
0
0
0
305660546
0
0
0
0
0
0
0
0
0
0
1435171976
0
0
0
0
0
0
0
714777821
0
0
0
0
0
1025253957
0
0
1589833056
236362416
0
0
0
0
0
1590495300
0
0
0
0
0
0
0
0
0
0
0
0
0
0
0
0
0
0
0
0
0
0
0
0
0
0
0
0
0
0
0
0
0
0
0
0
0
0
0
0
0
0
0
0
0
0
0
0
0
0
544260528
0
0
0
430960526
0
0
0
0
0
0
0
0
0
0
102035076
0
0
0
0
0
0
0
0
0
0
0
0
0
0
0
0
0
0
0
0
0
0
0
0
0
0
0
0
1166384391
0
0
0
0
0
0
0
0
0
0
0
0
0
0
0
0
0
0
0
0
0
0
0
379299375
0
0
0
0
0
90006686
0
1077732971
0
0
0
0
0
0
0
0
0
0
0
0
0
0
0
0
0
0
0
0
0
0
0
1555047945
0
0
0
0
1299995190
1333656278
0
0
0
0
1478888778
0
0
1590610245
0
1331019540
0
0
0
0
0
0
433800255
1437351090
1252118175
0
0
0
0
0
0
1006660830
0
1120092225
0
0
0
0
0
0
0
0
0
0
0
0
0
0
0
0
0
640175606
0
0
0
0
0
0
0
0
0
0
0
0
0
1423351335
0
0
0
1145569040
0
0
0
0
522741157
0
0
0
0
0
0
0
0
0
0
0
0
1150122320
0
0
1188376611
0
0
0
0
0
1451957910
0
0
0
0
0
0
0
0
0
0
0
0
604531151
0
0
0
0
444118965
0
1257328296
0
0
0
0
0
0
0
0
0
0
0
0
0
0
0
0
0
0
0
0
1148607161
0
0
0
0
0
0
0
0
0
0
0
0
0
0
0
0
0
0
0
0
0
1273975878
0
0
0
0
0
0
0
0
0
0
0
0
0
0
0
0
0
0
0
0
0
1489409610
0
303175266
0
0
0
0
0
237975315
0
0
0
0
0
0
0
0
0
0
1556979461
1089895278
0
0
0
0
0
0
0
0
0
0
0
0
0
0
0
0
1238929380
0
0
0
0
0
0
0
0
0
0
1065781206
0
0
0
0
0
0
0
0
0
391230675
0
0
0
0
0
0
0
0
426670281
0
0
0
0
0
0
0
0
0
0
0
0
0
0
978159906
0
0
0
1510748360
0
0
0
0
0
0
0
0
0
0
1432782071
0
0
0
0
0
0
1481682176
714484815
1574321066
0
0
0
837394642
0
0
0
0
0
0
0
1589990028
0
0
0
0
0
0
0
0
0
0
0
0
0
0
0
0
0
0
0
683616878
0
0
0
0
0
0
0
0
0
0
129354515
0
0
0
0
1501826291
0
0
0
0
0
0
0
433222965
0
0
0
0
0
0
0
0
0
0
0
0
0
0
0
1280385990
0
1589174895
0
0
1269809628
0
0
0
0
994396095
227657040
0
0
1354330995
0
0
0
0
0
0
0
0
0
0
0
0
1589473830
0
0
0
0
0
0
0
0
0
0
0
0
0
0
0
0
0
0
0
0
0
0
0
0
1457677511
0
0
0
0
0
0
0
0
0
0
0
0
0
216041445
0
0
0
0
0
0
0
0
0
0
1088343350
0
0
0
0
0
0
0
0
0
0
1115787435
0
0
0
0
0
0
0
0
0
0
0
0
1562967116
0
0
0
0
1555107011
0
0
0
0
0
0
0
0
0
0
0
0
274909355
0
0
0
0
0
0
0
0
0
0
0
0
0
0
0
0
0
0
0
0
0
0
0
0
0
0
0
0
0
0
0
0
0
0
0
0
0
0
0
0
0
0
0
0
0
0
0
1369073528
550062396
1256242953
0
0
0
0
0
1566480960
0
0
0
0
0
0
0
0
531642153
0
0
0
0
0
0
0
0
0
0
0
0
0
0
0
0
1589933816
0
0
0
1311973161
0
0
0
0
0
0
0
0
0
0
0
0
0
1590093666
0
1211134830
0
0
0
0
0
0
818794046
0
0
0
0
0
0
0
0
0
0
0
0
0
0
0
0
0
0
1581305121
0
1081090556
0
0
0
0
0
1522647126
198420110
0
0
0
0
0
0
1140752403
0
0
0
0
980013528
0
0
0
0
0
0
0
0
0
837782796
0
0
0
0
0
0
0
0
0
0
0
0
0
0
0
0
0
0
0
0
0
0
0
0
1555887095
0
0
0
0
0
0
1538223003
0
0
0
0
0
0
0
0
0
0
0
0
0
0
0
0
0
0
0
0
0
0
0
0
0
0
0
0
0
0
0
0
0
0
0
176913681
0
0
0
0
0
0
0
0
0
1454676128
0
0
0
0
1513518153
0
0
0
0
0
0
0
0
0
0
0
0
0
0
0
0
0
0
0
0
1481992010
0
0
0
0
0
0
0
0
0
0
0
0
0
0
0
0
0
0
301347876
0
0
0
0
0
0
0
0
0
453151653
0
0
0
0
0
0
0
0
0
0
666886770
0
0
0
0
0
0
0
1053200115
0
0
0
0
0
0
0
0
0
0
0
0
0
0
0
0
0
0
0
0
0
779797330
0
0
0
0
0
0
0
0
0
0
0
0
0
0
0
0
0
0
1378239828
0
0
0
0
0
0
0
0
0
0
0
0
0
0
0
0
0
0
0
0
0
0
0
0
0
0
0
0
0
0
0
0
20576703
0
0
0
0
0
0
0
0
0
0
0
440860371
1068983955
0
0
0
0
0
0
0
0
0
0
0
0
0
0
0
0
800228726
0
0
0
0
0
0
0
0
0
0
0
0
0
0
0
0
0
0
0
0
0
0
0
0
0
0
0
0
0
0
0
0
0
0
0
0
0
0
0
0
0
0
0
0
0
0
0
0
0
0
0
0
0
0
0
0
0
0
0
0
0
0
0
0
0
0
0
0
0
229859685
0
0
0
0
0
0
0
0
0
0
0
1551750330
0
0
0
0
0
0
0
0
0
527173266
0
0
0
0
0
0
0
0
0
1440833390
0
0
0
0
0
0
0
0
0
0
0
0
0
0
0
0
0
1275735153
0
1573720830
0
0
0
0
0
0
0
0
0
0
0
0
0
0
0
0
0
0
0
0
0
0
0
0
0
0
0
0
1239989520
0
1590352991
1185392721
0
0
0
0
0
0
0
0
0
0
1572264060
0
0
0
0
0
0
0
1103629751
0
0
0
0
0
0
0
0
0
0
0
0
0
0
0
1094284620
0
0
0
0
0
0
0
0
0
1120950831
0
0
0
0
0
1292081703
0
0
0
0
0
0
0
0
0
0
490661346
0
0
0
0
0
0
0
0
0
1543811685
0
0
0
0
0
0
0
0
0
0
0
0
0
0
0
0
0
0
0
1425593871
0
0
0
0
0
0
122879025
0
0
0
0
0
0
0
0
0
0
0
0
0
0
0
0
0
0
0
0
0
0
0
0
0
0
0
0
0
123510041
0
0
0
0
0
0
0
0
0
0
0
0
0
0
0
1352348378
0
0
0
0
0
0
0
0
0
0
0
0
0
0
0
0
0
0
0
0
0
0
594424203
0
0
0
0
0
274909355
0
0
0
0
0
0
0
0
0
0
0
0
0
0
1485632141
0
0
0
0
266843166
0
0
0
0
0
0
0
0
0
0
0
1080164325
0
0
0
0
0
0
1555519101
0
0
0
0
0
0
0
0
1114800731
0
0
1513813224
0
0
0
0
0
0
0
0
0
0
0
0
0
0
1076707515
0
619601278
0
0
0
0
0
0
654985236
0
0
0
0
0
0
0
0
0
0
0
0
0
0
0
0
0
0
0
0
0
0
0
0
0
0
0
0
1442111703
0
0
0
0
0
0
0
0
0
108357830
0
0
0
0
0
0
0
0
0
0
0
0
0
0
0
0
0
0
0
1541360060
0
0
0
0
0
0
0
1589180091
0
0
0
0
0
0
0
0
0
0
0
697786995
0
0
0
1569229431
0
0
0
0
0
0
0
0
0
0
0
0
0
376147151
0
1132435005
0
0
0
0
0
0
0
0
0
0
0
0
0
0
1244293046
0
0
0
0
0
1216105271
0
0
1077925130
0
0
0
0
0
0
0
1414361375
0
0
0
0
0
0
0
0
0
0
0
0
0
0
0
0
0
0
0
0
0
0
0
0
0
0
0
0
0
0
0
1298546700
0
0
0
0
0
0
1436034915
0
0
0
0
0
0
0
1582461975
0
1414286253
0
0
0
0
0
0
0
0
0
0
0
0
1589872860
0
0
0
0
0
0
0
0
0
0
0
1590660386
0
15641531
0
1588225401
0
0
0
0
0
248306201
0
0
0
0
0
0
1419709620
0
202216850
0
0
0
0
0
0
0
0
0
0
0
0
0
0
0
0
244261628
0
0
0
0
0
1137627255
0
541833509
0
0
625205753
0
0
0
0
0
0
0
0
0
0
0
0
0
0
0
0
0
0
0
0
1527985403
0
0
0
405733185
0
0
0
0
0
0
0
0
0
0
0
0
0
0
0
0
0
0
0
0
0
0
0
0
234071490
0
0
0
0
0
0
0
0
0
0
0
0
0
0
0
0
0
0
0
0
0
0
455916426
0
0
554673586
0
0
0
0
0
0
0
0
0
0
234331920
0
0
0
0
365923628
0
109718730
1433563005
0
0
0
0
0
0
1033147878
0
0
0
0
1319779680
0
0
0
0
0
0
0
0
0
0
0
0
0
0
0
0
0
0
0
0
0
1379330886
0
0
0
0
0
0
0
98814030
0
0
0
0
0
0
0
0
0
0
0
0
0
0
0
0
0
1329170391
0
0
0
0
0
0
0
0
0
0
0
0
0
0
0
0
0
0
0
0
0
0
0
0
0
0
0
0
0
514777328
0
0
0
213261065
0
0
0
0
0
0
0
0
0
0
0
0
0
0
0
0
0
0
0
0
0
0
1022073903
0
0
0
0
0
0
0
0
0
0
0
0
0
0
0
1585954205
0
0
0
0
0
0
0
0
0
0
0
0
754088346
1508084028
0
0
1161652128
0
0
0
0
0
0
0
0
0
0
986600745
0
0
0
770815635
1554819660
0
0
0
0
0
0
0
0
0
0
0
0
0
0
0
0
0
0
0
1195436736
997396725
0
0
0
0
0
0
0
0
0
0
0
0
0
0
0
0
0
0
803406366
0
0
57897378
0
0
0
0
0
0
0
1294325721
1588365081
0
0
0
0
0
0
0
0
0
0
0
0
0
573875346
0
0
0
0
0
0
0
0
0
0
0
0
1013204286
0
0
0
0
0
0
0
1331361255
0
0
0
0
0
0
0
0
0
0
0
0
0
0
86279028
0
0
0
0
0
0
0
0
0
0
0
0
0
0
0
0
0
0
0
1590555141
0
0
753392825
0
0
0
0
0
0
0
0
0
45692328
0
0
0
0
0
0
542704535
0
0
0
0
0
0
1589088753
0
0
0
0
0
0
0
1578762885
0
0
0
0
0
0
0
0
0
0
0
0
0
0
0
0
0
0
0
0
727122945
0
0
0
0
0
0
0
0
0
0
1589265366
0
0
0
0
0
0
0
0
0
0
0
0
0
0
1588806261
0
1137055146
0
0
0
0
1520933451
0
0
0
0
0
0
0
1562571153
0
544443510
0
0
0
0
0
0
0
0
0
0
0
1446627555
0
0
0
0
0
0
0
0
0
0
0
0
0
0
0
0
0
0
0
0
0
0
0
0
1587424881
0
0
0
0
0
0
0
0
0
0
0
0
0
0
0
0
0
0
0
0
0
0
0
0
0
0
0
0
0
0
0
0
0
0
0
0
0
322839216
0
0
0
0
0
0
462813641
0
0
0
0
0
0
0
0
0
0
0
0
0
0
0
0
0
0
1411798251
0
0
0
0
0
0
0
1453684778
0
0
0
0
0
0
0
0
0
0
0
0
0
0
0
0
0
0
381906710
0
0
958545060
0
792616230
0
0
0
0
0
0
0
0
0
0
0
0
0
0
0
0
0
0
0
0
0
0
0
0
0
0
0
0
0
0
0
0
1292570253
0
0
0
0
0
0
0
0
1497236121
0
0
1554181710
0
0
0
0
0
4058460
0
0
1272186465
0
0
0
0
0
0
0
0
0
0
1386546291
0
0
0
950233251
0
0
0
0
0
1350247850
0
0
0
0
0
0
0
0
0
0
0
0
681358071
0
0
0
0
0
0
0
0
0
0
0
0
0
0
0
0
0
0
0
0
0
0
0
0
0
0
0
0
0
0
0
0
0
0
0
0
0
0
0
0
0
0
0
0
0
0
0
0
0
0
0
0
0
0
0
0
1574326785
0
0
0
0
0
0
1561397028
0
0
0
0
0
0
1432141685
0
0
0
0
0
0
0
0
0
0
0
0
0
0
0
0
0
0
0
0
0
0
0
0
978964653
0
0
0
0
0
0
0
0
1432106070
0
0
0
0
0
0
0
0
178242731
0
0
0
777564105
0
0
0
0
0
0
0
0
1528822403
0
1529609580
0
0
0
0
0
0
0
0
0
0
0
0
0
0
0
0
0
0
0
0
0
0
0
0
0
0
0
0
0
1247444306
0
0
0
0
0
895125653
0
0
0
0
0
0
0
0
0
0
0
0
0
0
0
1538396981
0
0
0
0
0
0
0
0
0
0
0
641701011
0
0
0
0
0
0
0
0
0
0
1375053645
0
0
0
0
0
0
0
0
0
0
0
0
0
0
0
0
0
0
0
0
0
414770646
0
0
0
0
0
0
0
0
0
0
0
0
0
0
0
0
0
0
0
0
0
0
387799730
0
0
0
1209341870
0
990279528
0
0
0
171697778
0
0
0
0
0
0
0
0
0
0
0
0
0
0
0
0
0
0
0
0
0
0
0
0
0
0
0
0
0
0
0
0
0
0
0
0
802453746
0
0
0
0
0
0
0
0
894080931
0
0
26231390
0
1566536580
1251441278
0
637295795
0
0
0
0
0
0
0
0
0
0
0
0
0
0
0
0
0
0
0
0
0
0
805054757
0
0
1215811805
0
0
0
0
0
169351750
496423035
0
0
0
0
0
0
0
0
0
0
0
0
0
0
0
1400796078
0
0
1296658281
0
0
0
0
0
0
612269440
0
0
0
0
0
0
0
0
0
1475256185
0
0
0
0
0
0
0
0
0
0
0
0
0
0
1181854691
0
0
0
0
0
0
0
166472271
0
0
0
0
0
0
0
0
0
0
0
0
488314871
0
1590130871
0
0
0
0
0
0
0
0
0
0
0
0
1586733570
0
0
0
0
0
0
0
0
0
0
0
0
1574707680
0
0
0
0
0
0
1302233235
0
0
0
0
1339405253
0
0
0
0
0
0
0
0
0
0
1524385551
0
1589193903
0
0
0
0
0
0
0
0
0
0
0
0
0
1416775481
0
0
0
0
0
0
0
0
1484527671
0
0
0
0
0
0
0
0
0
0
0
0
0
0
0
782863119
0
1331839278
0
0
0
0
0
0
0
0
1269834960
0
0
909337251
0
0
0
0
0
0
0
0
0
0
0
0
0
0
0
0
1386930015
0
0
0
0
219238028
0
0
0
0
0
0
1026214206
0
0
1112978811
0
0
0
0
0
0
0
0
0
0
0
0
0
0
0
0
0
0
0
0
0
0
1572973181
0
0
0
0
0
0
0
0
0
424208256
0
0
0
0
0
0
647833806
243015920
0
0
0
0
0
170951865
502402875
0
0
0
0
0
0
0
928179206
0
0
0
0
0
0
0
0
0
0
0
0
0
0
0
0
0
1467707003
590134395
0
0
0
0
0
0
0
0
0
0
1370019878
0
0
0
0
1458865440
0
0
0
0
1587961791
0
0
0
0
1569216330
0
1580581635
0
0
0
0
0
0
0
0
0
77599851
0
0
0
0
0
0
0
1369389203
0
0
0
0
0
0
0
0
0
0
0
0
0
0
0
0
0
0
0
1495409100
0
0
0
0
0
0
0
0
0
0
0
0
0
0
0
1549158578
0
0
0
0
0
0
1477026980
1066558530
0
0
983050176
0
0
0
0
0
0
0
0
0
0
0
0
0
0
0
0
0
0
0
0
0
1500071415
0
0
0
788776278
1495105181
0
0
0
0
0
862451040
0
0
1062926090
0
0
0
0
0
0
0
0
0
0
0
0
0
0
0
0
0
0
0
163411216
1486514445
0
0
0
0
0
0
0
0
0
0
0
1243845453
0
0
0
0
0
0
0
0
0
1339517328
0
0
0
1454593653
0
0
0
0
0
0
0
0
0
0
0
0
0
0
0
538350780
0
0
0
1431410778
0
0
0
1332066753
0
0
0
1589582946
0
1542407181
0
0
0
0
0
0
0
0
0
0
0
0
0
0
0
0
0
1588377966
0
264269141
0
0
0
0
0
0
0
0
0
0
0
0
0
0
778410741
0
0
513431670
0
0
1116711540
836890028
0
0
0
0
0
0
698631965
0
0
0
0
1414830525
0
0
0
0
0
0
0
0
0
0
0
0
0
0
928725101
0
0
0
0
0
0
0
0
0
1390407315
0
0
0
0
0
0
0
1480913070
0
0
0
0
0
0
0
0
0
0
0
0
0
0
0
0
0
0
0
0
1095072020
0
0
0
0
1286582615
0
248306201
0
0
0
0
0
0
0
0
0
0
0
0
0
0
0
0
0
0
0
0
0
0
1108827541
0
0
0
0
0
0
0
0
0
0
0
0
0
0
0
0
0
0
0
0
0
0
0
0
0
0
0
0
0
0
0
0
0
0
0
0
731771225
0
0
0
0
0
0
0
0
0
0
0
0
0
0
0
1183168980
0
0
709118351
0
0
0
0
1467141785
0
0
0
0
0
0
0
0
0
0
0
0
0
0
0
0
0
0
0
0
0
0
0
0
0
1171640631
0
1428019740
901006176
0
0
0
0
0
0
1232802525
0
0
0
0
0
1580305671
0
0
0
0
0
0
0
0
0
0
0
0
0
0
0
0
0
834869646
0
0
0
0
0
451338426
0
1354895936
0
0
0
0
0
0
0
0
0
0
0
0
0
0
0
0
0
0
0
0
1566868956
375555653
0
0
0
0
0
1561595655
0
0
0
0
0
0
0
0
0
0
0
0
0
0
0
0
0
1584192005
0
1474769481
0
0
0
0
0
0
0
0
0
0
0
0
0
0
0
0
0
0
0
0
0
0
0
0
0
0
0
0
0
0
966272615
0
0
0
0
0
506178528
0
0
0
0
0
0
0
0
0
0
0
0
0
0
0
0
0
0
0
0
0
0
0
1252352328
0
0
0
0
0
33606296
327869766
0
0
0
0
0
0
0
1333792295
156635171
0
0
0
0
0
1287494406
0
308295360
0
0
1481667411
0
0
0
0
0
0
1250346401
0
0
0
0
0
0
0
0
0
0
0
0
0
0
0
0
0
1590579060
0
0
0
1314023403
0
0
0
0
0
0
434233128
0
0
0
0
0
0
0
0
0
0
0
0
0
0
801659456
0
0
0
1227081345
0
0
857251556
0
0
0
0
0
0
0
0
0
0
0
0
0
0
0
0
0
0
0
0
0
0
0
0
0
0
0
0
0
873362780
0
0
0
0
0
1572788235
0
0
0
0
1477117421
0
0
0
0
0
0
0
0
0
1438138095
0
1590612426
0
0
0
0
0
0
0
0
0
0
193770885
0
0
0
0
0
0
0
0
0
0
0
0
0
0
0
0
0
0
0
0
0
0
0
0
0
0
0
0
0
0
0
0
0
0
0
0
0
0
0
0
0
0
0
0
356601366
0
0
0
0
0
0
27182166
0
0
0
0
0
0
0
0
0
0
0
0
0
0
0
0
0
0
0
0
0
744365895
0
0
1215091878
0
0
0
0
0
0
0
0
0
0
908044631
0
1340390655
0
0
0
0
0
0
0
151489454
0
0
0
0
0
1055198231
627773075
0
0
0
0
0
0
0
0
0
0
0
0
0
0
0
0
0
955091375
0
0
0
0
0
0
0
826995585
0
0
0
174413375
0
0
0
0
0
0
0
1200481326
0
0
0
0
0
0
0
0
0
0
0
0
0
0
0
0
0
0
0
0
0
1431303675
0
214363061
0
0
0
182066903
0
0
0
0
0
0
0
0
0
0
0
0
0
1562081703
0
1162442661
0
637547511
0
0
0
0
0
1511177661
0
0
0
0
0
0
0
0
0
0
0
474561525
0
0
0
0
0
0
0
0
0
0
0
0
0
0
0
1490346711
1217636451
0
0
0
1116742328
0
0
0
0
1450337525
0
0
0
0
0
0
0
1410490770
0
0
0
599550903
0
0
0
0
0
0
0
0
0
0
0
1042557911
0
0
0
0
0
0
0
0
0
0
0
0
0
0
0
1405944375
0
0
0
0
0
0
0
0
0
1578164903
0
0
0
0
0
0
0
1484746116
0
0
0
0
0
0
0
0
0
0
0
0
0
1257173355
0
0
0
0
0
0
0
0
0
0
0
0
0
0
1527176591
1332657720
0
0
0
0
0
0
0
0
0
0
1265310111
1538468535
0
0
0
0
0
0
0
0
0
1574718981
0
417000381
0
0
0
0
1427243246
0
0
0
0
0
0
0
205587378
0
0
0
0
0
0
0
0
0
0
0
0
0
0
0
0
1575134306
0
0
0
0
0
0
0
0
0
1565440446
0
0
0
0
0
0
0
0
0
0
0
0
354961365
0
0
0
0
0
0
0
0
1216652481
0
0
0
0
0
0
0
273122871
887008551
0
0
0
1533469850
0
0
0
0
0
0
0
0
0
0
1460613150
0
0
0
0
0
0
0
0
0
0
0
0
0
0
0
0
0
1252430361
0
0
0
0
0
0
0
0
0
0
0
0
0
0
1584943215
0
0
0
0
0
0
0
0
0
0
0
0
0
0
0
0
0
0
0
1548242328
0
0
0
0
0
0
0
1259828180
0
324450080
0
0
1148339510
0
0
0
0
0
0
0
0
0
0
253017180
0
0
0
0
0
0
0
0
0
1588806261
0
0
0
0
0
0
0
0
0
0
0
0
0
0
0
0
0
0
0
0
0
0
710419545
0
0
0
0
0
0
0
539313966
0
0
0
0
0
0
0
0
0
0
0
0
0
0
0
0
0
0
0
1276512695
1507246503
96300291
0
0
0
0
0
0
0
0
0
0
0
0
0
1572746340
0
0
0
0
0
0
709454235
0
0
0
0
0
0
0
204007953
0
0
0
0
1569209778
0
0
0
0
0
0
0
0
0
1073367711
0
0
236362416
0
0
977424675
0
0
0
0
0
0
883026396
0
0
0
0
0
0
0
0
0
0
0
0
0
0
1487479245
0
0
0
0
0
0
0
0
0
0
0
0
0
0
0
0
0
0
0
0
0
0
0
0
0
0
0
0
0
0
0
0
0
0
0
0
0
0
0
0
538992953
0
0
0
0
0
0
0
0
1207350890
0
0
0
0
0
0
0
0
0
0
1586971403
514127805
1421516985
1042425465
0
0
0
0
0
0
1387776966
0
0
0
0
0
0
0
324949533
0
0
0
0
0
974479341
0
0
0
0
0
0
0
0
0
0
0
0
0
0
0
0
0
0
0
524496653
0
0
0
0
0
0
0
0
0
0
1159070516
0
236206278
0
0
0
0
0
0
0
0
428358401
902082801
1553426010
0
0
0
0
0
0
0
0
0
0
0
0
0
0
0
0
0
0
0
0
0
0
0
0
0
0
0
0
0
0
0
0
0
0
0
0
0
991226727
0
0
0
0
217337571
0
0
0
0
0
0
0
0
0
0
898773561
0
851572278
0
0
0
0
0
0
0
0
0
0
0
0
0
0
378413226
0
0
0
0
0
0
0
0
0
0
0
0
1565794421
0
0
0
0
0
0
0
0
0
0
1303145216
0
0
0
0
0
0
0
0
0
1098152601
0
0
0
0
0
837317070
0
0
0
0
0
0
0
0
0
0
0
0
0
0
0
0
0
0
0
0
0
0
1585322778
0
0
0
0
0
782195040
0
0
0
0
0
0
0
0
475317341
0
0
0
0
0
0
0
0
0
0
0
0
0
0
0
0
1401282953
0
0
0
0
0
0
0
0
0
1529100153
0
0
0
1339203455
0
0
0
0
0
1110657786
0
0
0
0
0
0
0
0
0
0
0
968179436
0
1388159531
0
0
0
0
0
0
0
0
1346792751
0
0
0
0
0
905751840
0
0
0
0
0
0
0
0
0
0
0
0
0
0
0
0
0
0
0
129895080
0
0
0
0
0
0
0
0
0
0
0
1527637800
0
0
0
0
1164109170
0
0
0
0
0
0
0
0
687616155
0
0
0
1255518411
0
0
0
0
0
0
0
0
442699201
1466811476
0
0
0
0
0
0
0
0
0
0
0
0
0
0
0
0
0
0
0
0
0
0
0
0
0
0
0
0
0
0
0
0
0
0
0
0
0
0
0
0
1193325261
0
0
0
0
0
0
0
0
0
0
0
0
0
0
0
0
0
1113164250
0
0
0
564972128
0
0
0
0
0
0
0
0
0
0
0
0
0
0
0
1590032726
0
0
0
0
0
0
0
0
0
0
0
0
0
0
626918750
0
0
0
0
0
0
0
0
0
0
0
992045505
0
0
0
0
0
0
0
0
1079097656
0
240522776
0
0
0
0
0
0
0
0
0
0
1307469306
0
0
0
0
1494733600
0
0
0
0
0
0
0
0
0
220599375
0
0
0
0
0
0
0
0
1567397330
757561616
0
0
0
0
683659470
0
0
0
0
0
0
1402642878
0
0
0
0
0
1223783990
0
0
0
0
0
0
0
0
0
0
0
0
0
0
0
0
0
0
0
0
0
0
0
0
0
0
0
0
0
0
0
0
1488825278
0
0
1503035226
542612970
1336933278
0
0
0
0
0
0
0
0
0
0
0
0
0
0
0
0
0
0
0
0
0
1333610931
0
0
0
0
0
0
0
0
0
0
0
0
0
0
0
0
0
0
0
0
0
0
0
0
0
0
0
0
0
0
0
0
0
0
0
0
0
0
0
0
0
0
1588160760
26678850
0
0
0
0
0
0
0
0
0
0
0
0
0
0
0
0
0
0
0
0
0
0
0
0
1471488326
0
0
0
0
0
0
0
0
0
0
0
0
1062763635
0
0
0
0
0
0
1468333503
0
0
0
0
0
0
0
0
0
0
0
0
0
970470816
0
0
0
684553671
305001420
0
0
0
0
0
0
1513679561
0
0
0
0
491366125
0
0
0
0
0
0
0
0
0
0
0
0
0
0
0
0
0
0
0
0
0
0
0
0
0
0
0
0
0
0
0
0
0
1509389781
0
0
0
0
579909165
0
0
0
0
0
0
0
0
1575708750
0
0
0
0
0
78039903
0
74297421
0
0
0
0
0
0
0
0
0
1553331003
0
529846515
0
0
0
0
0
0
0
0
0
0
0
0
0
0
0
0
0
0
0
0
0
0
0
0
0
702977226
0
0
1281282156
0
486247905
861343878
290706375
1517212025
0
0
0
0
0
0
1331110686
0
401835465
0
0
0
0
0
0
1451474451
0
0
0
0
0
0
0
177285878
0
0
0
0
0
0
0
0
0
0
0
0
0
0
0
0
0
0
0
0
0
0
0
0
0
0
0
1084055210
0
0
0
0
0
0
0
0
0
0
0
0
0
999083403
0
0
0
0
0
0
0
0
0
0
0
549012860
0
0
0
0
0
0
0
0
0
0
0
0
0
838971825
0
496453320
0
0
0
0
0
0
0
15374745
1014970128
0
0
0
999461715
0
0
0
0
0
0
0
0
0
0
0
1326510801
0
0
0
0
0
0
0
0
0
0
0
0
0
0
0
0
1589750565
0
0
0
0
0
0
0
829806861
1255129941
0
0
0
0
0
0
0
0
0
0
0
0
0
0
0
0
0
0
0
0
0
0
0
0
0
0
0
0
0
0
0
0
0
0
0
0
0
0
0
0
0
0
0
0
0
0
0
0
0
0
0
0
0
0
0
0
0
0
0
0
0
1170597801
0
0
0
0
0
0
0
0
0
0
0
0
0
0
0
0
0
0
0
0
0
0
0
0
0
0
0
0
0
0
0
0
680675615
1238186330
0
0
0
210688026
500255756
0
0
0
665983896
0
0
0
0
0
0
0
1589961600
0
774253970
20464626
1139461586
0
0
0
0
0
0
0
0
0
0
0
0
0
0
0
0
0
200740956
0
0
0
1404036546
0
0
0
0
0
0
0
0
0
0
0
0
0
0
0
0
0
0
0
0
0
0
0
0
0
1530808253
0
0
0
0
0
0
1106901341
0
0
0
0
0
0
0
0
0
1107958350
0
0
0
0
0
0
0
0
0
0
0
0
0
0
0
1577618801
0
0
0
0
0
0
0
0
0
0
0
0
0
0
0
0
0
0
0
0
0
0
0
0
0
0
0
0
0
0
0
0
14743395
0
15080226
0
0
0
674222328
0
0
0
0
1150270725
0
0
0
0
0
0
0
0
0
0
0
0
561980645
486670851
0
0
0
0
0
0
0
953557350
0
0
1509006816
761475680
0
1530534378
0
0
0
0
0
0
0
0
0
0
0
0
0
1483373481
0
0
0
0
0
1545185915
0
0
0
0
0
0
0
1563750615
0
0
0
0
0
0
0
0
0
0
0
0
0
0
0
0
0
362060171
0
0
0
1329741816
0
0
0
0
0
0
0
0
0
0
0
0
0
0
0
0
0
413476125
0
0
0
0
0
0
0
0
0
0
1361772300
0
0
0
0
0
0
0
0
0
0
0
788335695
0
0
1162647495
0
0
0
0
0
513710151
0
0
222430890
0
0
0
0
0
0
0
0
0
0
1556460278
1138199003
0
0
0
373349768
0
0
0
0
0
0
0
0
0
392503778
433078620
0
0
0
0
0
0
0
0
87101703
0
1549340628
0
0
0
0
0
547871460
0
0
0
0
395928003
0
0
0
0
0
0
0
0
0
1440625580
0
0
0
0
0
0
0
0
0
0
0
0
0
0
730029590
0
0
177604865
0
0
0
0
1574916101
0
0
0
0
0
0
0
0
0
0
0
0
0
0
0
0
0
0
0
0
0
0
0
0
0
0
0
0
0
0
0
0
0
0
0
0
0
0
0
0
0
0
689782278
0
0
0
0
0
0
0
0
0
0
0
0
0
0
0
0
0
0
0
0
0
0
0
0
0
0
0
798319070
0
0
0
0
0
0
0
0
0
0
0
0
0
0
1587450336
0
0
0
0
0
0
0
0
0
0
0
1535966376
0
0
0
0
0
0
0
0
0
0
0
0
1210859265
0
0
0
0
0
0
0
0
0
0
0
0
0
0
0
0
0
0
0
0
0
955091375
1334630271
0
0
0
0
0
0
0
0
0
0
0
0
1577201570
0
0
0
1446066885
0
1541290515
0
0
0
0
0
0
0
0
210057528
0
0
0
0
273824045
0
0
1571541015
0
0
0
0
0
1506469653
0
0
0
0
983991045
610163220
0
0
0
0
1000458503
1580689191
0
75894045
0
0
163321671
0
0
239119370
0
0
0
0
0
0
0
0
0
0
0
0
0
0
0
0
0
0
0
0
0
0
0
0
0
0
0
0
0
0
0
0
0
0
0
0
0
0
0
0
0
0
0
0
0
629901876
1140572400
0
0
0
0
0
0
0
0
0
0
0
0
0
0
0
1517175656
0
0
0
0
0
0
0
0
0
876200705
0
1565205453
0
0
0
0
0
533942028
0
0
0
1315033946
0
0
0
0
0
0
0
0
0
0
0
0
0
622391385
0
0
0
0
0
0
0
0
0
0
0
0
0
0
0
0
0
0
0
0
0
0
1097022075
0
0
0
0
0
218766635
0
0
0
0
0
0
0
0
0
0
0
0
0
0
0
0
0
1464342880
0
0
0
0
0
0
0
210320253
0
0
0
0
0
0
0
0
0
0
0
0
1551130235
0
0
0
1118341926
0
0
0
1002971151
0
0
0
0
0
0
0
0
0
0
0
0
0
0
0
0
0
0
0
0
0
0
0
0
0
442729836
0
0
0
0
0
0
0
1091981835
0
0
0
0
0
0
0
0
0
1011401703
0
0
0
0
0
0
0
0
0
0
0
0
0
0
0
0
0
0
0
0
0
0
0
0
0
0
0
0
0
0
0
0
1156097985
0
0
1181683106
0
0
0
0
0
0
0
0
0
0
0
0
0
0
0
0
0
0
0
0
0
0
0
1383951795
0
1151723771
0
0
0
0
1177583010
2119606
0
0
0
0
0
0
0
0
0
0
0
0
0
0
0
0
0
0
0
0
0
0
0
0
0
0
0
0
0
0
0
0
0
0
0
0
0
0
0
0
0
0
0
0
0
0
0
0
0
0
0
0
0
0
0
0
0
0
0
0
0
0
0
0
0
0
0
0
0
0
1590169878
0
0
0
0
0
0
0
0
0
0
0
0
1590648486
0
0
229379475
0
0
0
0
0
1582779081
0
0
0
0
0
0
0
0
0
0
0
567597411
1163787816
0
0
0
0
0
0
0
0
0
0
0
891166500
0
0
0
0
1420559171
0
0
0
0
0
0
0
0
0
0
0
0
0
0
0
0
0
864548520
0
0
0
1568067956
1400074356
0
0
0
0
1429369665
0
0
1186303265
0
0
0
0
0
1529731086
0
0
0
0
0
1164751515
0
0
0
0
0
364933578
0
0
0
0
0
0
0
0
0
1586900280
0
0
0
0
0
0
0
7278180
0
0
1495974203
0
0
0
0
0
0
0
0
0
0
0
0
0
0
0
1076803695
0
0
0
0
0
0
0
0
0
0
0
0
543299610
1571030360
0
0
0
0
1532168253
0
428406615
0
0
0
0
0
0
0
0
0
0
0
347450895
0
0
