2346
6524
11163
4161
2300
8100
4389
6900
6254
3741
1188
10881
2448
1057
7011
1173
981
1755
2085
923
9401
4061
1554
4557
4845
252
4598
1544
2037
9450
3856
2783
1156
1586
1465
1125
437
5954
3885
1411
1701
4455
390
5080
1435
9900
8954
10335
5954
315
1134
581
144
1550
2431
9129
1465
435
4602
3570
798
4380
987
4540
9990
5805
4734
745
2430
305
2896
885
5916
2448
10187
249
9758
1815
1197
1734
2639
711
1573
5375
8888
1695
760
3108
1938
1829
2079
3136
3069
828
2025
689
9735
1380
426
3975
6350
8611
850
342
1978
1235
2024
462
1995
931
2040
6027
4445
6588
2655
726
6027
1880
4540
916
1957
4284
2754
1566
4472
6916
33
385
146
1374
10665
291
3256
9855
5562
429
0
2310
1485
434
1521
9617
4371
2780
7906
5019
1050
825
257
5412
4875
235
5742
4071
2301
6391
6888
5225
1224
1155
2684
959
9215
291
3480
2565
4175
0
13
51
1819
8041
10335
426
5221
4675
854
1258
1859
2761
3999
4060
4576
4914
2265
0
3180
875
0
11635
1863
7744
535
1529
9120
9996
994
9845
2180
4095
917
3995
897
1599
1221
3538
1485
8788
1034
9912
