3261
2982
26
82
349
132
291
636
2
78
285
609
80
0
640
67
2308
11
622
430
132
449
1585
55
952
7
317
149
171
159
252
2208
918
3577
331
1763
88
6
2751
160
375
127
212
116
3366
210
234
363
372
1162
1268
2219
751
0
55
617
826
507
1384
573
129
124
0
129
189
609
41
705
163
751
2176
318
813
283
21
2209
2091
29
2751
20
573
566
2034
124
195
639
555
283
62
381
97
116
42
843
758
721
3577
3379
2
449
3304
537
324
4043
379
74
537
265
561
180
12
2151
41
39
4
185
0
2
576
86
258
5
1266
317
407
771
10
116
0
461
102
446
0
0
218
324
372
33
451
808
616
156
204
2149
2779
853
0
278
116
13
327
237
320
2092
326
665
1617
131
83
105
66
590
82
786
161
491
559
715
55
141
1412
171
126
80
222
203
162
201
1384
731
0
918
0
2856
53
185
0
2424
255
0
710
88
0
709
0
116
101
73
822
0
0
379
0
616
2
141
468
28
1266
73
780
0
278
1
743
14
99
279
429
771
868
1877
171
395
265
420
0
379
3181
287
222
1266
550
0
39
7
82
46
455
372
88
375
2514
407
12
280
74
76
47
0
456
178
598
463
278
1128
28
144
161
324
204
25
967
414
440
375
43
406
33
1064
6
28
68
116
817
81
28
80
146
132
56
82
24
198
339
43
1437
953
375
62
1367
41
0
265
17
31
116
0
2210
3382
867
313
171
1761
731
349
0
3299
24
941
2215
1106
1592
75
11
116
1367
743
198
195
2806
559
94
31
364
487
1382
60
16
655
28
82
32
141
375
425
156
947
133
0
731
24
1268
0
457
1147
1410
612
198
55
275
329
186
116
2751
265
417
3953
465
283
799
771
33
429
595
622
144
357
824
662
743
50
598
28
80
160
81
388
176
92
2
462
39
79
377
159
449
619
886
785
1367
845
34
3461
2635
620
119
0
454
348
1673
39
787
44
3394
753
198
55
73
2127
795
782
2856
458
33
169
42
1040
4
0
24
2
157
55
715
203
1266
507
17
142
2230
2233
66
2144
14
1268
375
802
753
89
2179
792
143
785
2186
129
3898
274
364
9
29
235
269
797
182
581
482
468
78
3
78
204
826
379
809
130
83
874
547
169
131
100
103
60
226
650
750
699
0
265
247
2806
177
2635
38
37
0
495
136
798
56
108
252
1384
0
206
140
44
324
640
1030
2012
77
27
249
78
338
16
56
195
327
50
0
867
56
561
2
107
132
680
699
24
83
720
375
156
691
144
65
327
665
41
10
73
334
375
0
1382
116
1130
8
89
104
6
26
655
76
585
541
781
98
1761
449
3459
221
27
5
69
699
784
688
140
2806
0
954
570
627
69
40
2806
195
17
0
326
2219
655
747
320
664
55
577
374
280
43
0
231
142
105
101
747
124
375
149
811
1382
613
102
161
58
769
204
604
813
585
62
1487
231
284
58
16
421
57
2015
565
18
3588
64
59
118
445
29
636
1437
77
26
8
4328
1761
240
2135
3401
585
2635
2220
1437
139
1437
642
203
559
628
649
25
144
117
1439
4
102
9
321
20
1
2136
0
2
618
246
249
603
116
116
952
35
1412
231
1382
191
689
842
51
2425
642
53
160
0
84
105
210
495
56
145
3592
565
15
655
186
5
1437
309
4
177
279
3012
771
83
210
15
49
48
731
58
721
130
14
413
14
731
201
3577
2806
2479
546
162
457
586
89
2425
280
64
32
1268
263
991
717
28
511
2751
859
1489
252
798
55
908
13
595
381
285
653
1367
62
637
