0
0
0
0
0
0
0
0
0
0
0
0
0
0
0
0
0
0
1195103196
0
0
0
0
0
0
0
0
0
1039444043
0
0
0
0
0
0
0
0
0
0
0
0
0
0
0
971237580
0
0
0
0
0
0
0
0
0
1161117231
0
0
0
0
0
0
0
0
0
0
0
0
0
0
0
0
0
0
0
1218320460
0
0
0
0
0
0
0
657757875
0
0
0
0
0
0
0
844773060
0
0
0
0
0
0
155007993
0
33440045
827052843
0
0
0
0
0
0
0
0
0
0
0
0
0
0
531273561
0
0
0
0
0
1260455691
0
0
0
0
0
0
0
0
0
0
0
0
0
0
0
0
215189718
0
0
0
0
0
0
0
0
0
0
0
0
0
0
0
1241762340
0
0
0
1265033120
0
0
0
0
0
0
0
0
0
0
0
0
0
0
0
289829556
717940301
0
0
46651866
0
0
0
0
0
0
0
0
0
0
0
0
0
0
0
0
0
0
0
0
0
0
0
0
0
0
0
0
0
0
0
0
0
0
0
0
1181333336
0
0
0
240615320
0
998548320
0
0
0
0
0
0
0
0
0
0
0
0
0
0
0
0
587942811
0
0
0
0
0
1267951935
0
0
0
0
0
0
0
0
0
0
0
0
0
0
0
0
0
0
0
0
0
0
0
0
0
0
0
0
0
0
0
0
0
0
0
0
0
0
0
0
1271124636
0
1258789581
0
0
0
0
0
0
0
0
0
0
0
0
0
0
0
0
0
0
0
0
0
0
0
0
745815918
932237745
0
0
0
0
0
0
0
0
0
0
0
0
0
0
0
0
0
0
0
0
0
0
1007479968
0
0
1225920585
0
0
0
0
0
0
0
0
956077743
176050071
0
0
550907610
0
0
3681536
0
0
0
0
0
0
1051699230
1081856336
0
0
0
0
0
0
0
0
708298493
0
0
0
0
0
0
0
905529861
0
0
0
0
0
0
0
0
0
0
0
0
0
362594160
0
0
0
0
0
0
0
0
0
0
0
0
0
0
0
0
0
0
0
0
0
0
0
0
0
0
0
0
0
0
0
0
0
0
0
0
0
0
0
0
0
0
0
0
206291646
0
0
0
0
0
0
962420706
0
0
0
0
0
0
0
0
0
0
0
0
0
0
0
0
0
0
0
1269548670
0
0
0
0
993412131
0
0
0
0
0
0
0
0
0
0
0
0
0
0
0
0
0
0
0
0
0
0
0
0
0
0
0
1196014820
0
0
0
0
748282080
0
0
0
0
0
0
0
0
0
0
0
0
0
0
0
1273170515
0
0
0
0
926439368
0
37271796
0
0
0
0
0
0
0
0
0
0
0
0
0
905529861
0
0
0
0
0
0
0
0
0
0
0
0
0
0
0
0
0
467583720
0
0
0
0
0
0
0
0
0
0
0
0
0
0
0
0
0
0
0
0
59792931
0
0
0
0
0
0
0
0
0
1233845151
0
0
0
886488993
0
0
0
0
0
0
0
0
0
0
0
0
0
0
0
0
0
0
0
0
0
0
0
0
0
432522168
0
0
0
0
0
0
0
0
0
0
0
0
0
0
0
0
0
0
0
0
0
0
0
0
0
0
0
248689845
0
0
0
0
0
1101010146
0
0
0
0
0
0
0
0
0
0
0
0
0
0
0
0
0
0
816562950
0
0
0
0
0
0
0
973201460
0
0
0
0
0
0
0
0
0
873103896
0
0
0
0
0
0
0
0
0
0
0
0
0
0
0
0
0
0
0
0
0
0
0
0
0
0
0
0
0
0
0
0
0
0
0
0
646689218
0
0
0
0
0
0
0
1026125856
0
0
0
331212168
0
0
0
0
0
0
0
1266980736
0
0
0
0
0
0
0
0
0
0
0
0
0
0
0
0
0
0
0
0
0
0
0
0
0
136247468
22459515
0
747698511
0
0
0
0
0
0
0
0
338404865
0
662416466
0
1052057165
0
0
0
0
0
0
0
0
14041791
0
0
0
0
0
0
0
0
0
0
0
0
0
0
0
0
0
0
0
0
0
0
1273506780
0
0
0
0
0
0
0
0
0
0
0
0
0
0
0
0
0
0
0
0
0
0
0
0
0
0
0
0
0
0
0
0
0
0
0
0
0
0
0
0
0
0
0
0
0
0
0
1058906625
0
0
0
0
0
0
0
0
0
1270897790
0
0
0
0
0
0
0
0
398932170
0
985618740
0
0
0
0
0
0
0
471793800
0
826634390
0
0
0
0
0
0
0
0
0
0
910127426
0
0
0
0
0
0
0
0
0
0
0
0
0
0
0
0
0
0
0
0
0
0
587424300
0
0
0
0
0
0
0
0
0
0
0
0
0
0
0
0
176986881
0
0
0
0
0
0
0
0
0
0
0
0
0
0
0
346474476
0
0
0
0
0
0
54169710
0
856637496
0
0
0
0
0
0
0
0
0
0
0
0
0
0
0
0
0
0
0
0
0
0
0
0
1249157093
0
0
0
706818135
0
0
0
0
0
1092302505
0
0
0
0
0
0
0
0
0
0
0
0
0
0
0
1273218336
0
0
1158947655
588609180
0
0
0
0
0
1153618905
0
0
0
0
0
0
0
315037310
0
0
0
0
0
0
0
0
0
0
0
0
0
0
0
0
0
0
0
0
0
0
0
0
916782630
0
0
0
0
0
0
0
0
0
0
0
0
0
0
0
0
0
0
0
0
0
0
0
0
0
0
0
0
0
0
0
0
0
0
0
0
0
0
0
0
0
542099118
477828968
0
0
0
0
0
0
0
0
0
0
0
0
0
0
0
0
0
0
0
0
0
0
0
0
0
0
0
0
1262520275
0
0
0
0
0
0
0
0
0
0
0
0
0
0
0
855105690
0
0
0
0
0
0
0
0
0
0
0
0
0
0
923138118
0
0
0
0
0
0
0
1210831545
0
0
0
0
0
0
0
0
0
0
0
0
0
0
0
0
0
0
0
47642376
0
0
0
0
0
0
0
0
0
0
952388250
0
0
1195603376
0
0
0
0
0
0
0
0
0
0
0
0
1269710751
0
0
136247468
0
0
0
0
0
0
0
0
0
0
0
709810493
0
0
0
0
0
0
0
0
0
0
0
0
0
0
0
0
1194990435
0
0
0
0
0
0
0
0
0
0
0
0
0
0
0
0
1188520466
0
1240992468
0
0
0
0
0
0
0
0
0
0
0
0
0
1119858000
0
0
0
0
0
0
0
0
0
0
0
0
0
0
0
0
0
0
0
0
0
0
0
0
0
0
482091741
0
0
301830840
575145495
0
0
0
0
0
0
0
0
0
0
0
0
0
0
0
0
1247618346
0
0
0
0
0
0
0
0
1108977735
0
0
0
0
0
0
0
0
0
0
0
0
0
0
0
806807118
0
3127125
0
0
0
0
0
0
1088801715
0
0
19456425
0
0
0
333511626
0
0
0
0
1271583446
0
0
0
0
0
0
0
0
0
875844243
0
0
0
0
0
0
0
0
0
0
0
0
0
0
0
0
0
0
0
0
0
0
0
0
0
0
968156205
0
1012004861
0
0
0
0
0
0
0
0
0
0
0
0
1232922168
0
927255660
0
0
0
0
0
0
0
0
0
0
0
0
0
0
0
0
0
0
0
0
0
0
0
0
0
0
0
0
0
0
0
0
0
0
0
0
0
0
0
0
0
0
0
0
0
0
1067621675
0
0
0
0
0
0
0
0
0
0
0
0
0
0
761198691
0
99130866
0
920937456
0
0
0
0
0
0
0
0
0
0
0
1025168418
0
0
347163300
1095562335
0
0
0
692794506
0
0
0
0
0
0
0
0
0
0
0
0
0
0
0
0
1266399993
0
0
930170631
0
0
0
0
0
0
821808093
941836100
0
0
0
0
0
0
0
0
0
0
207309039
0
0
0
0
1264716846
0
0
0
0
0
581075241
0
0
0
0
0
0
0
0
0
0
0
0
1194940293
0
0
0
0
0
0
0
0
986194368
0
0
0
1020938220
0
0
0
0
0
0
0
0
0
0
0
0
0
0
0
0
596101910
0
0
0
0
0
0
1163429366
0
0
0
0
0
0
0
0
0
0
0
0
0
630260100
0
0
0
0
0
116753796
0
1098155718
0
0
0
0
0
56242935
0
0
0
0
0
0
688560836
0
0
0
0
0
0
581038026
0
0
0
1246754525
0
0
0
0
0
0
0
0
0
0
0
0
0
0
0
0
0
0
0
0
0
0
0
0
0
0
0
0
0
0
0
1212974231
0
0
0
0
0
0
0
0
0
0
0
0
0
0
0
0
1230294396
0
0
1255018091
0
0
0
0
0
1028079500
0
0
0
0
0
0
0
0
0
0
0
1255345250
0
0
1197353750
0
0
0
0
0
0
0
0
0
1265888741
218591535
0
0
0
0
0
0
0
1112244966
0
0
0
0
0
0
0
0
1224396005
218428760
0
1063624941
0
0
0
555992843
0
915151368
0
0
0
0
0
0
0
0
0
0
0
0
0
0
0
0
0
0
0
0
0
0
0
0
0
0
0
0
0
0
0
0
0
1126362000
0
0
0
0
0
0
0
0
0
0
0
0
0
0
102714501
0
0
0
0
0
0
0
0
0
0
630762161
0
0
0
0
0
0
0
0
0
0
0
0
0
0
0
0
0
0
0
0
0
0
0
0
0
0
0
0
0
0
0
1247704668
0
0
0
0
0
0
0
0
0
0
0
0
0
0
0
0
0
0
0
0
0
0
0
0
0
0
0
1253850071
0
0
0
0
0
364258056
0
0
0
0
0
0
0
0
0
0
0
0
0
0
0
0
0
0
0
0
0
0
0
0
0
0
0
0
0
0
0
0
0
0
0
0
0
0
0
0
0
0
0
0
1009643895
0
0
0
0
0
0
0
0
1238451870
0
0
0
0
0
313504275
0
181909686
0
0
0
0
0
0
0
0
0
0
0
0
0
0
634378365
1223409668
0
0
0
0
0
0
0
0
646193415
116032191
0
0
0
0
0
0
0
0
0
0
0
0
0
0
0
676113285
0
0
0
0
0
1272766566
0
0
0
0
0
0
0
1199059836
0
0
0
0
792771210
0
0
280893900
0
0
0
0
0
0
0
0
0
0
0
0
0
0
0
1085170401
0
0
0
0
0
0
0
0
0
0
0
0
1247697480
0
0
0
608011860
0
0
0
0
0
0
0
0
0
0
0
0
0
962994165
0
0
757350231
0
0
0
0
0
0
1044501243
0
0
0
0
0
0
0
640655493
0
0
0
0
0
0
0
0
0
0
0
0
0
1267742840
0
0
46404176
0
0
0
0
0
0
0
0
0
0
0
0
1233470070
0
0
0
0
0
0
0
0
0
0
0
0
0
1052141343
1203127835
0
0
0
0
0
0
0
0
0
0
0
0
0
0
0
0
430798761
0
0
0
0
0
0
0
0
0
0
0
0
1194513440
0
0
0
0
0
0
0
0
1252523343
174644106
0
0
0
0
0
0
0
0
0
0
1225057965
0
0
0
0
0
0
0
0
0
0
0
0
0
0
0
0
0
0
0
1138208820
0
0
0
0
0
0
0
688902831
0
0
0
0
0
1133680296
0
0
0
1028987076
0
0
0
0
0
0
0
0
0
0
0
0
0
0
0
0
1028876486
0
0
0
0
0
601245300
0
0
0
1151440995
0
0
0
606369090
0
552237575
0
0
0
0
1086623301
0
0
0
0
0
0
0
0
0
0
0
0
0
0
0
1096842945
588979245
0
0
0
0
0
0
0
0
0
0
0
0
0
0
480459695
0
740343906
0
0
494653500
0
0
0
0
0
0
0
0
0
0
348675536
0
555992843
0
0
0
0
0
260157056
0
0
0
0
1141706543
0
0
0
0
0
0
0
0
0
0
0
0
0
0
1095788661
0
0
0
0
0
0
0
0
0
0
0
0
0
0
1139292441
0
841927856
1271067215
0
0
0
0
0
0
0
0
0
0
0
0
0
0
0
1271753418
0
0
0
0
0
0
0
1160516651
18075065
0
0
0
0
0
0
0
0
0
0
0
0
0
0
0
0
0
0
0
0
0
0
0
0
0
0
0
0
0
400729656
0
0
953831205
0
0
0
0
1272630906
0
0
0
0
0
0
0
0
994570736
0
0
0
0
0
0
0
0
0
0
0
0
0
1170235995
0
0
0
0
0
0
0
0
1229519093
0
0
0
762638151
0
0
0
0
0
0
0
0
0
0
0
1047424001
0
0
0
0
0
0
0
0
0
0
0
0
0
0
0
1273527725
0
0
0
0
0
0
0
0
0
0
0
1265810331
0
0
0
0
0
0
0
0
0
1067337468
0
0
0
0
0
0
0
0
0
0
0
0
0
0
0
0
0
0
0
0
0
0
0
0
0
0
0
746465468
0
0
0
0
0
0
0
0
0
0
0
0
0
0
0
0
0
1226475195
0
0
0
0
0
0
0
0
0
0
0
0
0
0
0
0
0
0
0
0
0
0
0
0
0
0
0
0
0
0
0
259088717
0
0
391429743
0
0
0
0
0
0
0
0
0
0
0
0
0
0
0
0
0
0
0
0
0
0
0
0
0
0
0
0
0
0
0
0
0
0
0
0
0
0
0
0
0
0
0
0
661961895
0
0
789416460
0
1199632343
0
0
0
0
0
0
0
0
0
0
0
0
0
0
0
1075221176
86009001
0
0
0
0
0
0
0
0
0
0
0
0
0
0
913301685
0
0
0
0
0
0
0
0
0
0
0
0
0
0
0
0
0
0
0
0
0
0
0
0
0
0
0
0
0
0
0
0
0
0
0
0
0
0
999789845
0
0
1009184225
0
0
0
0
0
0
0
0
0
0
0
0
394283601
0
0
1157946336
0
0
0
0
0
0
0
0
0
0
0
0
0
0
0
0
0
0
921167675
0
0
0
0
0
1069475925
0
0
0
0
0
0
0
0
0
0
0
0
0
1267985300
0
0
0
0
1145830575
0
0
0
0
0
0
0
0
0
0
0
0
1214102493
0
0
0
0
0
0
0
0
0
0
0
0
0
0
0
1252981080
0
0
0
0
0
0
0
862908593
279798597
0
0
0
0
0
0
0
0
0
0
0
0
0
0
0
0
296250591
0
0
0
0
0
0
0
0
0
0
0
0
0
0
0
0
0
0
0
0
0
1102141391
459799039
0
0
0
1138701915
0
0
0
0
0
0
0
0
0
0
0
1185375465
0
0
0
0
0
0
0
0
0
0
0
0
0
0
0
0
0
0
0
0
0
0
0
0
0
0
0
0
0
0
0
0
0
0
0
0
0
0
0
0
0
0
0
474634368
0
0
0
0
0
0
0
0
0
0
316437870
0
0
0
0
0
0
0
0
0
0
0
0
0
0
0
0
0
0
0
0
0
0
923746721
1225705656
0
0
0
0
0
0
0
0
0
0
0
0
0
0
0
0
0
0
0
1171525560
0
0
0
0
0
0
0
0
0
0
0
0
0
0
0
0
0
0
0
0
0
0
0
0
0
0
0
0
0
0
0
0
0
0
0
0
0
0
0
0
0
1156022631
0
0
0
0
0
1109738796
0
0
0
0
0
0
104600970
0
708466593
0
0
0
0
0
0
0
0
0
0
0
0
0
0
0
0
85326620
0
1205411118
0
0
0
0
0
0
0
0
0
981742343
0
0
0
735854980
0
0
198933126
0
0
0
0
0
0
0
0
0
0
0
0
0
0
0
0
1172195780
0
0
0
0
0
0
0
0
0
544468541
0
0
0
0
0
0
0
0
0
0
0
0
0
0
0
0
0
0
0
0
0
0
0
0
0
0
0
0
555803418
0
0
968230341
0
0
1133328861
0
0
0
0
0
0
0
0
0
0
0
136676660
0
0
0
0
0
0
0
0
0
309556560
0
0
1148264040
1080993870
0
0
0
0
0
0
0
0
0
0
0
625372736
0
0
0
0
0
0
0
686335431
0
0
0
0
0
0
0
0
0
0
0
0
0
0
0
0
0
0
0
0
0
0
0
0
0
0
0
446286596
0
0
1149841890
0
0
0
0
0
0
0
0
0
0
0
0
0
0
1008217616
0
0
0
0
0
0
0
0
0
0
0
0
0
0
0
0
0
0
944714556
0
942839843
0
0
863481543
0
0
0
0
0
0
0
0
0
0
0
0
0
0
0
0
990998558
0
0
0
0
0
1233003240
0
0
25309116
0
0
998548320
0
0
0
0
0
0
298724811
0
0
1265074305
0
0
0
0
0
0
0
0
0
1227976461
0
0
0
0
390883626
0
0
0
0
0
1024900896
0
0
0
0
0
0
0
0
0
152263056
0
0
0
0
0
0
1223279421
0
0
0
0
0
0
0
0
1085635941
0
0
0
1205784126
0
0
0
0
980291093
0
0
0
0
0
0
0
944150135
0
0
0
0
0
0
0
0
0
0
0
0
1019114343
0
0
0
0
0
0
0
0
0
0
0
286411218
788389071
0
0
0
0
0
0
102036936
0
0
0
0
0
0
0
0
0
0
0
0
0
0
235062795
0
0
0
0
587053815
0
0
0
0
0
0
0
0
0
0
0
0
0
36028371
0
0
0
0
0
0
1230108206
0
0
0
0
0
0
0
0
0
0
0
164023575
0
577124886
0
0
0
0
0
0
0
0
0
0
0
0
0
0
0
1139521740
0
0
189780900
0
0
0
0
0
0
0
0
0
0
0
0
0
0
0
0
0
0
0
0
0
0
0
0
0
0
0
0
0
0
0
0
0
1204990260
0
0
0
0
0
0
0
1267369430
0
0
0
0
0
0
0
0
0
0
0
0
0
0
626740185
0
0
0
0
873103896
0
0
0
0
0
0
0
0
0
0
0
0
0
0
0
0
0
0
0
0
1246343121
0
0
964388201
0
0
0
0
0
1257075293
0
0
0
0
0
240706221
0
0
345613086
0
0
0
3983891
1268441910
0
0
0
0
0
0
0
92773436
0
0
0
0
0
0
0
0
0
0
0
0
0
0
0
0
0
0
0
0
0
522772871
0
0
0
0
0
0
0
0
0
1255961190
0
0
0
0
0
0
0
925674870
0
1251393561
0
0
0
0
0
0
934142315
0
944919680
0
0
1031809668
901039881
0
0
0
0
0
0
0
0
0
0
0
0
0
0
1273039236
0
0
532351995
0
0
0
1262155911
0
0
0
617572436
0
0
0
1142614275
836859618
241796721
0
0
0
0
1117075541
0
0
0
0
0
0
0
0
1035402170
0
0
0
0
0
0
104891061
0
1273292190
0
0
1253000310
0
0
0
1202759493
0
0
0
1271634471
0
0
0
0
1118505110
0
0
0
0
0
0
0
0
0
0
0
0
0
0
0
0
0
0
0
0
0
0
0
0
0
0
0
0
0
0
0
391093691
0
0
0
0
0
0
0
0
0
1205527793
440623041
0
0
0
0
0
0
0
0
0
0
0
0
0
0
0
0
0
0
0
872905775
0
0
0
0
0
0
0
0
0
0
0
0
0
0
0
0
0
0
0
0
0
0
0
0
0
0
0
0
0
0
0
0
0
0
0
0
0
0
0
0
0
0
0
0
0
0
0
0
0
0
0
0
0
0
0
0
0
0
0
0
0
0
0
0
0
0
0
0
0
0
0
0
959044086
0
0
864597645
0
0
0
0
0
0
0
0
918729905
0
0
0
0
0
0
1113428181
0
0
0
0
0
0
0
0
0
0
0
703345181
0
0
0
0
0
104987750
0
0
0
0
643604981
0
0
0
0
0
0
0
0
0
0
0
0
0
0
1212411650
0
0
0
0
0
0
0
0
0
0
0
0
0
0
526913343
0
0
0
0
1007572230
0
0
0
0
0
0
0
0
273886205
0
0
0
0
0
1264304790
0
0
0
1194299580
1243297770
0
0
0
0
0
0
0
0
0
0
0
0
0
0
1198815546
0
448562856
0
829678631
0
0
0
0
0
0
0
0
0
0
634986030
0
0
0
0
0
0
0
0
0
0
0
0
0
0
0
0
74332895
0
0
0
0
0
0
0
646689218
0
0
0
1154607993
0
0
0
1273083971
0
0
0
0
0
0
0
0
0
0
0
0
0
0
0
0
0
0
0
0
0
0
81261405
0
183019695
0
0
0
0
0
0
0
0
0
0
0
0
0
0
0
0
0
0
0
0
0
0
0
0
0
0
0
0
0
0
0
0
0
60728871
0
0
0
0
0
0
0
0
0
0
0
0
0
0
0
0
0
0
0
0
0
0
96221196
0
0
0
0
0
0
0
0
0
0
0
0
0
0
0
0
0
0
0
0
0
0
0
0
0
0
0
0
0
0
0
0
0
0
0
0
0
0
0
0
0
0
0
0
0
0
0
0
0
0
0
0
0
0
0
0
0
0
0
0
0
0
0
0
0
1177089530
0
876182601
0
0
0
0
0
0
0
0
0
0
0
1255973045
0
0
0
0
0
0
0
0
0
0
1272266718
0
70902300
0
0
0
0
846952997
0
0
0
0
0
0
0
0
0
0
0
0
0
0
0
0
0
0
0
0
0
0
425906195
0
0
0
0
0
0
0
1273528191
895725930
0
0
0
441765455
0
0
0
0
0
0
0
0
0
845417055
0
0
0
0
0
1068635100
0
0
327605486
0
0
0
1036883856
0
0
367368440
0
0
0
0
0
1239209991
0
0
0
0
0
0
0
0
1038057195
0
0
0
0
0
0
0
0
0
0
0
0
0
1221784695
0
0
0
0
0
0
0
0
0
0
0
0
0
978957618
968724351
0
386424365
0
0
0
0
0
0
0
0
0
0
0
0
0
0
0
0
0
0
0
0
0
0
1271185718
0
0
0
0
0
31995381
0
0
0
0
1014104715
1273158468
0
0
0
0
0
0
483284856
0
0
1170996386
0
0
0
0
0
0
0
0
141344841
0
0
0
0
0
0
0
0
0
0
0
0
0
0
0
0
0
0
0
0
0
0
0
0
0
0
0
0
655861368
0
0
0
0
0
816139611
0
0
0
0
0
0
0
0
0
0
0
0
0
0
0
0
0
0
0
0
0
0
0
0
0
326474265
1268703360
0
0
0
0
1267708755
0
0
0
0
0
0
0
0
0
187265391
0
0
0
0
0
0
86837343
0
0
0
0
0
0
0
756482343
0
0
0
0
0
0
0
0
0
439112220
0
0
0
0
0
0
0
1026592770
0
0
0
0
0
0
0
1241969261
0
0
0
0
0
0
0
0
0
0
0
0
0
1055537106
564415776
0
0
0
0
0
0
0
0
0
0
0
0
0
0
0
0
0
0
0
0
499067700
0
0
0
0
0
0
0
0
677598720
0
767898846
0
0
0
0
0
0
0
0
0
0
995231718
0
0
0
0
0
0
0
0
0
0
0
0
0
0
0
0
0
0
0
0
0
0
0
0
1272490011
0
0
0
0
0
0
0
0
0
0
0
0
0
12384993
0
0
1031435736
0
0
542252100
0
0
0
0
0
0
0
0
0
0
0
0
0
1164628085
0
0
0
0
212565666
0
0
0
0
0
0
10425555
0
0
0
0
0
0
0
0
0
0
0
0
0
1272293646
0
0
0
0
0
376498200
0
450308570
0
0
0
0
0
0
0
0
0
0
0
0
0
0
0
0
0
0
1003985375
0
0
0
0
0
0
0
0
0
0
0
0
0
0
0
0
0
0
0
0
0
0
0
0
0
1046146271
0
0
170890466
0
0
0
0
0
0
0
0
0
0
0
0
0
0
0
0
0
0
0
0
0
766020876
0
0
0
0
0
0
0
0
0
0
0
0
0
0
0
0
0
0
0
0
0
0
0
0
0
0
0
0
0
0
0
0
1233487971
0
0
0
0
0
0
695653740
0
0
0
871716020
0
0
0
0
0
0
0
0
0
0
0
0
0
0
1105915851
0
0
0
0
0
0
0
0
0
0
0
0
0
0
0
0
0
0
0
0
0
0
0
0
0
0
0
0
0
0
601197135
0
0
0
0
0
0
0
0
0
0
0
0
0
0
0
1218162720
0
0
0
0
0
0
0
0
0
0
0
0
0
0
0
0
0
0
0
0
0
0
0
0
1215144525
0
0
0
0
0
0
0
0
0
919714845
0
521997681
0
0
0
0
0
1212621543
0
0
0
0
0
0
751033445
0
0
0
0
0
0
0
0
0
0
0
0
0
0
0
0
0
0
0
0
0
0
0
0
0
0
0
0
0
0
0
0
0
0
0
0
0
0
0
0
0
0
0
0
0
0
0
0
0
0
0
0
0
0
0
0
0
0
0
0
0
956833218
0
0
0
0
0
0
0
0
0
0
537156870
0
0
0
0
0
0
0
660246993
0
0
0
0
0
0
0
0
559058045
0
0
0
0
0
0
0
1088676106
0
468145701
0
0
0
0
0
0
0
0
0
0
0
0
0
0
0
0
0
0
0
0
0
0
0
0
0
0
0
0
0
0
1157702936
0
0
0
1093424036
0
0
0
0
0
0
0
0
0
0
0
0
868392401
0
0
1261595805
0
0
730798815
0
0
0
0
0
878687595
0
0
0
0
0
0
0
0
1166552868
0
0
0
0
0
0
0
0
0
0
0
0
0
0
0
0
0
761678736
0
0
0
0
0
0
225561875
874517621
981041355
1272449145
0
0
0
0
0
0
0
0
1086275118
1233595293
0
0
0
0
0
0
0
1260664545
0
0
0
0
0
0
0
0
0
0
0
0
1236248816
0
0
0
0
0
0
0
0
0
0
0
0
163196528
0
0
0
0
0
0
0
0
0
0
0
0
0
0
0
0
0
506958156
0
0
254386368
0
1270300050
0
0
0
0
455736843
1228005093
0
0
0
0
0
0
0
811500345
968576190
0
0
0
0
0
0
0
0
0
0
0
0
0
0
0
0
755710275
0
834166200
0
0
0
0
0
0
0
0
0
0
0
0
0
0
0
0
0
0
0
0
0
0
0
0
0
0
0
0
0
0
0
0
0
0
0
0
0
0
0
1268881971
0
0
0
0
0
0
0
0
0
0
1078098411
1165761525
0
0
0
0
0
0
0
0
0
0
0
0
0
0
0
0
1096353846
0
0
82587120
0
0
0
0
0
0
0
639552110
0
0
0
0
0
0
0
0
0
0
798244050
0
0
0
0
360458735
0
0
0
0
0
0
0
0
0
0
0
0
0
561663968
0
0
0
0
0
0
0
0
0
0
0
0
0
0
0
637449468
0
0
0
0
0
0
0
0
0
1261556681
0
502880576
0
0
0
0
0
0
0
0
0
0
0
0
0
0
0
0
0
0
0
0
0
0
0
0
0
0
0
0
0
0
0
0
0
0
0
0
0
0
0
1263080868
0
0
0
0
0
0
0
0
1213709355
609944081
0
0
0
0
0
0
0
0
0
0
0
0
0
0
0
0
0
0
0
0
1003032576
0
0
0
0
0
0
0
0
0
0
0
0
0
0
0
0
0
0
0
428128106
1215047226
0
0
0
0
0
0
0
0
0
0
0
0
0
0
0
0
0
0
0
0
0
0
0
0
0
0
1195578405
0
524902581
0
0
0
0
0
0
0
0
0
0
0
0
0
169246236
0
0
0
0
46651866
0
0
906830925
1272998616
0
0
0
0
0
0
0
879389820
0
0
0
0
0
0
271873085
0
0
0
0
0
0
0
0
0
0
0
0
0
0
0
0
0
0
200647743
0
0
0
0
0
0
0
0
0
0
0
0
0
0
0
0
0
410188065
0
0
0
0
0
1272326511
0
0
0
0
0
1054303416
0
0
0
0
0
0
1258995218
0
0
0
0
0
0
0
0
0
0
0
1031413731
0
0
0
0
0
0
0
0
0
0
0
0
1248141245
0
0
0
0
0
252986315
0
0
0
0
0
0
0
0
0
0
0
0
0
0
0
0
0
0
0
317487618
0
0
0
0
0
0
0
34585215
0
0
0
0
1267599011
0
0
0
0
0
0
0
0
0
470952666
0
0
0
0
0
0
0
0
0
0
0
0
0
243159036
0
1266717468
189687785
1063665918
931924155
925753995
0
0
0
0
0
0
0
0
0
0
0
0
0
0
0
0
737662793
0
492915918
0
0
0
0
0
0
0
0
0
0
0
0
0
0
0
0
0
0
0
0
0
0
1041473550
0
0
0
0
0
0
0
0
0
0
0
0
537310368
0
0
0
0
0
0
0
0
642930405
0
0
0
0
0
930039591
0
0
0
0
0
0
0
379460705
0
0
0
0
0
0
0
0
0
0
0
0
681252593
0
0
0
0
0
0
0
0
0
0
0
0
0
0
0
0
607756451
0
0
760269966
0
0
0
0
0
0
0
0
0
0
0
0
0
752519406
0
0
0
0
0
1046977205
0
0
0
0
1234915880
0
0
0
0
0
0
0
0
0
0
0
0
0
0
0
0
0
0
0
0
0
84253911
0
0
0
0
1222190835
0
0
0
0
0
0
1268647245
0
0
0
0
0
0
0
0
0
0
0
0
0
0
0
0
0
0
0
1109865468
0
0
0
0
1016286843
0
0
0
0
0
0
0
0
0
0
0
0
0
0
0
0
0
0
0
499775955
0
0
0
0
0
0
603187326
0
0
0
0
0
0
489316140
0
0
0
0
0
0
0
0
152736561
0
0
0
0
0
0
0
0
0
0
0
49869561
0
0
0
0
0
0
0
0
0
0
0
0
0
0
0
0
0
0
0
633197955
0
0
0
0
0
1222867535
0
0
0
0
0
0
0
0
0
0
899537171
1264783910
0
0
0
0
1115941365
0
0
0
0
0
1223919005
0
0
0
0
0
0
0
0
0
0
0
0
0
0
0
512859236
1048931331
0
0
0
196149756
0
0
0
0
0
0
0
0
0
0
0
0
0
0
0
0
0
0
0
0
0
0
0
0
0
0
0
0
0
0
0
0
0
0
0
0
0
0
0
0
0
0
0
0
0
0
1273319250
0
0
0
0
0
0
0
0
0
0
189315285
0
0
0
0
0
411849405
0
53824001
0
846294450
1265024871
0
0
0
0
0
0
0
0
0
0
0
0
0
193966935
0
0
0
262181921
0
0
0
436904781
1165864271
1235231618
0
0
0
0
0
1271228868
0
0
0
0
0
1269060210
0
0
0
0
0
0
0
0
0
0
0
0
0
0
0
0
1173600293
0
270126743
938763996
0
0
0
0
0
0
1268193200
1070069868
0
0
0
0
0
0
0
0
0
64764050
0
0
0
0
0
0
0
0
0
0
0
0
0
0
0
0
0
0
0
0
0
301151796
0
0
302518400
0
0
0
0
0
0
0
0
0
0
0
0
0
0
0
463926066
1047019776
0
0
0
0
1098250020
0
0
0
0
0
0
0
0
0
0
0
0
0
999602625
0
0
0
0
0
0
0
0
0
0
0
0
0
0
967265871
1225813181
0
0
1260618843
0
0
0
0
0
0
0
0
0
121990701
0
0
0
0
0
0
0
0
0
0
0
0
179607821
0
0
0
0
0
0
0
0
0
0
0
0
0
0
1123153593
0
0
0
0
0
0
0
0
0
0
0
0
0
0
0
0
0
0
0
0
1257109700
0
0
0
174175251
0
0
0
0
0
0
0
0
0
0
0
0
0
0
0
0
0
0
0
0
0
0
0
0
0
0
0
0
0
0
0
0
234242310
0
0
0
0
0
0
0
0
0
0
0
0
0
676597118
1231302101
0
0
0
0
0
0
0
539840775
0
0
0
944817126
0
0
0
0
0
0
0
0
0
888406365
466418993
0
0
0
0
0
0
0
0
0
0
0
0
0
0
0
0
0
1221366741
0
0
0
0
0
0
0
0
856839600
0
0
0
0
0
0
0
0
0
0
0
650860341
0
0
0
0
900903396
0
0
0
0
0
0
0
0
0
0
0
0
0
0
0
0
0
539534291
0
0
0
0
0
0
0
0
0
0
136581291
0
0
0
0
0
0
0
0
1094636676
0
0
0
0
0
0
0
0
0
0
0
0
0
0
0
0
0
0
0
0
0
0
40452116
0
0
0
514613426
0
661961895
0
0
0
0
0
0
0
0
0
0
194896065
0
0
0
0
0
0
0
0
0
0
0
0
0
0
0
0
0
1264356276
0
0
0
0
0
0
0
0
0
0
0
0
643391996
0
0
0
0
0
0
0
0
0
0
16048571
0
0
0
0
0
0
0
0
0
0
1267481286
0
0
0
0
0
1044329991
0
1212599466
0
0
0
0
847696410
0
0
0
0
0
0
0
0
1256943066
0
0
0
0
0
0
0
0
25265307
0
0
0
0
0
0
0
0
0
0
0
0
0
0
0
1147899720
0
0
0
1207116171
0
0
0
0
0
0
0
0
0
0
0
0
0
0
0
0
0
251712115
0
0
0
0
0
0
0
0
0
0
0
0
0
0
0
0
0
0
0
0
0
0
458565368
278798640
0
0
0
0
0
0
0
0
0
0
0
1137863118
0
0
0
241406096
0
0
0
0
0
0
0
0
0
0
0
0
0
0
0
212657793
0
0
0
0
0
0
0
0
0
0
0
0
0
0
0
0
0
419925525
0
0
0
0
0
0
508210620
0
0
0
89855906
0
0
1073364710
0
0
0
0
1273188218
0
0
1108651026
454442171
0
0
514301718
0
0
0
0
0
0
0
0
0
0
0
0
0
0
0
0
850726086
1179422406
0
0
1272754121
0
754518875
0
0
0
0
0
0
0
0
0
0
0
0
0
0
0
0
1264062618
0
0
0
987487425
1214298576
0
0
0
0
0
0
0
0
0
0
0
0
0
0
0
0
0
0
0
0
0
0
0
0
0
0
0
0
0
1268578220
0
0
0
0
0
0
0
0
0
0
0
1235833160
0
0
0
0
0
0
0
0
1239910646
0
0
0
0
0
0
0
0
0
0
1069888275
0
0
0
0
0
0
0
0
0
0
0
0
1273302525
0
583603515
0
0
1037492618
0
0
0
0
0
0
0
0
0
0
0
1101065868
0
0
0
0
0
0
0
1134748616
0
0
1249650330
0
0
0
0
0
0
0
0
0
0
0
0
972931806
0
0
0
902066172
0
0
0
0
0
0
0
0
0
0
0
0
0
603187326
0
0
0
0
0
0
168318625
0
0
0
0
0
0
0
0
0
0
0
0
0
766753380
0
0
0
0
0
0
0
0
0
0
0
0
0
0
0
0
123477926
0
0
0
0
0
0
1087646625
0
0
0
0
0
0
0
0
0
0
0
0
0
0
0
0
11732016
0
0
0
0
0
0
0
1064505065
0
0
0
0
0
0
0
0
0
0
0
0
0
0
0
0
0
0
0
0
0
0
1155054825
0
0
0
0
0
0
0
0
151694718
0
0
0
0
783736695
0
0
0
1253025936
0
0
0
1217751543
0
0
0
0
0
0
0
0
0
634449870
0
0
0
0
0
0
0
1270305135
0
0
1119208650
0
0
0
0
0
0
0
0
0
0
0
0
122038691
0
0
0
252127743
983262281
0
0
0
0
0
0
0
0
0
0
0
0
0
0
0
0
0
0
1272152793
0
396085860
0
0
688731846
0
0
0
0
1244147135
0
0
0
0
0
0
0
0
0
0
0
916248200
0
0
0
0
396714120
0
0
0
0
0
0
217305005
0
0
0
0
0
0
0
0
0
1121187506
0
0
0
0
0
0
0
771089657
1198301235
0
0
0
0
0
0
0
0
0
0
0
0
0
0
0
848309043
0
0
0
0
0
0
0
0
0
0
0
0
0
0
0
0
0
0
0
0
0
0
0
0
0
1239590066
0
0
0
0
0
0
0
0
0
0
0
0
0
0
0
0
0
0
0
0
0
871148850
0
0
0
931113381
0
0
0
0
0
0
0
0
0
0
0
0
0
0
0
0
0
1214080686
0
0
0
0
0
0
0
0
0
0
0
0
118803219
0
0
0
0
0
0
0
0
0
0
0
0
0
0
57525476
0
0
0
0
0
0
0
0
0
261282231
0
0
0
0
0
0
0
0
0
0
1222897730
0
0
0
0
0
1244923916
0
0
0
0
0
0
0
0
0
0
0
0
0
0
0
0
0
0
0
1071941586
0
0
0
0
0
0
0
0
0
0
1246291475
0
0
0
0
107596841
0
930982521
0
0
0
0
0
0
0
0
544239410
0
0
0
0
0
0
0
1015446906
0
0
0
0
0
0
0
0
0
0
0
0
0
0
0
0
0
1083185430
0
0
0
0
0
0
0
0
0
0
0
0
0
0
0
0
0
0
0
0
0
0
0
0
0
0
0
0
0
374463936
310083390
0
0
0
0
0
488286111
0
0
1225244868
0
0
0
0
0
1073284668
0
0
0
0
0
1239853218
0
0
0
0
0
0
0
0
0
0
0
0
1076811216
0
0
0
0
0
617391321
0
0
0
0
0
0
0
0
0
0
0
0
0
0
0
0
0
0
0
0
327126975
0
0
0
0
0
0
0
0
0
0
0
0
0
0
0
0
0
0
0
0
1261047243
0
0
0
0
0
0
0
0
0
0
0
0
0
544468541
0
0
0
0
0
0
0
0
0
0
0
0
0
0
0
0
0
0
673483343
0
0
0
0
0
0
0
0
0
0
52292415
0
0
0
0
0
0
0
0
0
0
0
0
0
0
0
0
0
0
0
0
0
0
111167526
0
0
0
0
0
0
0
0
0
0
0
0
0
0
0
0
0
0
0
0
0
0
0
0
0
0
0
0
0
0
0
0
1270979816
0
0
0
0
0
0
0
0
0
0
0
0
0
0
0
0
0
0
0
0
0
0
0
0
0
0
0
0
0
0
0
0
0
0
0
0
0
0
0
0
0
0
0
0
1037818418
0
0
0
645343011
0
0
1231742093
0
0
0
0
0
0
0
0
0
0
0
0
0
0
0
0
0
0
777362495
0
0
0
779596581
0
0
0
0
15697500
0
0
1229706543
0
0
0
0
0
0
0
0
0
234333491
0
0
0
0
0
1270729850
0
0
0
0
779407980
0
880876470
0
1018391991
0
0
0
0
0
0
1238258946
0
0
0
0
0
0
0
0
0
0
0
0
0
0
0
0
0
0
0
442050936
0
0
0
0
737837881
0
0
0
0
0
1089109131
0
0
0
0
0
0
0
0
0
0
673240821
0
0
0
0
0
0
1093537895
0
0
0
0
0
0
0
0
0
1256769801
0
0
0
0
80183745
0
0
0
0
0
0
0
0
0
0
0
1233871875
0
1207472981
1246739886
0
0
0
0
0
0
0
0
0
0
0
0
0
0
715503294
0
0
0
0
0
0
0
0
0
0
0
0
0
0
0
0
0
0
0
0
0
0
0
0
0
0
0
0
0
0
0
0
1231769516
0
626920005
0
0
0
0
0
0
0
0
0
0
0
0
44173841
0
0
0
0
0
0
0
0
0
0
0
0
0
0
0
0
0
143485176
0
0
0
0
0
0
0
0
0
0
0
0
0
0
0
0
0
62648880
0
0
0
0
0
0
0
0
0
0
0
0
0
0
0
0
0
0
0
0
0
0
0
0
0
0
136247468
0
0
0
0
0
0
0
0
0
0
0
0
0
0
0
0
0
0
0
0
0
0
0
0
0
0
0
0
0
0
0
0
0
1264377686
0
0
0
935937626
0
1256943066
0
0
0
0
0
0
0
0
0
0
0
0
0
0
0
0
0
0
0
0
0
0
0
0
0
0
0
0
0
0
0
0
0
0
0
0
0
0
0
0
0
0
0
0
0
0
0
1170164115
0
0
0
0
0
0
666778716
0
0
0
0
0
0
0
0
0
0
0
0
0
0
0
0
0
0
0
0
0
0
0
0
0
0
0
0
0
0
0
0
0
0
0
0
0
0
0
0
0
0
0
0
551021655
0
0
0
0
0
0
0
0
0
0
0
0
0
0
0
0
0
1198153965
0
0
0
0
0
0
0
0
0
0
0
781417868
0
0
0
0
0
0
0
0
0
1123482920
0
0
0
0
0
0
0
0
0
0
0
0
0
0
0
0
0
0
0
0
0
0
1070150550
0
1249518831
0
0
1111687710
0
0
794041718
980702646
0
0
0
0
0
0
0
0
0
0
0
0
233467110
0
0
0
0
0
0
0
0
1138060716
0
0
0
0
0
0
0
0
0
0
0
0
0
0
0
0
0
0
0
0
0
0
0
0
0
0
0
0
0
0
0
0
0
0
1138554081
0
0
0
0
0
0
0
0
0
0
0
0
0
0
0
0
0
0
0
0
0
0
0
0
0
0
1224890430
0
0
0
0
0
0
988156751
0
0
0
0
0
0
0
0
0
0
0
0
0
0
0
904688366
0
0
0
0
0
0
0
0
908037966
0
0
0
112613541
0
0
0
0
0
0
0
0
0
0
0
770312796
0
1181156718
0
0
0
993672435
0
0
0
0
469950741
0
0
0
0
1265632446
0
0
0
0
1124036760
1272718743
0
0
0
0
0
0
0
0
0
0
0
0
462194843
0
0
0
0
0
1250336480
0
0
0
0
0
0
0
0
1009253201
0
0
0
1259236868
0
0
0
0
0
0
0
0
0
0
0
0
0
0
0
0
0
0
0
0
0
0
0
751033445
0
0
0
0
0
0
0
0
0
0
0
0
0
0
0
0
0
547217240
0
0
0
0
0
0
0
0
0
0
0
0
0
470832468
0
0
710548956
0
0
0
0
0
0
0
0
0
0
0
231322406
0
0
0
264249690
0
0
0
0
0
0
0
0
296206380
0
0
0
1104319140
0
0
0
0
0
1266621125
1109068430
0
0
1203163430
0
894350255
0
169716141
0
0
0
945380975
0
0
0
0
0
0
0
0
401606826
0
0
0
0
0
0
0
0
0
0
0
0
0
0
0
0
0
0
0
0
0
0
0
0
0
0
0
0
0
0
0
0
0
0
0
0
0
0
0
0
0
0
0
0
0
0
0
0
0
0
0
0
0
0
0
0
0
0
0
0
0
0
0
0
0
0
0
434653466
0
0
957034526
0
0
0
14142168
0
0
0
0
0
0
0
1242845051
148234226
615868968
0
0
607646975
1088936241
0
0
0
0
0
0
0
1260710166
0
0
0
0
0
0
0
0
0
0
0
0
0
0
0
0
0
0
0
0
0
0
0
0
0
0
1273342856
0
0
0
0
0
0
0
0
1062249900
0
0
0
0
0
0
0
0
0
0
0
936794570
0
0
1212643616
0
0
0
0
0
0
0
0
0
0
0
1230869043
0
0
0
0
0
0
0
0
0
0
652694043
0
0
1264027766
1090202220
934168368
0
0
0
0
206615025
0
0
0
0
0
0
0
0
0
0
0
1012279235
0
0
0
0
0
0
0
0
0
0
0
0
0
0
493547990
0
663674396
0
0
0
355794843
0
0
0
0
0
0
1129009245
0
0
0
0
1255309043
0
0
0
0
0
0
0
0
0
0
0
0
0
0
0
0
0
0
0
1030782050
0
151789451
0
0
0
0
0
0
0
0
0
308370666
0
0
0
0
0
0
0
0
0
0
0
0
433014246
0
1272717465
0
0
1031743701
0
0
0
0
0
0
0
0
0
0
0
775060221
0
863910993
831137361
0
0
0
0
0
0
0
0
0
0
0
0
0
0
0
0
0
0
0
0
0
0
1243056218
0
0
0
0
0
0
0
0
0
0
0
0
0
0
0
0
0
116898090
0
0
0
0
0
0
0
0
0
0
0
0
0
0
0
0
0
0
0
0
0
0
0
1238258946
0
0
0
0
0
0
177174195
0
0
0
0
0
0
0
0
0
0
0
0
0
0
0
0
0
0
0
0
0
0
0
1260255465
0
0
0
0
0
0
0
656985576
0
0
0
0
0
0
0
612637200
1198876656
0
0
0
648387626
0
0
0
0
0
0
0
0
111167526
0
0
0
0
0
1270858605
0
0
0
0
0
0
0
0
0
0
0
0
0
0
0
0
0
0
0
0
0
0
0
0
1271798430
0
0
0
0
0
0
0
0
0
0
0
246878105
0
0
0
0
0
0
0
0
0
0
809826915
0
0
823467486
1024253790
0
0
0
0
71294616
0
0
0
0
1014628356
0
0
0
0
0
0
0
0
0
0
0
878715696
0
0
0
0
0
0
0
764075586
0
0
0
0
0
0
0
0
0
0
0
0
0
0
0
0
0
0
0
0
0
0
0
0
0
0
0
0
0
0
0
0
0
0
0
0
810466218
0
412098468
0
0
0
0
0
0
0
109575870
0
0
0
0
0
0
0
0
186886128
0
0
0
0
0
0
0
0
1229378243
0
1126670655
0
1271912045
1273071543
0
0
0
855597330
760269966
0
0
1028168118
0
0
0
0
0
0
0
0
0
0
659371118
0
0
0
0
0
0
0
0
0
0
334768631
0
0
0
0
0
0
0
0
0
0
0
0
0
0
0
0
0
0
0
0
0
0
0
0
0
1107960243
0
0
0
776543118
843131616
0
0
0
0
0
0
0
0
0
0
0
0
0
0
0
0
0
0
0
0
0
0
0
0
0
1273207101
0
825048471
0
0
0
0
0
0
0
0
0
0
0
0
0
0
879923093
0
0
0
0
0
0
0
0
0
0
0
0
526410906
1152594618
0
0
0
0
0
0
0
0
0
0
608340171
0
0
0
0
0
0
0
0
0
0
0
0
0
0
0
0
0
0
0
0
0
0
0
0
961522056
351763230
0
0
0
0
0
0
1191069843
0
0
0
0
0
0
0
0
0
0
0
0
0
0
0
0
0
0
0
0
0
484596243
0
0
0
0
0
0
1273268661
0
0
0
0
0
0
692351375
0
0
0
0
0
812442218
0
0
0
0
0
0
0
0
318930081
0
0
0
0
0
0
0
0
0
0
1180284750
0
0
0
0
0
1170350951
0
0
0
0
0
0
278688409
0
0
0
0
0
0
0
0
0
0
0
0
0
0
0
0
631908993
0
0
0
0
1070473118
0
0
0
0
0
1123725351
0
0
0
0
0
0
0
0
0
0
0
0
0
0
0
0
0
0
0
0
0
0
0
1038404291
0
0
0
0
0
0
0
1206596511
191223671
0
0
0
0
0
0
0
0
0
0
0
616739100
0
0
0
0
0
0
0
994192680
0
0
1253950335
0
0
0
0
0
0
0
0
0
0
0
0
0
0
0
0
0
0
0
0
0
1271080526
0
32294346
0
0
0
0
0
0
0
0
0
0
0
0
0
0
1196512080
0
0
0
0
0
0
0
0
0
0
0
0
759789261
0
0
0
0
0
0
0
0
1271967411
0
1019632901
0
1057474668
0
612818970
0
0
0
0
0
0
0
1168619891
0
1067885406
0
0
0
0
0
0
0
0
0
0
0
1087067730
0
0
0
0
0
0
556106486
0
0
0
1081307718
0
0
0
0
0
0
553132560
0
0
0
0
0
0
0
0
0
1173755745
0
0
52341836
0
0
0
0
0
0
0
0
0
0
0
0
0
0
1269299241
0
1172167305
0
0
0
0
0
0
469429493
0
0
0
0
0
0
0
30779661
0
450146256
0
0
0
0
0
0
0
0
0
0
0
0
0
0
0
498162236
0
1030841250
0
0
0
1260270921
0
0
0
0
0
0
0
0
0
0
648422985
0
1267732625
0
1250234195
0
0
0
0
0
0
0
0
0
0
0
0
0
0
0
0
0
0
0
0
0
0
0
0
0
0
0
0
0
0
0
0
0
0
0
0
0
0
0
0
0
0
0
0
0
0
0
532313493
0
0
0
0
0
0
658494618
613945386
0
0
1110100586
0
0
0
0
151033283
0
0
0
701384868
0
1154345666
0
0
0
0
0
0
0
0
0
0
0
0
0
0
0
0
0
0
0
0
0
0
0
0
0
0
0
0
115062077
0
0
0
0
0
0
0
0
0
301284090
603582813
0
0
0
968576190
0
0
0
862220525
0
0
0
0
0
0
315037310
0
0
0
0
0
0
0
0
0
617101485
0
524167205
0
0
0
0
0
0
0
0
0
0
0
0
0
0
0
0
0
1209503160
0
0
0
0
0
0
0
0
0
0
0
0
0
0
0
0
0
0
0
0
0
0
0
0
0
0
0
1239441593
0
0
0
1048379936
0
0
496940991
0
0
0
0
0
1236023955
0
0
0
0
0
0
0
0
783079206
0
0
0
0
0
0
0
0
0
0
811804280
0
0
0
0
0
524384265
0
0
0
0
0
0
0
0
0
0
0
1265189091
365920431
0
359261805
0
0
0
0
0
0
0
0
1191531525
0
0
1047742871
0
0
0
0
0
0
0
0
0
264474320
0
0
0
0
0
0
0
0
1269015225
0
0
0
1199741720
0
0
1072924281
0
0
0
1208115105
0
0
0
0
0
0
0
0
0
1157367843
0
0
0
1268127630
0
0
0
1253768418
0
0
0
1272455031
0
0
0
0
0
0
0
0
0
0
0
0
1272683886
0
0
228078345
0
0
0
0
0
0
0
0
0
0
1029163968
0
1075937486
0
0
0
0
0
0
0
0
0
0
0
0
0
0
0
0
0
0
605711415
0
0
0
0
0
0
0
0
431537580
0
0
0
0
0
0
0
0
0
0
0
0
0
0
0
0
0
0
0
0
0
0
0
502095186
0
0
0
0
0
0
0
0
0
0
0
0
0
0
0
0
0
0
0
0
0
0
0
0
0
0
0
1200420468
700064835
0
0
700911185
0
0
0
0
0
0
361740290
1020848306
1185548001
0
0
0
0
0
0
0
0
0
0
0
0
0
366261120
0
0
0
0
0
0
0
0
1053276180
0
98209860
0
0
0
0
1109847375
0
0
404296992
0
0
0
0
0
0
0
0
0
0
0
0
0
0
0
0
0
0
0
0
0
1041365820
0
0
0
0
0
0
0
700911185
0
0
0
0
0
1273530830
0
0
0
0
0
0
0
241206105
0
752261130
0
0
0
0
0
0
0
0
925226325
0
0
910396971
936794570
0
0
0
0
0
0
0
0
0
1083146405
0
0
0
0
0
0
0
0
0
0
0
0
0
0
0
0
0
0
0
0
0
0
0
0
0
0
0
0
0
0
0
0
1143583365
0
0
0
0
0
0
0
0
0
0
0
0
0
0
0
0
0
0
0
0
0
0
0
0
0
0
0
0
0
0
0
0
0
960897231
0
0
0
0
0
0
754454436
0
0
0
1271711651
0
0
0
0
0
0
0
0
0
44520915
0
0
0
0
0
1272654945
0
0
0
729711036
797349516
353565681
0
0
0
0
0
0
0
1261022243
0
1199315910
0
0
0
0
0
0
0
0
0
0
0
0
0
0
0
0
0
0
0
0
0
0
0
0
0
0
0
0
0
0
0
0
1168735743
0
0
0
0
0
0
0
0
0
0
0
0
0
0
0
0
0
0
0
0
0
0
0
0
0
0
0
0
0
0
0
0
0
0
0
0
0
0
0
0
0
0
0
0
0
0
0
548967468
0
0
0
0
0
0
0
0
0
0
0
0
0
0
0
0
0
1110371666
0
0
1170508911
0
0
1008931236
0
0
0
899373056
0
1228461981
0
0
0
0
0
1106957868
0
1159310691
0
0
0
0
0
0
0
0
0
0
0
0
0
0
0
29003751
0
606661286
0
0
0
0
1214146095
0
937235601
0
0
0
0
0
0
0
0
0
788202156
0
0
0
112795703
0
0
0
0
0
932185490
0
0
0
0
0
0
0
1060251215
0
0
0
0
0
0
0
0
0
0
255695225
0
219464091
0
0
0
0
0
0
0
0
0
712561231
0
0
0
0
0
0
0
0
0
0
0
0
0
0
504528593
0
0
0
0
0
0
0
139964441
0
0
0
0
0
0
0
0
0
0
0
0
0
0
0
0
0
0
0
0
1181428368
0
0
0
0
0
0
0
0
0
0
0
0
0
0
0
0
0
0
0
0
0
0
0
0
0
0
0
0
0
0
0
0
0
0
0
0
0
0
0
0
0
0
0
1106519520
0
0
0
0
1035751218
0
1255024176
0
0
0
0
0
0
0
0
0
250635681
0
0
0
0
0
0
0
0
0
0
0
0
0
0
0
425206101
0
0
0
0
0
0
0
0
0
0
0
0
0
0
0
0
0
0
0
0
0
0
0
0
986960976
0
0
0
0
0
531504720
0
0
0
0
0
0
0
0
0
0
0
0
0
212565666
0
0
0
0
0
0
0
0
0
0
0
1029539651
0
0
0
0
0
727961718
0
0
0
0
0
0
0
0
0
0
831880686
0
0
0
0
1030973421
0
0
0
0
0
0
0
0
0
0
0
0
0
0
0
0
0
0
0
0
0
0
0
0
0
0
0
1265074305
0
0
0
0
0
0
0
0
0
0
0
0
0
603297168
1093329126
0
0
0
0
0
0
0
1150768131
1173826365
528110780
0
0
0
0
387898005
0
0
0
0
0
0
0
0
1216892700
0
0
0
0
0
0
0
0
658038591
0
0
0
0
0
0
0
1245928581
0
0
0
0
0
0
0
0
0
660772218
0
0
0
0
0
0
802453743
0
0
1273528191
0
0
0
0
118676976
0
0
0
0
0
0
0
0
0
1261527296
0
0
0
0
0
0
0
0
0
0
1181319756
0
0
0
0
0
0
0
0
0
0
0
0
0
0
0
0
0
605419011
0
0
0
0
0
0
0
0
870041718
0
0
0
0
0
0
0
0
0
0
0
913811493
0
0
0
0
0
55145103
0
0
0
0
0
0
0
0
0
1232904141
0
0
0
0
0
0
0
0
666500000
0
0
0
1082325956
0
0
0
0
0
0
0
733989921
0
0
0
0
0
669006140
0
0
0
0
0
141297255
0
0
0
0
0
655298880
0
0
0
0
0
0
148281666
0
0
1099614171
0
0
0
0
1169530493
0
0
0
0
201712896
0
0
722165718
0
0
0
0
0
0
0
0
0
0
0
0
0
0
0
0
0
830601780
0
0
0
0
627818730
0
0
0
0
0
0
0
0
0
0
0
0
0
0
0
0
0
0
0
0
0
0
1190181330
0
0
0
421701296
0
0
0
0
0
0
0
0
0
0
0
0
0
0
0
0
0
0
0
0
0
0
737007843
0
0
1155731171
0
0
0
0
0
0
0
0
0
1075937486
0
0
0
0
0
0
0
0
1114053876
0
0
0
1079223705
0
0
0
0
0
0
14142168
0
0
1151722110
0
0
0
0
0
0
898004031
0
14342910
0
0
0
0
0
0
0
0
0
0
0
0
0
419190436
0
0
0
0
0
0
0
0
0
0
0
0
0
0
0
0
0
0
0
0
876492636
890125160
0
0
0
0
0
0
0
0
0
0
0
0
0
0
0
0
0
0
0
0
0
692521830
0
0
0
0
0
0
0
0
0
1232388690
0
0
0
0
0
0
0
0
0
0
0
0
0
0
0
0
0
0
0
0
0
1110100586
0
0
0
0
1037253555
0
0
0
0
0
0
0
0
0
0
0
0
0
0
0
0
0
0
0
0
0
0
0
507701930
0
68743418
0
0
0
691839860
0
0
0
0
0
0
0
0
0
0
0
0
0
0
0
0
0
0
0
0
0
0
0
1273232493
0
0
0
1072904250
0
0
0
387098181
182085465
0
0
760910556
1234607670
0
0
0
0
0
0
0
0
0
0
0
0
0
0
0
0
0
0
508875575
0
939488118
0
0
1159808925
0
0
0
0
1191339315
0
0
0
0
0
0
0
0
0
1216860765
0
0
0
0
0
0
0
0
0
0
0
0
0
0
0
0
0
0
0
0
0
0
0
0
0
1080699405
0
0
0
0
0
0
0
0
0
0
0
978981890
0
0
1068371850
0
823549746
0
645272118
0
0
0
0
0
0
0
0
0
0
0
0
0
0
235017221
0
962645166
0
0
0
0
0
0
0
0
0
0
0
0
0
0
0
0
0
0
0
0
945816345
0
0
349916036
0
0
0
0
0
0
0
1273024191
0
0
0
0
0
0
0
0
0
0
0
0
0
0
0
0
437191095
0
0
0
0
1125743718
0
0
0
0
0
0
650895630
0
0
0
0
0
0
0
0
0
0
0
956606670
0
0
0
0
0
0
0
0
0
0
0
0
0
0
0
0
0
0
0
0
0
30101100
0
0
0
0
0
0
233379588
0
0
0
0
0
969119271
1136459343
0
0
212565666
0
0
941398095
608494125
0
0
0
0
895725930
0
0
0
0
0
0
0
0
0
0
0
0
0
1260090041
0
0
0
0
0
0
0
1245645500
0
0
0
0
0
0
0
0
0
1250472510
0
0
0
0
452619806
0
0
723360540
0
0
0
0
0
0
0
0
0
0
1249574243
0
814868418
0
0
0
0
0
0
0
0
0
0
0
0
0
0
560418251
0
0
0
0
78223741
0
0
0
0
0
0
0
0
0
0
398764868
0
0
0
0
0
0
0
0
0
0
0
0
0
780727431
0
0
0
0
0
0
0
0
0
0
0
0
1099147596
0
1092454781
0
0
0
0
0
0
0
0
0
0
0
0
0
0
0
450308570
0
0
0
0
0
0
0
0
0
0
0
0
0
0
0
0
0
0
0
0
0
0
0
0
0
0
0
0
0
0
0
0
1248446760
0
0
0
0
0
0
0
181150835
0
0
0
0
0
0
0
840722415
0
0
0
0
0
0
0
0
0
0
0
0
0
1129213191
0
0
0
0
0
0
0
0
0
0
0
0
0
0
0
370898430
0
0
0
0
0
0
0
0
0
0
0
0
566786340
0
0
0
0
827978720
0
0
135722790
0
0
0
0
385918835
0
0
0
0
0
0
0
0
0
0
38961851
0
0
0
644529400
0
0
0
0
0
92079437
0
0
0
0
0
349701126
0
0
0
0
0
0
0
0
0
0
0
0
0
331906640
0
430921920
402149615
0
0
0
0
0
0
0
0
0
0
0
1092511868
0
0
0
0
0
0
0
0
0
0
0
801905918
415788675
0
0
0
0
0
0
938738120
0
0
0
0
0
0
0
0
624184043
0
0
0
0
0
0
0
513756075
0
0
0
0
0
0
0
0
0
631765695
0
0
0
0
0
0
0
0
0
0
0
0
0
0
1098530760
938996835
0
1245660435
0
0
0
0
0
0
0
0
0
0
0
0
0
0
0
1226610918
0
0
0
0
0
0
0
0
0
0
0
0
0
0
0
0
0
0
0
0
0
0
0
0
0
0
826245651
0
1267020501
0
0
0
0
0
0
0
0
0
0
0
0
0
0
0
0
0
0
0
0
0
0
0
0
0
0
0
0
0
0
0
0
0
0
577274160
0
0
0
0
0
0
1039833356
40154135
0
0
0
0
0
643604981
0
0
1200505091
0
0
0
0
0
0
0
0
0
0
0
0
0
0
0
0
0
1155562266
0
0
0
0
0
0
0
0
0
0
0
0
0
1268749875
0
0
1119910590
526874700
0
0
0
0
0
0
0
0
0
0
0
0
0
0
0
0
0
0
0
0
0
0
0
0
0
0
0
0
0
0
0
0
0
0
1272208740
0
0
0
0
292533381
0
0
0
0
0
0
0
0
0
0
0
0
0
1112137185
874969485
0
0
0
0
800399805
0
0
358384871
0
353436993
0
0
0
0
0
0
0
896961900
0
0
0
0
0
0
0
0
0
0
0
0
0
0
0
0
0
0
0
1269674715
0
0
0
0
0
0
0
0
0
0
0
0
1047338931
0
0
0
0
0
0
1266587618
0
0
0
0
0
0
0
0
0
0
0
0
0
0
0
0
0
0
0
0
0
0
0
1097106026
0
0
0
0
0
0
0
0
0
0
0
0
0
0
0
1136839901
0
0
0
0
0
0
0
0
0
0
0
1245757415
0
0
0
0
1270793435
1193744718
0
0
0
0
270037146
994452621
0
1256740836
0
0
0
0
406319265
0
0
0
0
744548145
0
0
314161440
0
0
1212742895
0
0
0
0
0
0
0
1233012243
841281243
0
0
0
0
0
0
1122737085
0
0
0
0
0
0
0
0
0
0
0
0
0
0
0
0
0
0
0
0
706952793
0
0
0
0
1215274131
0
0
0
0
0
0
0
0
0
0
0
0
0
0
0
0
0
0
0
0
0
0
0
0
188104218
0
0
0
0
0
0
0
0
0
0
0
0
0
0
0
444088661
369793391
0
0
0
0
0
0
1218173243
0
0
0
0
0
0
0
0
0
0
0
0
0
0
0
0
0
0
0
0
0
0
0
0
0
0
0
0
0
0
0
0
0
0
0
0
140140557
0
469790375
0
0
0
0
0
0
0
0
0
0
0
0
0
0
0
0
0
1214906540
0
0
859998635
0
0
0
0
0
0
0
1235179085
0
0
0
0
0
1246813041
0
0
0
0
0
0
0
0
0
0
0
0
0
1272786270
0
0
0
253573551
0
0
0
0
0
0
0
0
0
0
0
0
0
0
0
0
0
1122928056
0
0
0
0
0
0
0
0
0
0
0
0
0
0
0
0
0
0
0
0
0
0
0
700234155
0
0
0
0
0
1152827793
0
0
0
0
0
0
0
0
0
0
0
0
0
0
0
0
0
0
1227938271
0
0
0
0
0
0
0
0
0
0
0
0
0
338404865
0
0
0
0
0
0
0
0
0
0
0
0
694156926
0
0
0
0
0
0
0
213901116
0
0
210818752
0
0
0
0
0
0
1087260795
0
0
0
0
0
0
0
0
0
0
100439043
0
0
0
0
0
0
0
0
0
0
0
0
0
0
0
0
0
0
0
0
0
0
0
0
0
0
826524792
0
0
0
0
0
0
0
0
0
0
0
0
0
593780990
0
0
0
0
0
0
0
0
0
0
0
0
0
0
0
0
0
0
0
0
0
0
0
0
0
0
0
0
0
0
0
0
0
0
0
0
0
0
0
0
0
0
0
0
0
0
0
0
0
0
0
0
0
0
0
0
0
0
1160681970
0
0
0
0
0
0
0
0
0
0
0
1177976346
0
0
0
0
0
0
0
0
0
0
0
0
0
0
0
0
0
0
0
0
239842500
556371618
0
492165000
0
0
0
0
113769705
0
0
0
0
0
0
0
0
0
0
0
0
0
0
0
0
0
0
0
0
0
0
0
0
763692468
0
0
0
0
0
0
0
0
0
0
0
1149448365
0
1268783843
0
0
0
0
0
0
0
0
0
0
0
0
0
0
0
0
0
0
0
0
0
0
0
0
0
0
0
0
0
0
730831761
0
0
0
0
0
0
702602010
0
0
1268005271
0
0
0
0
434243811
0
0
0
0
0
0
741159981
0
0
0
0
0
0
0
1198178520
0
0
0
0
0
0
0
0
1265107181
0
0
0
0
0
0
0
0
0
0
0
0
0
0
0
0
0
0
0
0
1243839675
1269998276
0
0
0
0
0
0
0
0
0
0
488286111
0
0
0
0
0
0
0
697963190
0
0
0
1269545846
0
1181251841
0
0
0
1037926968
0
0
0
0
0
0
0
0
77024925
1038816135
0
0
0
0
0
0
1246600616
0
0
0
0
0
0
0
0
0
0
39558065
0
0
0
0
0
0
0
0
1197822081
0
0
0
990183831
0
1136591771
0
0
0
0
0
0
0
0
0
0
0
0
0
0
0
0
0
0
0
0
0
0
0
0
794753706
0
0
0
1259829516
1259354271
826544696
0
0
0
0
0
0
1144757570
0
0
0
0
0
0
0
0
0
0
0
814019976
0
0
0
0
0
0
0
839191145
0
0
0
0
0
0
0
0
0
0
0
0
0
774839175
0
0
0
0
0
0
0
0
0
0
0
0
0
0
0
0
0
0
0
0
0
0
0
0
0
0
0
0
0
0
0
0
613109750
0
0
0
0
0
0
0
0
0
0
0
0
0
0
0
0
0
0
0
0
0
0
0
0
0
0
0
0
0
0
0
0
0
0
0
522695370
0
0
0
0
0
0
0
0
0
0
0
0
0
0
0
0
0
0
0
1100154615
0
0
0
0
0
0
0
0
932603418
0
0
0
0
1237617696
0
0
0
356941038
0
0
0
0
0
0
0
1053590895
0
0
0
0
0
0
0
754841010
0
0
0
0
0
0
1000654905
0
0
0
0
0
1064464170
0
0
0
0
0
0
0
0
0
0
0
0
0
0
0
885040871
0
0
0
0
0
0
0
0
0
0
468546996
0
0
1270317830
0
0
0
0
0
0
0
0
0
0
0
0
0
0
0
0
0
618622410
0
0
0
520421370
0
0
0
0
0
0
0
0
0
0
0
0
33390243
0
0
0
85082865
0
547291530
0
0
0
0
0
0
0
783173160
0
0
0
0
0
0
0
0
0
0
0
0
0
0
0
182879586
0
307096116
0
0
0
0
0
0
0
0
0
0
0
0
0
0
0
0
0
0
0
687809187
0
0
0
0
0
1142711346
0
0
0
938660486
1224237261
0
0
0
0
0
0
0
0
0
1253198493
1121937168
0
0
0
235564043
0
0
0
0
0
0
0
0
0
0
0
0
0
924196218
0
1100266326
1050137793
0
0
0
0
0
0
0
0
0
0
0
0
0
0
846002085
0
0
0
0
1020150930
0
0
0
1233978681
0
0
0
0
0
0
0
0
0
0
0
0
0
0
0
0
0
0
0
0
0
0
0
0
0
0
701148051
1118892255
0
0
0
0
0
0
0
0
0
0
0
0
0
0
0
0
0
0
0
0
154724190
0
0
0
0
891784850
0
0
0
0
0
0
0
0
0
0
0
0
510290144
0
0
0
0
622308741
0
0
0
0
0
1268176845
0
0
0
0
0
0
0
0
0
0
0
0
0
0
443110865
0
0
0
0
0
0
0
0
0
0
0
221942016
0
0
414545670
0
0
0
0
0
0
0
906776760
0
0
0
0
0
0
0
0
0
331993431
0
0
0
0
0
0
0
0
0
0
0
0
0
0
0
0
0
0
909291201
0
0
0
0
0
0
0
0
0
0
0
0
0
0
0
0
0
0
0
0
0
0
0
0
0
0
0
460502096
0
0
0
0
1248446760
0
0
0
0
0
0
0
0
0
0
0
1157459280
0
0
0
0
0
0
0
0
0
223775636
0
0
0
0
0
0
332947868
0
0
1237685468
0
0
0
0
0
1162730805
0
0
434243811
0
0
0
0
0
0
0
0
0
0
0
0
0
0
0
0
0
0
0
0
0
0
0
0
0
0
0
0
0
0
0
0
0
0
0
0
0
0
0
1145862536
0
0
0
1253736968
0
0
0
0
0
1243476365
0
0
0
0
0
0
0
0
0
0
0
0
0
0
0
0
1077445440
0
0
0
0
0
0
528496845
0
0
0
0
0
0
0
794939355
0
0
0
0
0
0
0
1252884795
0
0
0
0
0
0
0
0
0
0
0
0
0
0
0
0
0
0
0
0
211034765
0
0
0
0
0
0
0
0
121750736
0
0
651036776
0
0
0
0
0
0
1263384981
0
0
0
0
0
0
0
0
0
0
0
0
1013101493
514418616
0
0
0
934663185
0
0
0
0
0
0
0
0
0
0
0
0
0
0
0
0
0
1260629006
0
0
0
0
0
105761118
0
0
198654951
0
0
1169227400
0
0
0
0
0
0
0
0
0
0
0
0
0
0
0
0
0
0
0
0
0
0
0
0
0
0
0
0
0
0
0
0
0
0
0
0
0
0
0
0
1253774705
0
0
0
0
982297701
1222595375
0
0
599447343
0
982080450
0
0
0
0
0
959319900
0
0
0
0
0
0
0
0
0
0
0
0
53330046
0
0
0
0
0
0
0
0
0
0
0
0
0
0
0
0
0
0
0
0
0
0
0
0
0
0
0
0
353823030
0
0
0
0
0
0
327518493
0
0
0
0
0
0
0
0
0
0
0
0
0
0
0
0
0
0
0
0
0
0
0
0
0
0
0
0
0
0
762702080
0
0
0
0
0
0
0
0
0
0
0
0
0
0
0
0
0
0
0
0
0
0
0
0
0
0
0
0
0
0
0
0
0
1272698175
0
1269096036
0
0
0
228901260
0
0
720138200
1265845665
0
0
1204121093
0
0
0
0
0
0
0
0
0
0
0
0
0
0
0
0
0
0
0
0
0
0
0
0
0
0
0
0
0
1254779996
0
0
0
0
0
0
0
0
0
0
0
0
0
0
0
0
0
0
0
0
0
481733631
0
0
0
0
0
0
0
0
0
0
0
1273528076
0
0
0
0
0
0
0
0
0
0
0
0
0
0
0
1244954166
0
168664552
952134765
0
0
0
0
0
0
0
0
0
0
0
23009691
0
0
0
0
0
0
0
0
0
0
0
1083146405
0
1261355166
0
0
0
0
0
0
474114641
0
0
0
0
0
0
0
0
0
0
0
0
424423301
0
0
0
0
0
0
0
0
0
0
0
0
0
1118152740
0
0
0
0
0
0
0
0
0
0
0
0
0
0
0
0
0
0
0
0
164023575
0
0
0
0
0
0
0
0
0
0
1148169051
0
0
0
0
0
0
1042742876
0
0
0
0
1251260271
0
0
0
225836546
0
0
11330100
0
0
0
0
0
0
0
0
0
0
0
0
0
0
504635
0
1237617696
0
0
0
0
0
0
0
0
0
93502256
0
0
0
0
0
0
0
0
0
0
0
0
0
0
0
524322051
0
0
0
0
0
663814086
0
0
0
0
0
0
0
0
0
0
0
0
0
0
0
0
0
0
0
0
0
0
0
0
0
0
0
0
0
881296710
0
1268749875
0
433219236
0
0
0
0
0
0
0
0
0
901230918
898606710
0
0
0
0
776921376
0
0
0
0
0
0
0
0
0
0
0
0
0
1144259586
617427546
384738705
0
0
0
0
0
0
0
0
0
0
0
0
0
0
0
0
0
0
0
0
0
0
0
0
0
0
0
0
0
0
0
317443890
0
0
0
0
0
0
0
0
0
0
0
0
0
0
0
276879765
0
0
0
0
1045612821
0
0
0
908724180
0
0
0
0
0
0
0
0
0
0
0
0
0
0
0
0
0
0
0
0
0
0
0
470311506
672720966
0
0
759532793
0
0
0
0
0
0
0
0
0
0
0
0
0
0
0
908940240
0
0
0
1269635718
0
0
0
0
0
0
0
0
0
0
0
0
0
0
958617590
0
0
0
0
0
0
1184350056
201342468
0
0
0
0
0
0
0
0
0
0
0
0
0
0
0
583677806
1237328951
0
0
0
0
0
0
1273360401
0
0
0
0
549157793
0
0
0
0
0
0
0
0
0
0
0
0
0
0
0
0
0
0
0
0
0
0
0
0
0
0
0
0
0
0
0
0
0
870354140
715504218
0
0
0
0
0
0
0
0
0
0
0
0
0
0
0
0
0
0
0
0
0
0
0
0
1100898675
0
0
0
0
0
0
0
0
0
0
0
0
0
0
0
0
0
0
0
0
0
0
0
0
0
0
0
0
0
0
0
217350966
0
0
0
0
0
0
0
0
0
0
527492868
0
0
0
0
0
0
0
0
0
0
0
0
0
0
0
170843505
0
0
0
0
0
0
0
0
0
510751535
0
0
0
0
0
0
0
0
0
0
0
0
0
0
0
1196002368
0
0
0
369963441
0
0
0
0
0
0
0
0
0
0
0
0
0
0
0
1269847776
0
0
0
0
1027214636
1054261535
0
0
0
0
663185355
0
0
0
0
0
0
0
0
0
0
0
0
0
0
0
0
0
0
1271374665
0
17502486
0
0
0
0
0
0
0
0
0
0
0
0
0
0
0
0
0
0
0
0
0
0
0
0
0
0
0
0
0
0
0
0
0
0
1270952618
0
0
0
0
0
0
0
0
0
0
0
0
0
0
0
0
0
0
0
0
0
0
0
1101047295
0
0
0
0
1076692185
0
0
1195840401
0
0
1201408691
0
0
763788261
0
0
0
0
0
0
0
0
0
0
0
0
0
0
0
1260152195
0
0
0
0
0
422066290
0
103004826
0
0
0
0
0
0
0
0
0
0
0
0
0
1142614275
1022486718
0
0
0
0
0
0
0
0
0
0
0
0
0
0
0
0
0
271514985
0
0
0
0
0
0
0
0
0
0
0
0
0
0
0
0
0
0
0
0
1212278900
0
0
0
0
0
0
0
542175611
0
0
0
0
0
0
0
877140500
0
0
0
0
0
0
0
0
0
0
0
660597168
0
0
0
1270970766
0
0
0
0
0
0
0
1250159043
0
0
0
0
716672868
0
0
0
0
0
0
0
0
0
0
0
0
0
0
0
332600856
0
0
0
0
0
0
0
139773975
0
0
0
0
0
0
0
972931806
0
0
0
0
0
0
0
0
0
0
0
0
955321368
0
0
959520416
0
0
0
0
0
0
0
0
0
0
0
0
0
0
892999668
0
1263988481
683831093
0
0
0
0
0
0
0
0
0
0
0
0
0
0
0
0
0
0
0
1271517710
0
0
0
0
0
0
0
0
0
0
0
0
0
0
0
0
1261949855
0
0
0
0
0
0
0
0
353255
250499985
0
0
0
0
0
0
0
0
0
0
0
0
0
0
0
0
0
0
0
0
240997095
0
0
0
0
0
1212643616
0
0
0
0
0
0
0
0
0
0
0
0
0
0
0
0
0
0
0
0
0
0
0
0
0
0
0
0
0
503155368
0
0
0
0
0
0
0
0
0
0
0
0
0
0
0
0
0
0
0
0
0
0
0
0
0
0
0
0
0
0
0
89953215
0
0
0
0
0
0
0
0
0
0
0
0
546910365
0
0
0
0
907967466
0
958843418
0
491651006
0
0
0
0
1140534851
0
0
0
317006555
0
0
0
0
0
0
534506511
0
0
0
249640368
0
0
0
0
0
0
0
0
0
0
0
0
0
0
1128055593
0
0
0
0
0
0
0
0
0
0
0
0
0
0
0
0
0
465293631
0
0
301592741
0
0
0
0
0
0
0
0
93356510
0
0
0
0
0
0
0
0
0
0
0
0
0
0
0
0
0
0
949950666
1196263650
0
0
0
0
0
0
0
0
0
0
0
0
0
0
0
1206954716
0
0
0
0
0
0
0
1035118380
137296461
0
0
0
0
0
1237260843
972907286
0
0
0
0
0
0
0
0
0
0
0
0
0
0
0
0
0
0
0
0
0
0
0
0
0
0
112517168
0
0
0
379925796
0
0
0
0
0
0
0
0
0
0
0
0
0
0
0
0
0
0
0
0
0
0
559700526
0
0
0
0
0
0
791561118
0
0
315037310
0
0
0
0
0
0
1273493130
0
0
0
0
0
0
1244833070
0
0
0
0
0
0
0
0
0
0
0
0
1029716343
0
0
0
0
248644571
0
0
0
0
0
640121718
0
0
0
0
0
331212168
0
0
0
0
0
0
252037346
0
712995843
0
0
0
0
0
0
0
0
0
0
1045634171
0
0
0
0
0
0
0
0
0
0
0
0
0
0
0
0
357764540
0
0
0
0
0
0
0
0
0
0
0
0
0
0
0
0
0
0
0
0
0
975476426
0
0
0
0
0
0
0
0
1259038326
46552793
0
0
0
0
0
0
0
0
524128491
0
0
0
0
0
0
0
0
0
0
0
0
1110190971
0
0
0
0
0
0
1079716230
0
0
0
0
0
0
1007387690
0
0
1206515493
0
0
0
0
1008931236
0
0
0
0
0
0
0
0
0
0
0
0
0
0
1225881543
0
0
0
0
0
0
0
0
0
0
0
0
0
1015583205
490978605
0
0
0
0
0
0
0
0
0
0
0
0
0
0
0
0
0
0
0
0
0
0
1266595071
0
0
0
0
0
0
0
0
0
0
0
0
0
0
667092195
0
0
0
0
0
0
0
0
0
0
83424668
0
0
0
0
0
0
0
0
0
0
0
0
0
0
0
0
0
0
0
0
0
0
0
0
0
0
0
0
0
0
0
0
0
0
0
0
0
0
0
0
0
1270948071
0
667858136
0
0
0
323163743
0
0
0
0
0
0
0
0
0
0
0
0
0
0
1013238410
0
0
431537580
0
0
0
1236222905
0
1085694093
0
0
0
855886395
0
0
0
0
0
0
0
941733066
0
0
859462493
0
0
0
0
0
0
0
0
0
846031326
0
0
0
0
0
800369043
863596085
0
0
0
0
1116207555
0
0
0
0
0
0
0
0
0
0
0
0
0
0
0
0
0
0
0
0
0
0
0
0
0
0
0
0
0
0
0
1132859595
0
1156849020
0
0
0
0
0
0
0
1264850718
0
0
1260689900
0
0
0
0
0
0
0
0
0
0
0
0
0
0
0
0
0
0
0
719838743
0
0
123813618
0
0
0
0
0
0
0
0
0
0
0
0
0
0
0
0
0
0
0
822709368
0
601978470
0
0
0
1273262793
0
0
765634125
1135895810
0
0
0
0
0
0
0
0
0
0
0
727168650
375523736
0
0
0
0
0
0
0
0
0
0
0
0
0
0
1266032745
0
0
0
9520686
0
0
0
0
0
0
0
0
0
643107960
0
0
0
0
0
0
0
0
548452798
0
0
0
0
0
0
0
0
0
0
0
0
0
0
562192125
0
1242946815
0
1265548740
0
0
0
0
443477606
0
0
0
0
0
0
0
0
0
0
0
587831718
0
0
0
0
0
0
0
0
0
0
0
0
0
0
638162618
0
0
0
904769843
0
0
0
0
0
0
537463850
113769705
0
0
0
0
0
0
0
0
0
0
0
0
0
0
0
0
0
0
0
0
1143163868
1221264546
0
959269223
0
574855050
0
0
0
0
0
0
0
0
0
0
0
0
0
0
0
0
0
1179847230
0
1198129406
0
0
0
0
0
0
0
0
0
0
0
0
0
0
1020533481
0
0
0
0
0
0
1273450080
0
0
1020578468
0
0
0
0
0
0
0
0
0
785487843
0
0
0
0
0
0
0
0
0
0
0
0
0
0
0
0
0
0
1028942843
0
0
0
0
0
0
0
0
0
0
0
0
0
0
0
0
0
0
0
0
700234155
0
0
1267139070
0
0
0
0
0
0
0
0
0
0
0
0
0
0
0
0
0
0
0
0
0
0
0
0
0
0
0
0
0
0
0
0
0
0
0
0
0
1104558210
0
0
0
0
0
0
0
336327881
0
0
0
0
0
0
0
0
0
0
0
0
0
0
321724481
0
0
1271220270
0
338837280
0
0
0
0
0
0
0
0
0
0
0
0
0
0
0
0
0
0
1247998515
591788471
0
0
0
0
0
0
0
0
0
0
0
0
0
0
0
0
0
0
0
0
0
0
0
0
0
1024923195
0
0
0
0
0
0
0
39110918
0
1078829235
0
0
0
0
0
393738368
0
0
0
0
0
0
1099837905
0
0
0
0
0
0
0
0
138916680
0
0
0
0
0
0
1124365118
0
0
0
0
0
0
0
0
0
0
1248538761
0
0
0
1177907211
0
0
0
0
0
1092816180
0
0
189687785
0
1138751175
0
0
927124065
0
0
0
0
141487593
0
0
0
0
661017246
0
0
0
1237515918
0
0
0
865712226
0
0
0
0
0
0
0
0
0
0
0
0
0
0
0
358577493
950281295
0
0
0
0
0
0
0
0
0
0
0
0
0
0
0
0
434653466
0
1167486980
0
0
1126841990
0
0
0
0
0
0
0
0
0
0
0
1192438266
0
0
0
0
0
0
0
0
1273315293
0
0
0
0
0
0
0
0
0
0
0
0
0
0
0
1209389945
0
0
0
0
0
0
0
0
0
952717631
177876480
0
0
0
0
0
0
0
0
0
0
0
0
0
0
0
0
0
0
0
0
0
0
0
0
0
0
0
0
1141202700
0
0
0
0
0
0
0
1248446760
0
0
0
0
0
0
36051785
0
1185402020
0
0
0
0
0
0
0
0
0
0
215465745
0
0
0
0
0
0
0
0
0
0
0
810587940
0
0
0
0
0
0
0
0
0
0
0
0
0
0
0
0
0
1270470696
0
0
0
0
0
0
0
139821593
0
0
0
0
0
0
0
0
0
0
0
0
0
0
0
0
0
0
0
0
0
0
0
0
0
0
0
0
1267263635
0
0
0
0
0
0
0
0
0
0
0
0
0
0
1170853131
0
0
0
0
0
0
0
0
0
0
0
0
1273505343
0
0
0
0
0
0
0
0
0
1151971718
0
0
0
0
0
0
0
0
0
607427996
0
0
0
0
0
0
1224018570
0
0
0
0
1212123843
0
0
0
1272887793
0
0
0
1270470696
0
0
0
0
738677175
0
0
0
0
0
0
0
0
467623868
0
0
0
0
0
0
0
0
0
1229893593
0
0
0
0
0
0
0
0
0
0
0
0
0
46850000
0
0
0
0
0
0
0
0
0
1214982315
0
0
0
0
0
0
0
1270388460
0
0
15847965
0
0
0
0
0
0
0
0
0
0
0
0
0
0
0
0
0
0
0
0
0
0
0
0
979345850
0
0
0
0
0
0
1268909385
0
0
1203613521
0
0
1272146135
0
0
0
0
1273497890
0
1196002368
614635295
0
0
0
0
0
0
0
288187718
535621010
0
0
0
0
0
0
0
0
0
0
943559541
0
465337702
851220293
0
1008724155
0
0
0
0
0
0
0
0
0
0
0
890291291
0
0
0
0
0
0
0
0
0
0
0
0
0
0
0
0
0
0
0
0
0
0
1235885243
0
567124668
0
0
0
0
1207380993
0
0
1126053021
0
0
0
0
0
0
0
1266183051
0
0
0
0
0
0
0
0
0
0
0
0
0
0
0
0
0
0
0
0
0
0
0
0
0
0
588942243
0
0
0
0
0
0
0
0
0
0
0
0
0
0
1142678993
0
0
0
624868575
0
0
0
0
0
0
0
0
0
448156611
0
0
0
0
0
0
0
0
0
0
5394405
0
1201384668
0
0
1131767205
0
0
0
0
0
0
0
0
0
0
0
0
734384043
0
1270315293
0
0
0
840045456
0
0
0
0
0
0
0
0
0
610308336
0
0
0
0
0
1174559331
0
0
0
0
0
0
0
0
0
0
0
0
0
0
0
0
0
0
0
0
0
0
0
1273437726
765000860
0
0
0
0
0
0
0
0
0
0
0
0
0
0
0
0
0
0
0
0
415498721
254070311
0
0
0
0
0
909803840
0
0
1253925293
0
0
0
0
0
0
0
155906465
0
0
0
0
0
0
0
0
0
0
0
0
0
0
0
0
0
0
0
0
0
0
0
0
0
0
0
0
0
0
0
0
1206608081
0
0
341343315
1076255430
0
0
0
0
0
0
1271120243
0
0
0
0
0
0
0
0
0
0
0
0
0
0
328649090
0
0
0
179935218
0
0
0
0
0
0
1256729243
0
0
0
0
0
0
0
0
0
0
0
0
0
0
0
0
0
93307926
0
0
0
0
623102468
1216540920
0
0
0
0
0
0
0
0
0
0
0
0
0
0
0
0
0
1263970995
0
0
0
0
0
0
0
0
0
0
0
0
0
0
0
0
0
0
0
0
0
0
0
0
203286501
0
0
0
0
0
0
0
0
578393205
0
0
0
0
0
0
0
0
0
837125550
0
0
0
0
0
0
0
0
0
0
0
0
0
0
0
0
0
0
0
0
0
0
1246673961
0
0
0
0
0
0
917236581
0
959745920
0
0
0
720404316
0
0
0
0
0
267347376
0
0
0
0
0
0
0
0
0
0
0
0
0
0
0
0
0
0
0
0
0
0
863281056
1028234571
0
802765476
0
0
0
1231412315
0
0
0
0
0
0
0
0
0
0
0
0
0
0
0
0
0
0
0
0
0
0
0
0
0
0
1242931170
0
0
0
0
0
0
0
0
0
0
0
0
0
0
0
0
0
0
0
0
0
0
1230070920
0
0
0
0
0
0
0
0
0
0
0
1271969181
0
0
0
0
0
0
863281056
0
0
0
0
765734100
0
0
0
0
0
0
0
0
0
0
0
210122843
0
0
0
0
0
0
0
0
0
0
0
0
1173685100
0
0
0
0
0
0
0
0
0
0
0
0
0
0
0
0
0
0
0
0
0
0
0
0
0
250092843
0
0
0
0
1241929521
33489846
0
0
0
0
0
0
0
0
0
0
0
0
0
0
0
0
0
0
0
0
0
0
0
0
0
0
0
0
0
0
0
0
0
1101177285
0
0
0
0
0
0
0
0
1236326495
0
0
0
0
0
0
0
0
0
0
0
0
0
0
0
0
0
0
0
0
0
0
796361468
0
0
0
1237396995
0
0
0
0
0
0
1233192093
1268445101
0
0
0
0
0
0
0
0
0
0
0
0
0
0
0
0
0
0
0
0
0
1062003150
0
0
0
0
0
0
0
0
484397618
0
0
0
0
757093155
0
0
0
0
0
0
0
0
0
0
0
0
0
0
0
0
0
0
0
0
0
0
0
0
0
0
0
0
0
0
1270274565
443477606
0
0
1244650946
0
0
0
0
0
0
0
0
0
0
0
0
0
0
0
0
0
0
0
0
0
1271420150
0
0
0
0
0
0
0
0
0
0
0
0
0
0
0
0
0
0
0
0
0
0
713899506
0
0
1243017168
0
0
63829668
689962380
0
0
0
0
0
0
1105604445
0
0
0
0
0
0
0
0
0
0
0
0
0
1131463950
0
0
396085860
0
765542871
0
0
0
0
0
0
0
0
0
0
0
0
0
0
0
0
0
0
0
0
0
0
0
0
0
0
1102492986
0
0
0
0
0
0
0
0
0
0
0
0
0
0
295189251
0
0
0
0
1248482165
0
0
0
0
0
0
0
0
0
23481836
0
0
0
0
0
0
0
0
0
0
0
0
0
1053116638
0
0
0
1183184343
0
990398040
0
0
0
0
0
801291468
0
0
0
0
0
0
0
0
0
0
0
0
0
0
0
0
0
0
0
0
0
0
0
0
0
0
0
0
0
0
0
0
0
0
0
1179901976
0
0
0
0
0
0
0
0
0
0
0
0
783674096
1039487316
721401681
0
0
0
0
0
0
0
0
0
0
0
0
0
0
0
0
0
0
0
0
0
0
0
0
0
1191146880
0
0
0
0
0
0
0
0
0
830452950
0
1134765276
0
101117070
0
0
0
0
0
0
0
0
0
0
0
573013581
0
0
0
0
0
0
0
0
0
0
0
0
0
0
0
0
0
0
0
0
0
0
0
0
0
0
0
0
0
0
0
0
0
0
0
0
0
0
0
120454493
0
0
0
0
0
652482600
0
0
0
0
0
0
0
0
0
0
0
0
0
0
0
0
0
0
0
0
0
0
0
0
0
1258041785
0
0
0
0
0
0
0
0
0
841302528
0
0
0
0
0
0
0
0
0
0
0
0
0
0
0
0
0
0
0
0
0
0
0
0
0
0
0
0
0
0
0
0
0
0
0
0
955548375
679840635
0
0
0
0
0
0
0
938738120
0
0
0
0
0
0
0
0
1179682896
0
0
0
0
1248397151
0
0
0
0
0
0
0
0
0
801531955
0
0
0
289040505
0
0
0
276924411
361953795
0
0
0
0
1023449316
0
1207564905
0
0
868363935
1069565243
0
0
0
0
0
0
0
0
0
0
0
0
0
0
0
0
0
0
0
0
664896141
1243608030
0
0
348066993
0
0
0
0
0
0
0
0
0
0
0
0
1005006021
0
951982626
1131733526
0
0
0
0
0
0
0
0
0
0
0
0
0
0
0
0
0
1205282660
1207185306
0
0
0
0
0
0
0
0
0
703581543
0
0
0
0
0
0
0
0
0
0
0
0
569640786
0
0
0
0
0
0
0
0
0
1212786993
0
0
0
0
0
0
0
878518968
0
0
0
0
0
0
0
0
1169775531
0
0
0
0
0
0
0
0
0
0
0
945380975
0
0
0
1194714456
0
0
0
0
0
0
0
0
0
0
0
0
0
0
0
0
0
0
0
964164371
0
0
0
0
0
0
1197723605
0
0
0
0
1272265125
0
0
0
0
0
0
0
0
1081209668
0
1254871751
0
0
0
0
845768121
0
0
0
0
1272932493
0
0
0
0
0
0
0
0
0
0
0
0
863567451
0
0
0
594776156
394432695
0
0
0
0
0
0
0
0
0
0
0
0
0
0
0
0
0
0
0
0
0
548967468
0
0
0
0
0
1110696665
0
783654
548434425
0
0
0
0
0
0
0
0
0
0
0
0
0
0
0
0
0
0
0
0
0
0
0
0
0
0
0
0
0
0
0
0
0
0
0
0
0
0
853455141
0
0
0
0
0
1128345426
0
0
0
0
0
0
29203305
0
0
0
0
0
0
0
0
0
0
0
0
0
0
0
419016276
0
0
0
0
0
0
286277916
914133291
0
0
0
1182632360
0
0
0
0
0
0
0
0
0
0
0
0
0
0
0
0
0
0
0
0
0
0
0
0
0
0
0
0
0
0
0
0
0
0
0
0
498359121
0
440133195
0
0
0
0
1045142868
0
0
1226707743
0
0
0
0
0
0
0
0
0
0
0
376582911
0
0
0
1264071321
0
0
31497026
0
0
0
0
0
0
0
0
0
0
0
0
0
0
0
0
0
0
0
0
0
0
0
0
1199059836
0
0
0
0
0
139869210
0
0
0
0
0
233654405
0
0
0
0
0
0
0
0
0
0
0
0
0
0
0
0
0
0
0
0
0
0
0
0
71049426
0
0
0
0
0
0
0
0
0
0
0
0
0
1093234191
0
0
0
0
0
0
0
0
0
0
0
1262892555
0
0
496270868
0
0
0
0
0
0
0
0
0
0
0
0
821236820
0
0
0
0
0
0
0
1269557136
0
0
0
996974825
0
0
1245255786
0
0
0
0
868648550
0
0
0
0
0
0
0
0
0
0
0
0
0
0
0
608267220
0
0
0
1013831301
926939790
0
0
0
0
0
986194368
1262369571
0
0
0
0
0
0
397537105
0
0
0
162044220
0
144768405
0
1247503026
0
0
0
0
0
0
0
0
0
1148496830
0
0
0
0
0
0
0
0
0
0
0
0
0
0
0
0
0
0
0
0
0
0
0
0
0
0
0
0
0
0
0
0
0
0
0
0
0
0
0
910531706
0
1263848145
0
0
850987761
0
0
0
0
0
0
0
0
523237793
0
0
0
0
0
1143680076
0
0
0
0
0
0
0
0
1074096132
0
0
0
0
0
0
0
0
0
0
653363375
0
1168112286
0
1001355300
0
0
0
0
0
0
0
0
0
0
886850601
0
1119384285
0
0
0
0
0
572302221
0
0
0
0
0
0
0
0
0
0
0
0
0
0
547215305
0
0
0
0
0
0
0
0
0
0
0
0
0
0
0
0
734055618
0
0
0
0
0
0
0
0
1218330968
0
0
0
0
0
0
0
0
1198729950
0
0
0
0
0
0
0
0
0
0
0
0
0
0
0
0
896659961
0
0
0
0
978399086
0
0
0
0
0
0
0
0
0
0
0
0
0
0
0
0
0
1068554118
0
0
0
0
1273277343
0
0
0
0
0
0
0
368985435
0
0
0
0
0
0
0
0
0
0
0
0
0
0
0
0
0
0
0
0
0
0
0
0
0
0
0
0
0
0
0
0
0
785237871
0
0
0
0
0
0
0
1244825493
0
0
0
0
0
377726118
0
0
1098137661
0
0
1101733830
0
0
0
0
0
0
0
0
0
0
1269641301
0
0
0
0
0
0
0
0
0
0
0
0
0
0
1224157793
0
0
0
0
595733775
0
0
0
0
0
0
0
1065709668
0
0
0
0
0
0
0
0
0
0
0
0
0
0
0
0
0
0
0
0
0
0
0
0
0
0
1182510968
0
0
0
0
0
0
0
0
0
0
0
0
0
0
0
0
0
770027235
0
0
0
0
0
0
0
0
0
0
0
0
0
0
0
0
0
0
0
0
0
0
0
0
0
0
0
0
0
0
0
0
0
0
0
0
0
0
0
0
1266882618
0
0
0
0
0
0
588609180
0
0
0
0
0
0
0
0
1171953615
0
0
0
0
0
0
0
0
0
0
45671812
0
0
0
1064259635
0
0
0
0
1256966100
0
0
0
0
0
0
0
0
1235047595
0
0
0
0
0
0
0
0
0
899015339
0
0
0
0
1072001820
293020560
0
0
0
0
0
0
0
0
0
0
22559556
0
1210472681
0
0
0
646689218
0
0
0
0
0
0
0
0
0
0
0
0
0
0
0
0
0
0
0
0
0
392983151
0
0
0
0
1221784695
0
0
0
0
0
0
0
0
0
0
0
0
0
0
0
0
1028212421
0
0
0
0
0
0
0
0
0
0
0
0
0
0
0
0
0
0
978301896
0
0
0
0
0
0
51353226
0
0
0
0
0
0
0
0
0
0
0
0
0
0
0
0
0
0
0
0
0
0
0
0
0
0
0
0
0
0
0
0
974009696
0
0
0
0
0
0
0
1070614161
0
0
0
0
0
0
0
0
0
0
0
0
0
0
0
0
0
0
0
0
0
0
0
0
0
0
0
0
0
0
0
0
0
0
0
0
0
0
0
0
0
0
0
0
0
83327091
0
0
0
0
0
0
0
0
1272453561
0
0
0
603590036
0
0
0
0
0
0
0
1055432691
0
0
0
0
0
1247053743
0
0
0
0
398053656
0
0
0
565625004
0
0
0
0
0
0
0
0
209200293
0
0
0
0
0
0
0
0
0
