718
8956
5663
1784
5658
66
6961
1721
58
1204
1489
99
0
1459
1928
8282
14
1139
7402
8661
4
1423
139
3136
1563
10103
1676
276
7046
4590
10119
844
587
573
3116
6051
1886
8414
1617
131
9326
886
3020
2759
2025
264
2089
1236
873
1497
0
2432
65
7904
1710
2041
8450
595
1112
6406
10856
2415
2052
8600
296
1640
8639
141
3176
6406
7050
10161
630
7617
88
4551
6598
284
190
5676
670
7617
1074
8236
3076
119
9037
1664
157
1662
6460
4397
1349
3020
2011
559
8282
9779
2876
194
308
22
1106
377
1407
988
1497
8778
139
4728
79
53
478
7290
8788
1522
265
990
2280
1996
8439
1617
212
187
372
132
12042
78
287
4698
349
6301
287
10854
7918
144
437
1332
6410
531
8752
6545
430
612
5721
1299
10439
5191
2304
12048
542
728
9641
2855
2007
3235
779
40
2
344
7233
393
1466
1229
8508
1543
989
9758
4593
8795
1177
4
1901
1601
8540
347
579
421
358
4728
7294
8429
6487
7324
3020
484
310
3925
231
7111
5165
6469
3200
1563
1641
29
1652
7921
5683
2199
0
556
1268
896
3654
127
7524
144
240
1117
3260
7411
270
538
369
21
202
328
7048
8382
10738
917
42
1539
8
1628
116
10126
2811
1447
1652
0
119
3818
3710
1640
1082
9418
10102
3816
132
1631
1331
7420
2262
628
4211
10117
8611
352
992
9518
4
9
4087
287
114
541
7233
452
7621
998
607
9
379
135
4728
226
144
139
1442
6395
7642
728
25
9034
3293
3457
43
7422
1044
2973
5869
1530
1969
1455
1640
154
10292
7362
10526
107
1617
1641
507
578
882
538
8067
1476
24
581
1710
8382
4295
0
1374
9816
0
1368
8450
545
56
336
136
969
1784
215
1217
6851
647
1220
593
3872
102
966
9545
7439
6118
95
581
230
228
7320
2
15
9903
559
7811
342
5184
1708
10832
6787
692
1616
298
143
172
2176
6307
7775
1641
42
1560
437
538
4441
7648
58
10263
34
996
1531
2729
451
8602
2636
372
4563
2725
587
312
7777
132
5604
264
5191
2661
4334
1714
4157
7420
246
527
8778
10395
132
581
11091
1436
10263
11642
112
8644
1558
1825
8825
2461
896
1906
4712
11207
1641
11633
135
7634
1071
320
1784
1333
8228
7344
333
1989
690
281
989
1928
1356
1328
827
612
82
329
1901
6501
2163
810
661
1
0
7325
22
699
12088
7053
1942
970
9
396
701
713
1403
0
1995
634
0
9774
1798
36
479
1353
541
8796
10513
1505
2013
10398
981
8429
844
9937
289
26
2611
1362
7408
7610
6785
487
1366
8620
0
5622
399
10157
268
437
16
114
52
10084
3972
1476
2274
2416
9794
121
1
0
3083
1374
7237
9601
1981
36
8062
7703
1106
8640
1269
9282
2187
2632
194
8313
643
218
11
827
11446
1236
1335
9874
8153
1714
1972
9471
132
8382
275
2634
2725
1708
8794
244
5596
797
193
197
1970
8745
1347
10507
4728
10263
1784
437
9707
6039
1391
70
623
350
7583
4154
2591
7050
1530
22
1022
112
8956
76
700
920
8988
5419
1304
1724
143
1744
527
33
7667
752
0
2387
9
7567
6921
4478
1639
4584
921
865
12049
2
1775
1664
10263
4621
2524
901
10371
484
7268
0
10196
2356
352
1927
162
350
5535
3710
981
7243
2102
1092
7101
7
143
1831
360
1214
240
308
6
1110
230
9852
110
5865
1790
266
51
6790
694
291
733
5152
76
1523
4204
279
723
8629
5792
2733
10854
2944
7322
1510
144
7974
1652
683
359
7775
1601
74
5931
651
376
788
32
1500
31
3363
7155
302
7655
2008
1016
0
375
6074
10300
67
6687
8382
5143
244
595
308
4791
1
446
4525
539
3710
8268
453
1191
3839
433
329
1378
2825
5702
1105
10300
1743
9377
9282
882
8627
105
5
196
1960
1640
65
207
