68148
16370
5672
658
42771
574
47548
135590
420
1840
27600
4673
23711
2457
21501
553
24022
3013
143003
8921
1395
86114
120
48552
1169
77703
4544
89464
2638
2122
71362
132473
359
64247
1876
1415
28789
2515
57215
2065
50495
22334
69779
11990
65622
3797
68379
1399
51152
52
5571
69163
8921
996
2157
78027
2420
30044
1350
112387
40016
2172
755
3399
688
93053
386
2079
424
522
6949
92831
111
77444
1213
5166
115288
71234
3194
544
64859
666
188177
1105
1650
2732
68444
0
77127
2776
2079
32
8191
78416
3123
2467
225
2174
6195
8277
27790
557
21282
88080
2172
1629
66342
3134
23291
61116
76
3754
89113
4085
63221
57912
186027
81585
52919
662
25968
126823
321
536
2211
18768
76267
1636
6948
56036
2950
53836
24267
620
49339
4468
2264
23172
4776
1098
498
83541
122718
5724
19439
111029
995
95
1733
1194
701
924
82809
360
31918
8982
16862
63795
2547
4330
1799
4117
134877
2734
94478
190718
8027
362
10619
2445
74543
1644
11971
115720
51600
195
3875
2351
2048
54894
2716
128791
39908
52492
107605
2650
1238
25686
2438
137811
97653
90411
4423
138498
21876
75433
1096
564
5769
55527
24998
191550
22983
49702
76740
459
0
114936
20327
0
5268
0
137246
52936
727
1941
76681
55203
91
66
4382
66321
65105
14766
85610
61361
73447
910
5653
2354
26295
17146
45
739
1737
60356
2368
82
1652
73914
69702
86438
6322
3754
5792
1335
83
102
6705
5446
40318
1245
1273
191368
109
3327
67115
3208
65280
881
66733
74382
13040
132129
4886
2333
67047
1462
1465
221
893
111666
4665
0
25929
113638
144866
138948
664
222349
305
544
126110
23995
29085
134404
5813
97
2656
49183
91
21538
827
25461
97
20615
43709
191
120280
79
82857
22830
220741
144611
6452
313
25169
6598
75331
69942
70129
1303
79330
90465
2929
52222
2
2417
3217
3588
22067
115332
253
7230
23306
114757
103801
607
4140
527
8236
2184
23303
5763
62861
84675
2677
1146
0
1740
137182
1375
14843
34449
59210
66695
5728
3218
521
575
111090
79193
72043
122094
33
0
68091
441
68689
2275
316
51220
42
6035
6407
19937
13
128887
77164
4035
3157
77371
3214
165721
60034
87
22277
1173
55953
394
7234
25564
2838
31069
142735
26995
130724
67785
1405
7880
69798
5298
65868
4565
2310
49921
62329
140119
56329
52335
113992
186577
75034
130805
51930
9842
80504
2131
141379
269
52667
5268
90737
17407
656
27041
412
3745
136416
136666
1024
1244
103
2358
2703
81689
1068
79290
25633
688
187609
112533
128406
6699
23611
5235
74181
130255
139523
115152
131315
51377
122638
58536
566
13963
140
5654
599
86021
67319
142024
1284
56204
13
41054
516
25145
141688
183439
82809
56312
4292
5166
2774
547
50083
59674
57768
145994
53969
222983
676
376
1561
6975
1794
25242
17191
4
18
1063
111573
3582
62609
209
413
47234
1100
75960
53738
182
9
83398
40998
67757
4794
84312
24688
36
68455
73468
32366
137707
40997
165222
991
1440
31318
3727
1178
52995
474
167
192236
73158
25295
53670
1944
2820
636
52268
8293
96380
3487
7823
14456
73820
22010
3828
3841
55817
53172
126049
1406
206
24349
0
62115
70487
2502
149
141804
137098
129989
47365
1015
221518
222744
122
5710
55175
4616
11990
3533
1534
125014
59546
128845
1884
53596
60305
62462
23386
3667
2289
308
1074
69
4928
3913
29025
2402
149
63221
25694
53348
129328
14766
8116
7092
3311
77444
89340
57905
343
75173
351
212
338
33392
984
60662
115227
85065
2730
48142
59328
28523
29459
67319
4008
225404
2620
49379
318
131315
7205
75711
214
1139
2832
28850
1090
115
5325
114501
5646
1170
24486
110754
1109
50888
1358
1017
98173
20
5362
53040
1289
116801
22099
1775
136057
68059
83896
364
129997
618
128237
45403
4003
69488
4008
27386
5881
129547
7543
75506
1809
72590
78893
142870
31688
18
53001
0
1398
47554
1692
1975
1291
191356
1617
1110
1928
1115
78932
58711
567
25633
1437
5593
65857
63241
144951
57978
1407
18673
1795
105514
224763
106
75536
2131
55726
126601
634
3424
655
82993
417
66039
223037
79154
83385
81756
60402
1485
1731
115045
382
1420
3353
131232
2612
73842
354
787
51217
4109
46935
6451
5748
49539
1800
1445
295
110928
12
15695
1693
8052
141587
2072
134524
2905
58158
3289
2381
1103
788
58577
84223
2298
5752
48085
142572
670
1368
2046
139794
177795
43911
124864
3266
2084
4810
137225
22020
132609
87
55927
848
831
3555
22479
1465
2952
970
3381
2087
977
5750
3856
