210
510
190
1386
663
111
154
414
369
531
120
1608
1071
114
0
39
1848
1608
1440
195
61
630
1548
705
357
792
222
305
185
363
212
119
801
651
581
805
795
935
57
476
444
792
168
1323
121
435
141
54
555
1339
266
186
146
572
1400
651
690
58
339
534
1275
882
0
121
1275
987
339
231
58
1302
294
120
1950
0
931
912
666
1157
559
660
252
1275
1045
1320
2010
1455
1782
186
726
1426
276
240
245
585
180
1520
931
246
0
970
488
294
970
1164
1395
75
396
627
1054
825
1701
75
1150
923
356
488
1350
1633
186
744
0
64
125
134
531
803
744
13
987
305
114
660
1988
1150
238
75
559
735
230
468
396
970
618
660
120
64
850
654
15
1350
2016
642
75
280
247
611
1232
1587
189
154
1365
1452
238
495
534
300
168
816
1395
156
1520
0
1416
270
369
735
242
0
495
1089
17
1590
1350
1400
0
276
583
0
1081
162
1421
680
890
117
833
1200
1300
873
3
987
48
117
75
242
0
650
1665
168
413
666
616
897
1815
222
145
180
1470
1133
242
435
9
779
984
377
534
75
1638
64
450
246
783
0
1212
690
1104
1225
696
1458
504
690
371
369
165
117
1350
294
1666
0
413
595
111
183
140
0
912
1188
495
1085
27
413
294
488
39
1287
222
339
36
305
396
1887
833
222
45
53
1350
1045
570
125
1323
585
58
0
450
707
999
1386
1638
1178
350
59
649
1562
559
222
231
427
782
378
0
651
305
246
814
342
420
462
791
413
1825
30
1023
294
201
184
935
1111
776
425
585
627
121
305
247
810
1458
630
294
488
765
75
638
1421
455
186
600
252
226
545
1250
242
1104
621
165
1058
327
792
1275
559
833
909
938
59
206
808
738
305
825
1029
697
488
1150
546
50
118
931
696
414
609
1287
738
62
792
609
1225
58
1045
1029
987
174
414
1513
923
111
0
1045
551
618
1209
484
930
75
0
75
64
1045
495
651
240
1045
855
555
141
756
405
819
810
75
1290
585
1225
987
1414
608
312
63
621
315
156
117
609
1081
182
0
363
618
460
987
534
970
280
242
255
585
0
981
115
935
364
0
484
0
912
180
440
765
111
735
1026
130
645
630
713
535
121
21
741
75
399
873
49
212
364
238
0
798
58
531
0
109
690
360
246
873
399
1045
210
1140
445
0
1696
150
544
190
0
594
1225
369
372
744
369
1150
0
231
970
1350
1513
58
0
1022
1161
912
36
57
294
846
912
969
930
249
663
559
0
1608
611
280
45
481
0
246
774
75
120
114
1755
840
112
1232
618
180
1392
166
575
58
1029
436
265
2010
1029
56
444
246
486
1150
0
595
1666
130
120
111
1696
0
609
559
1170
180
156
0
36
170
294
305
638
799
146
1400
1225
226
238
0
156
1764
0
645
75
363
0
0
675
559
847
483
1090
134
59
476
460
912
590
816
0
1595
31
57
64
1786
232
0
315
201
970
146
0
77
19
1826
119
735
855
249
154
360
912
243
363
801
315
222
666
1232
570
931
238
0
115
816
294
63
477
814
551
765
99
390
168
649
522
105
165
618
1235
238
2001
436
484
238
616
1763
0
950
621
774
98
585
1178
462
539
1104
966
435
115
798
180
0
210
660
84
833
1275
146
168
363
369
413
1100
0
340
0
855
1045
897
111
585
981
215
594
1675
1104
36
1010
249
226
38
957
912
1711
105
206
602
435
1876
399
222
405
0
226
459
1164
2010
242
742
61
120
154
59
1245
63
585
495
30
40
75
294
0
378
726
276
119
413
1350
294
850
675
0
82
510
765
111
665
75
0
1824
63
413
495
288
0
1551
765
111
970
324
81
255
1236
319
294
321
969
303
440
495
825
75
246
495
240
1540
252
1269
195
442
63
170
1581
206
99
970
245
186
663
460
931
378
168
476
62
238
310
350
666
684
912
54
280
369
111
378
1122
291
1045
104
1131
680
1350
61
165
75
506
363
117
765
1188
37
327
735
0
737
301
999
240
840
58
119
435
413
1050
186
280
57
676
779
534
1971
468
75
0
1275
305
987
855
0
71
240
36
1089
71
305
125
177
245
1591
119
987
234
531
1026
765
1239
64
406
559
600
36
201
75
1488
59
75
84
255
428
275
1045
275
840
675
165
312
79
510
1261
680
765
201
121
609
567
183
0
58
399
855
1111
645
294
561
231
396
115
585
1050
595
460
168
0
385
1463
1197
580
1638
1116
146
1652
154
1210
63
966
645
1458
1696
58
280
0
819
168
0
684
378
1236
64
1089
186
954
168
1026
413
57
168
444
246
534
321
970
1044
912
987
1178
855
0
105
630
792
1350
59
260
970
62
1353
567
680
