0
0
0
0
0
0
0
0
0
0
0
0
0
0
0
23016123
173797208
0
0
0
0
153102123
0
0
0
0
0
0
0
0
0
0
0
180599493
0
0
0
0
0
0
0
0
0
0
0
143057492
0
151724348
8984625
0
0
170319842
0
0
91763637
0
0
0
0
0
0
0
0
0
0
0
0
0
47006112
75430268
0
0
0
0
0
0
0
0
0
2614508
55273092
0
0
0
0
0
0
0
0
0
0
165460092
0
0
0
37391160
0
0
0
0
0
0
0
0
0
0
0
0
0
0
0
0
0
0
0
0
0
0
0
0
1319142
0
0
0
0
27427175
0
0
0
0
0
0
0
0
0
0
0
0
0
0
159951303
102846657
0
0
0
0
0
0
0
0
61143425
0
0
0
0
0
135697332
0
0
0
0
0
0
0
0
0
0
0
0
0
0
0
0
0
0
0
0
0
0
0
0
0
176349725
0
0
0
0
0
0
103644363
0
0
0
0
0
0
0
0
0
0
0
0
0
0
0
109156394
0
0
0
0
107696463
0
0
0
0
0
0
0
0
0
0
0
0
0
0
0
0
0
0
0
0
0
0
155899475
0
0
0
0
0
0
0
0
0
0
0
0
0
0
0
0
0
0
0
0
0
0
0
0
0
0
0
0
0
0
0
34377648
0
0
0
0
0
0
0
0
0
0
0
0
0
167240987
0
0
0
0
0
0
0
0
0
0
0
0
0
0
0
0
0
0
0
0
0
0
0
0
0
177222725
0
0
0
0
0
0
0
0
0
0
0
0
157247367
0
102706968
0
0
0
4643442
0
0
0
0
0
0
0
0
0
0
0
0
0
0
0
72813500
0
0
0
173407548
0
0
0
0
0
0
0
0
0
0
0
0
0
0
0
0
0
0
0
0
0
0
0
0
0
174252068
0
0
0
122407593
0
0
121953887
0
0
0
0
0
0
0
0
0
106050987
0
0
0
0
0
0
0
0
0
180184598
31567677
0
0
0
0
0
0
0
0
0
179524050
0
0
0
0
0
0
0
0
0
0
0
0
0
0
0
51109617
0
0
0
0
0
0
0
0
0
0
0
0
0
0
0
0
0
0
0
0
0
0
4506228
0
0
0
0
0
0
0
0
50066513
0
0
0
0
0
0
0
0
0
0
0
0
0
0
0
0
79592283
0
0
0
0
0
0
183187683
0
0
0
0
0
0
0
0
0
0
0
0
0
0
0
0
0
0
0
40460442
0
89584677
0
0
0
179360693
0
0
0
0
171450633
0
0
0
0
0
0
0
0
0
0
0
0
0
0
0
0
0
180302850
0
0
0
0
0
0
0
0
138231863
0
0
176789787
0
0
0
0
0
0
0
0
0
0
0
0
0
0
0
0
0
0
0
41607908
0
0
0
0
0
0
0
0
0
0
0
0
0
182296842
0
0
0
0
0
0
0
0
27956600
0
0
0
0
0
0
0
0
0
0
0
0
0
0
183378003
0
0
0
0
0
0
92978052
0
0
0
86198532
0
0
0
0
123627483
165352083
0
0
0
24196038
0
0
0
24035397
0
0
0
0
0
0
0
180354972
0
0
0
0
0
163193867
0
0
0
0
0
169709133
183122982
0
0
0
0
0
0
0
0
0
0
0
0
0
178559073
0
0
0
0
0
0
0
0
0
0
0
0
0
0
0
0
0
0
0
0
0
0
0
0
0
0
0
0
0
0
0
0
0
0
0
0
0
0
0
0
0
45305238
0
0
0
183296078
76105203
0
0
0
0
0
145280850
0
0
0
0
0
50849225
0
0
0
0
0
0
0
0
0
0
118503207
0
0
0
0
0
0
0
0
182260758
140835750
0
0
0
0
0
0
176658153
0
102935487
0
0
0
0
0
0
0
0
0
0
0
0
0
0
0
181843563
0
0
0
0
0
0
0
0
0
0
0
0
0
0
0
0
0
0
0
0
0
0
0
0
0
0
0
0
0
0
0
0
0
0
0
0
0
0
0
0
0
0
0
0
0
0
0
0
0
0
0
0
75136158
0
0
0
0
0
0
0
0
0
0
0
0
0
0
0
0
0
0
0
0
0
0
0
0
0
0
0
0
0
0
0
142035972
0
0
0
0
0
0
0
179332188
0
0
0
0
0
0
0
0
0
0
0
0
0
0
0
0
0
0
0
0
156232250
0
0
0
0
0
45537813
0
0
96783425
0
0
0
0
0
158022753
0
0
0
0
0
0
0
0
125826582
0
0
0
0
0
0
0
0
0
0
0
0
0
0
0
0
0
0
0
0
0
0
0
0
112545759
0
0
85421673
0
0
0
0
0
0
0
31550250
0
0
0
0
0
0
0
0
183403977
0
0
0
0
0
0
0
0
178044678
0
0
0
0
0
0
0
0
0
0
0
95369313
0
0
0
0
0
0
0
0
0
0
0
0
0
0
0
0
0
0
0
0
0
0
160583982
78711443
0
148435062
0
0
0
0
0
0
0
0
0
151962713
0
0
0
0
0
0
0
0
0
0
0
0
0
0
0
0
0
0
0
0
0
0
0
0
0
67699050
0
0
0
0
42028608
0
0
0
0
0
0
0
0
50946902
0
0
0
174716763
0
0
0
0
0
0
0
0
23785350
80067252
0
0
0
0
181001213
0
0
0
0
0
0
0
0
0
182556963
0
0
0
36938958
0
0
0
175447083
0
0
0
0
0
180133608
0
0
0
0
0
0
0
0
149916108
0
0
140734187
0
0
0
13935873
0
98967618
0
0
0
0
0
0
0
0
174870350
0
0
0
0
40882842
134873250
0
0
0
0
0
0
0
0
0
0
0
0
0
0
0
0
0
0
0
0
0
0
0
0
0
0
38934627
0
0
0
0
0
0
0
0
0
74318916
0
0
0
0
0
0
0
0
0
0
12093165
0
18725102
156621588
115238802
0
0
0
0
0
0
0
0
0
0
0
0
0
0
0
0
0
0
170625032
0
0
33617042
0
0
0
0
0
0
0
0
0
0
0
0
0
0
0
0
0
0
0
0
0
0
89926827
0
13254000
0
0
0
93112487
0
0
0
0
0
0
0
0
0
0
176164407
0
0
0
0
0
0
0
0
0
0
32837147
0
0
0
0
0
0
0
0
0
0
153575178
0
0
0
0
0
76090553
78584775
0
0
0
0
111090777
0
0
0
0
0
0
0
0
0
0
0
0
0
0
0
0
0
0
0
0
0
0
0
0
0
0
0
0
0
161797103
0
0
0
0
0
0
0
0
0
0
0
0
0
0
0
0
0
0
0
0
0
0
176988392
0
0
0
0
0
0
0
0
0
0
0
0
0
0
0
0
0
0
0
0
0
0
0
0
0
0
0
0
0
0
0
0
0
0
176065100
0
0
0
0
0
0
0
0
0
0
0
0
0
0
0
0
182634738
0
0
0
0
0
0
0
160577225
0
0
0
0
0
0
0
0
0
0
0
0
0
0
0
0
0
0
0
0
0
0
0
0
0
0
0
113818625
0
127414475
177456153
0
0
0
154616462
0
0
0
0
0
0
0
0
178465188
0
0
0
168259368
0
0
0
0
0
0
0
0
0
0
0
0
0
0
0
0
0
0
0
0
0
0
0
0
0
0
0
121887350
0
0
0
0
0
0
0
0
41692098
0
0
0
0
0
0
155643213
0
56693888
0
0
0
0
0
0
0
0
0
0
130235300
0
0
0
0
0
0
0
0
0
0
0
0
0
0
0
0
0
0
80956673
0
0
0
0
0
0
39868032
0
0
0
0
0
0
0
0
0
0
0
0
0
0
0
0
0
0
0
0
0
0
0
0
145272117
0
0
0
0
0
169933292
0
0
0
0
0
0
0
0
0
0
0
0
0
0
0
0
173629875
0
0
0
0
0
0
182186862
142344675
0
0
137707548
0
0
179980857
0
0
0
167776692
0
0
0
0
0
0
0
0
0
117427800
0
0
0
0
0
0
175083888
0
0
0
0
0
0
0
0
0
147939875
0
150535242
0
0
0
0
0
0
0
0
0
0
0
0
0
0
0
0
0
0
0
0
0
0
0
0
31096797
0
145559778
0
0
0
142290282
0
0
0
0
0
0
0
0
0
0
0
125568738
0
0
130585347
0
0
0
0
0
0
0
0
0
0
0
0
0
0
0
0
0
0
0
0
0
76785873
0
0
0
0
0
0
0
0
0
0
0
0
0
0
0
0
0
0
0
0
0
28801808
0
0
0
0
0
0
177017028
0
139571562
0
0
0
0
0
0
0
0
0
0
0
0
0
0
0
0
0
0
0
0
0
0
0
0
0
0
0
0
0
0
89926827
0
0
0
0
0
0
0
87947475
0
0
0
0
0
0
0
0
0
0
0
0
0
0
0
0
0
0
0
0
0
0
0
0
0
0
0
0
0
0
0
0
0
0
0
0
0
0
0
0
0
0
0
0
0
0
0
0
0
0
0
0
0
0
0
0
0
0
0
0
0
0
0
0
0
0
0
0
0
0
0
169207343
0
0
0
0
0
0
0
0
0
0
0
0
0
0
0
0
0
0
0
149258148
0
0
0
0
0
0
87490953
0
0
0
0
0
169797975
0
0
0
0
0
0
0
0
0
0
0
0
0
0
173037393
0
0
0
130667543
0
172946103
0
0
0
0
0
0
158044125
0
0
0
0
0
0
0
0
0
0
0
179383425
0
0
0
0
0
0
0
0
0
0
0
0
0
0
0
0
0
0
0
0
0
0
0
0
0
0
170614917
0
0
0
0
0
0
0
0
0
0
0
0
0
0
0
0
0
0
0
0
0
0
0
105452787
0
0
0
0
0
0
0
0
0
0
0
0
0
0
0
0
0
0
0
0
0
0
0
0
0
0
0
0
0
0
167348850
0
111654918
112001903
0
0
0
0
0
0
0
0
0
0
126681902
79159548
0
0
0
177162783
172789992
0
0
0
0
0
173527893
0
122606250
0
0
0
0
0
0
85778136
0
0
64297233
0
0
0
0
0
0
0
0
0
0
0
0
0
0
0
0
0
0
0
0
0
0
0
0
67972713
0
0
0
0
0
98277452
0
0
0
0
0
0
0
0
0
0
0
0
0
0
0
0
0
0
0
0
0
0
0
0
177796203
0
0
0
0
0
0
0
0
80052875
0
0
0
36887607
0
0
134151353
0
0
0
0
0
0
0
0
0
0
0
76105203
0
0
0
183304932
14395823
0
0
0
0
0
0
131190038
0
0
0
0
0
0
0
